
===========================================================================
report_checks -path_delay max (Setup)
============================================================================
======================= Typical Corner ===================================

Startpoint: detector_in[0] (input port clocked by __VIRTUAL_CLK__)
Endpoint: phase_map_out[1] (output port clocked by __VIRTUAL_CLK__)
Path Group: __VIRTUAL_CLK__
Path Type: max

Fanout     Cap    Slew   Delay    Time   Description
-----------------------------------------------------------------------------
                  0.00    0.00    0.00   clock __VIRTUAL_CLK__ (rise edge)
                          0.00    0.00   clock network delay (ideal)
                          2.00    2.00 v input external delay
                  0.01    0.00    2.00 v detector_in[0] (in)
     1    0.00                           detector_in[0] (net)
                  0.01    0.00    2.00 v _4_/A (sky130_fd_sc_hd__or2_2)
                  0.05    0.28    2.28 v _4_/X (sky130_fd_sc_hd__or2_2)
     1    0.00                           _1_ (net)
                  0.05    0.00    2.28 v _5_/A (sky130_fd_sc_hd__buf_1)
                  0.19    0.23    2.52 v _5_/X (sky130_fd_sc_hd__buf_1)
     1    0.03                           phase_map_out[1] (net)
                  0.19    0.00    2.52 v phase_map_out[1] (out)
                                  2.52   data arrival time

                  0.00   10.00   10.00   clock __VIRTUAL_CLK__ (rise edge)
                          0.00   10.00   clock network delay (ideal)
                         -0.25    9.75   clock uncertainty
                          0.00    9.75   clock reconvergence pessimism
                         -2.00    7.75   output external delay
                                  7.75   data required time
-----------------------------------------------------------------------------
                                  7.75   data required time
                                 -2.52   data arrival time
-----------------------------------------------------------------------------
                                  5.23   slack (MET)


Startpoint: detector_in[1] (input port clocked by __VIRTUAL_CLK__)
Endpoint: phase_map_out[0] (output port clocked by __VIRTUAL_CLK__)
Path Group: __VIRTUAL_CLK__
Path Type: max

Fanout     Cap    Slew   Delay    Time   Description
-----------------------------------------------------------------------------
                  0.00    0.00    0.00   clock __VIRTUAL_CLK__ (rise edge)
                          0.00    0.00   clock network delay (ideal)
                          2.00    2.00 ^ input external delay
                  0.02    0.01    2.01 ^ detector_in[1] (in)
     2    0.00                           detector_in[1] (net)
                  0.02    0.00    2.01 ^ _2_/A (sky130_fd_sc_hd__buf_1)
                  0.04    0.07    2.09 ^ _2_/X (sky130_fd_sc_hd__buf_1)
     1    0.00                           _0_ (net)
                  0.04    0.00    2.09 ^ _3_/A (sky130_fd_sc_hd__buf_1)
                  0.40    0.34    2.42 ^ _3_/X (sky130_fd_sc_hd__buf_1)
     1    0.03                           phase_map_out[0] (net)
                  0.40    0.00    2.42 ^ phase_map_out[0] (out)
                                  2.42   data arrival time

                  0.00   10.00   10.00   clock __VIRTUAL_CLK__ (rise edge)
                          0.00   10.00   clock network delay (ideal)
                         -0.25    9.75   clock uncertainty
                          0.00    9.75   clock reconvergence pessimism
                         -2.00    7.75   output external delay
                                  7.75   data required time
-----------------------------------------------------------------------------
                                  7.75   data required time
                                 -2.42   data arrival time
-----------------------------------------------------------------------------
                                  5.33   slack (MET)
