Reading library file at '/home/daquintero/.volare/volare/sky130/versions/bdc9412b3e468c102d01b7cf6337be06ec6e9c9a/sky130A/libs.ref/sky130_fd_sc_hd/lib/sky130_fd_sc_hd__tt_025C_1v80.lib'…
Reading technology LEF file at '/home/daquintero/.volare/volare/sky130/versions/bdc9412b3e468c102d01b7cf6337be06ec6e9c9a/sky130A/libs.ref/sky130_fd_sc_hd/techlef/sky130_fd_sc_hd__nom.tlef'…
[INFO ODB-0227] LEF file: /home/daquintero/.volare/volare/sky130/versions/bdc9412b3e468c102d01b7cf6337be06ec6e9c9a/sky130A/libs.ref/sky130_fd_sc_hd/techlef/sky130_fd_sc_hd__nom.tlef, created 13 layers, 25 vias
Reading cell LEF file at '/home/daquintero/.volare/volare/sky130/versions/bdc9412b3e468c102d01b7cf6337be06ec6e9c9a/sky130A/libs.ref/sky130_fd_sc_hd/lef/sky130_ef_sc_hd.lef'…
[WARNING ODB-0220] WARNING (LEFPARS-2008): NOWIREEXTENSIONATPIN statement is obsolete in version 5.6 or later.
The NOWIREEXTENSIONATPIN statement will be ignored. See file /home/daquintero/.volare/volare/sky130/versions/bdc9412b3e468c102d01b7cf6337be06ec6e9c9a/sky130A/libs.ref/sky130_fd_sc_hd/lef/sky130_ef_sc_hd.lef at line 2.

[INFO ODB-0227] LEF file: /home/daquintero/.volare/volare/sky130/versions/bdc9412b3e468c102d01b7cf6337be06ec6e9c9a/sky130A/libs.ref/sky130_fd_sc_hd/lef/sky130_ef_sc_hd.lef, created 4 library cells
Reading cell LEF file at '/home/daquintero/.volare/volare/sky130/versions/bdc9412b3e468c102d01b7cf6337be06ec6e9c9a/sky130A/libs.ref/sky130_fd_sc_hd/lef/sky130_fd_sc_hd.lef'…
[WARNING ODB-0220] WARNING (LEFPARS-2008): NOWIREEXTENSIONATPIN statement is obsolete in version 5.6 or later.
The NOWIREEXTENSIONATPIN statement will be ignored. See file /home/daquintero/.volare/volare/sky130/versions/bdc9412b3e468c102d01b7cf6337be06ec6e9c9a/sky130A/libs.ref/sky130_fd_sc_hd/lef/sky130_fd_sc_hd.lef at line 2.

[INFO ODB-0227] LEF file: /home/daquintero/.volare/volare/sky130/versions/bdc9412b3e468c102d01b7cf6337be06ec6e9c9a/sky130A/libs.ref/sky130_fd_sc_hd/lef/sky130_fd_sc_hd.lef, created 437 library cells
Reading top-level netlist at '/home/daquintero/phd/piel/docs/examples/07_full_flow_demo_electronic_photonic/full_flow_demo/full_flow_demo/runs/RUN_2024-06-20_14-47-46/01-yosys-synthesis/top.nl.v'…
Linking design 'top' from netlist…
Reading design constraints file at '/nix/store/9jb8wsk32ny2yy5ghcaq3y7mbmmavi2c-python3.11-openlane/lib/python3.11/site-packages/openlane/scripts/base.sdc'…
[WARNING STA-0366] port 'None' not found.
[INFO] Using clock None…
[INFO] Setting output delay to: 3
[INFO] Setting input delay to: 3
[WARNING STA-0366] port 'None' not found.
[INFO] Setting load to: 0.033442
[INFO] Setting clock uncertainty to: 0.25
[INFO] Setting clock transition to: 0.1499999999999999944488848768742172978818416595458984375
[WARNING STA-0419] transition time can not be specified for virtual clocks.
[INFO] Setting timing derate to: 5%
Using site height: 2.72 and site width: 0.46…
[INFO] Using absolute sizing for the floorplan.
[INFO IFP-0001] Added 10 rows of 84 site unithd.
[INFO IFP-0030] Inserted 0 tiecells using sky130_fd_sc_hd__conb_1/LO.
[INFO IFP-0030] Inserted 0 tiecells using sky130_fd_sc_hd__conb_1/HI.
[INFO] Extracting DIE_AREA and CORE_AREA from the floorplan
[INFO] Floorplanned on a die area of 0.0 0.0 50.0 50.0 (µm).
[INFO] Floorplanned on a core area of 5.52 10.88 44.16 38.08 (µm).
Writing metric design__die__bbox: 0.0 0.0 50.0 50.0
Writing metric design__core__bbox: 5.52 10.88 44.16 38.08
Setting global connections for newly added cells…
[INFO] Setting global connections...
Writing OpenROAD database to '/home/daquintero/phd/piel/docs/examples/07_full_flow_demo_electronic_photonic/full_flow_demo/full_flow_demo/runs/RUN_2024-06-20_14-47-46/03-openroad-floorplan/top.odb'…
Writing netlist to '/home/daquintero/phd/piel/docs/examples/07_full_flow_demo_electronic_photonic/full_flow_demo/full_flow_demo/runs/RUN_2024-06-20_14-47-46/03-openroad-floorplan/top.nl.v'…
Writing powered netlist to '/home/daquintero/phd/piel/docs/examples/07_full_flow_demo_electronic_photonic/full_flow_demo/full_flow_demo/runs/RUN_2024-06-20_14-47-46/03-openroad-floorplan/top.pnl.v'…
Writing layout to '/home/daquintero/phd/piel/docs/examples/07_full_flow_demo_electronic_photonic/full_flow_demo/full_flow_demo/runs/RUN_2024-06-20_14-47-46/03-openroad-floorplan/top.def'…
Writing timing constraints to '/home/daquintero/phd/piel/docs/examples/07_full_flow_demo_electronic_photonic/full_flow_demo/full_flow_demo/runs/RUN_2024-06-20_14-47-46/03-openroad-floorplan/top.sdc'…
