
===========================================================================
report_checks -path_delay min (Hold)
============================================================================
======================= nom_tt_025C_1v80 Corner ===================================

Startpoint: detector_in[1] (input port clocked by __VIRTUAL_CLK__)
Endpoint: phase_map_out[0] (output port clocked by __VIRTUAL_CLK__)
Path Group: __VIRTUAL_CLK__
Path Type: min

Fanout         Cap        Slew       Delay        Time   Description
---------------------------------------------------------------------------------------------
                      0.000000    0.000000    0.000000   clock __VIRTUAL_CLK__ (rise edge)
                                  0.000000    0.000000   clock network delay (ideal)
                                  2.000000    2.000000 v input external delay
                      0.010220    0.005309    2.005309 v detector_in[1] (in)
     2    0.003336                                       detector_in[1] (net)
                      0.010220    0.000000    2.005309 v _2_/A (sky130_fd_sc_hd__buf_1)
                      0.023302    0.068572    2.073881 v _2_/X (sky130_fd_sc_hd__buf_1)
     1    0.002015                                       _0_ (net)
                      0.023302    0.000000    2.073881 v _3_/A (sky130_fd_sc_hd__buf_1)
                      0.194168    0.209120    2.283001 v _3_/X (sky130_fd_sc_hd__buf_1)
     1    0.033442                                       phase_map_out[0] (net)
                      0.194168    0.000000    2.283001 v phase_map_out[0] (out)
                                              2.283001   data arrival time

                      0.000000    0.000000    0.000000   clock __VIRTUAL_CLK__ (rise edge)
                                  0.000000    0.000000   clock network delay (ideal)
                                  0.250000    0.250000   clock uncertainty
                                  0.000000    0.250000   clock reconvergence pessimism
                                 -2.000000   -1.750000   output external delay
                                             -1.750000   data required time
---------------------------------------------------------------------------------------------
                                             -1.750000   data required time
                                             -2.283001   data arrival time
---------------------------------------------------------------------------------------------
                                              4.033001   slack (MET)


Startpoint: detector_in[0] (input port clocked by __VIRTUAL_CLK__)
Endpoint: phase_map_out[1] (output port clocked by __VIRTUAL_CLK__)
Path Group: __VIRTUAL_CLK__
Path Type: min

Fanout         Cap        Slew       Delay        Time   Description
---------------------------------------------------------------------------------------------
                      0.000000    0.000000    0.000000   clock __VIRTUAL_CLK__ (rise edge)
                                  0.000000    0.000000   clock network delay (ideal)
                                  2.000000    2.000000 ^ input external delay
                      0.014903    0.005988    2.005988 ^ detector_in[0] (in)
     1    0.001570                                       detector_in[0] (net)
                      0.014903    0.000000    2.005988 ^ _4_/A (sky130_fd_sc_hd__or2_2)
                      0.026853    0.081386    2.087374 ^ _4_/X (sky130_fd_sc_hd__or2_2)
     1    0.002191                                       _1_ (net)
                      0.026853    0.000000    2.087374 ^ _5_/A (sky130_fd_sc_hd__buf_1)
                      0.395727    0.316059    2.403434 ^ _5_/X (sky130_fd_sc_hd__buf_1)
     1    0.033442                                       phase_map_out[1] (net)
                      0.395727    0.000000    2.403434 ^ phase_map_out[1] (out)
                                              2.403434   data arrival time

                      0.000000    0.000000    0.000000   clock __VIRTUAL_CLK__ (rise edge)
                                  0.000000    0.000000   clock network delay (ideal)
                                  0.250000    0.250000   clock uncertainty
                                  0.000000    0.250000   clock reconvergence pessimism
                                 -2.000000   -1.750000   output external delay
                                             -1.750000   data required time
---------------------------------------------------------------------------------------------
                                             -1.750000   data required time
                                             -2.403434   data arrival time
---------------------------------------------------------------------------------------------
                                              4.153434   slack (MET)
