Reading OpenROAD database at '/home/daquintero/piel/docs/examples/designs/amaranth_driven_flow/amaranth_driven_flow/runs/RUN_2023-09-06_14-17-18/15-openroad-ioplacement/top.odb'…
Reading library file at '/home/daquintero/piel/docs/examples/designs/amaranth_driven_flow/amaranth_driven_flow/runs/RUN_2023-09-06_14-17-18/tmp/dbd258de15d844078f61a3de7d685d2f.lib'…
Reading design constraints file at '/nix/store/6bashvprv9zy5nqj9cccwzgsz86y8jli-python3.10-openlane/lib/python3.10/site-packages/openlane/scripts/base.sdc'…
[WARNING STA-0337] port '__VIRTUAL_CLK__' not found.
[INFO] Using clock __VIRTUAL_CLK__…
[INFO] Setting output delay to: 2
[INFO] Setting input delay to: 2
[WARNING STA-0337] port '__VIRTUAL_CLK__' not found.
[INFO] Setting load to: 0.033442
[INFO] Setting clock uncertainty to: 0.25
[INFO] Setting clock transition to: 0.1499999999999999944488848768742172978818416595458984375
[WARNING STA-0559] transition time can not be specified for virtual clocks.
[INFO] Setting timing derate to: 5%
[INFO] Setting global connections...
adding -skip_trim to pdngen
[INFO PDN-0001] Inserting grid: stdcell_grid
[INFO PSM-0076] Setting metal node density to be standard cell height times 5.
[INFO PSM-0031] Number of PDN nodes on net VPWR = 87.
[INFO PSM-0064] Number of voltage sources = 3.
[INFO PSM-0040] All PDN stripes on net VPWR are connected.
[INFO PSM-0076] Setting metal node density to be standard cell height times 5.
[INFO PSM-0031] Number of PDN nodes on net VGND = 87.
[INFO PSM-0064] Number of voltage sources = 3.
[INFO PSM-0040] All PDN stripes on net VGND are connected.
Setting global connections for newly added cells…
[INFO] Setting global connections...
Writing OpenROAD database to '/home/daquintero/piel/docs/examples/designs/amaranth_driven_flow/amaranth_driven_flow/runs/RUN_2023-09-06_14-17-18/18-openroad-generatepdn/top.odb'…
Writing netlist to '/home/daquintero/piel/docs/examples/designs/amaranth_driven_flow/amaranth_driven_flow/runs/RUN_2023-09-06_14-17-18/18-openroad-generatepdn/top.nl.v'…
Writing powered netlist to '/home/daquintero/piel/docs/examples/designs/amaranth_driven_flow/amaranth_driven_flow/runs/RUN_2023-09-06_14-17-18/18-openroad-generatepdn/top.pnl.v'…
Writing layout to '/home/daquintero/piel/docs/examples/designs/amaranth_driven_flow/amaranth_driven_flow/runs/RUN_2023-09-06_14-17-18/18-openroad-generatepdn/top.def'…
