Reading OpenROAD database at '/home/daquintero/phd/piel/docs/examples/07_full_flow_demo_electronic_photonic/full_flow_demo/full_flow_demo/runs/RUN_2024-06-20_14-47-46/11-openroad-detailedrouting/top.odb'…
Reading library file at '/home/daquintero/.volare/volare/sky130/versions/bdc9412b3e468c102d01b7cf6337be06ec6e9c9a/sky130A/libs.ref/sky130_fd_sc_hd/lib/sky130_fd_sc_hd__tt_025C_1v80.lib'…
Reading design constraints file at '/nix/store/9jb8wsk32ny2yy5ghcaq3y7mbmmavi2c-python3.11-openlane/lib/python3.11/site-packages/openlane/scripts/base.sdc'…
[WARNING STA-0366] port 'None' not found.
[INFO] Using clock None…
[INFO] Setting output delay to: 3
[INFO] Setting input delay to: 3
[WARNING STA-0366] port 'None' not found.
[INFO] Setting load to: 0.033442
[INFO] Setting clock uncertainty to: 0.25
[INFO] Setting clock transition to: 0.1499999999999999944488848768742172978818416595458984375
[WARNING STA-0419] transition time can not be specified for virtual clocks.
[INFO] Setting timing derate to: 5%
sky130_ef_sc_hd__decap_12 sky130_fd_sc_hd__decap_8 sky130_fd_sc_hd__decap_6 sky130_fd_sc_hd__decap_4 sky130_fd_sc_hd__decap_3 sky130_fd_sc_hd__fill*
[INFO DPL-0001] Placed 82 filler instances.
Setting global connections for newly added cells…
[INFO] Setting global connections...
Writing OpenROAD database to '/home/daquintero/phd/piel/docs/examples/07_full_flow_demo_electronic_photonic/full_flow_demo/full_flow_demo/runs/RUN_2024-06-20_14-47-46/12-openroad-fillinsertion/top.odb'…
Writing netlist to '/home/daquintero/phd/piel/docs/examples/07_full_flow_demo_electronic_photonic/full_flow_demo/full_flow_demo/runs/RUN_2024-06-20_14-47-46/12-openroad-fillinsertion/top.nl.v'…
Writing powered netlist to '/home/daquintero/phd/piel/docs/examples/07_full_flow_demo_electronic_photonic/full_flow_demo/full_flow_demo/runs/RUN_2024-06-20_14-47-46/12-openroad-fillinsertion/top.pnl.v'…
Writing layout to '/home/daquintero/phd/piel/docs/examples/07_full_flow_demo_electronic_photonic/full_flow_demo/full_flow_demo/runs/RUN_2024-06-20_14-47-46/12-openroad-fillinsertion/top.def'…
Writing timing constraints to '/home/daquintero/phd/piel/docs/examples/07_full_flow_demo_electronic_photonic/full_flow_demo/full_flow_demo/runs/RUN_2024-06-20_14-47-46/12-openroad-fillinsertion/top.sdc'…
