Reading timing models for corner max_tt_025C_1v80…
Reading timing library for the 'max_tt_025C_1v80' corner at '/home/daquintero/.volare/sky130A/libs.ref/sky130_fd_sc_hd/lib/sky130_fd_sc_hd__tt_025C_1v80.lib'…
Reading top-level netlist at '/home/daquintero/piel/docs/examples/designs/amaranth_driven_flow/amaranth_driven_flow/runs/RUN_2023-09-06_14-17-18/38-openroad-fillinsertion/top.nl.v'…
Linking design 'top' from netlist…
Warning: /home/daquintero/piel/docs/examples/designs/amaranth_driven_flow/amaranth_driven_flow/runs/RUN_2023-09-06_14-17-18/38-openroad-fillinsertion/top.nl.v line 48, module sky130_fd_sc_hd__tapvpwrvgnd_1 not found. Creating black box for TAP_26.
Warning: /home/daquintero/piel/docs/examples/designs/amaranth_driven_flow/amaranth_driven_flow/runs/RUN_2023-09-06_14-17-18/38-openroad-fillinsertion/top.nl.v line 63, module sky130_ef_sc_hd__decap_12 not found. Creating black box for FILLER_0_0_6.
Warning: /home/daquintero/piel/docs/examples/designs/amaranth_driven_flow/amaranth_driven_flow/runs/RUN_2023-09-06_14-17-18/38-openroad-fillinsertion/top.nl.v line 66, module sky130_fd_sc_hd__fill_2 not found. Creating black box for FILLER_0_0_26.
Warning: /home/daquintero/piel/docs/examples/designs/amaranth_driven_flow/amaranth_driven_flow/runs/RUN_2023-09-06_14-17-18/38-openroad-fillinsertion/top.nl.v line 77, module sky130_fd_sc_hd__fill_1 not found. Creating black box for FILLER_0_1_47.
Reading design constraints file at '/nix/store/6bashvprv9zy5nqj9cccwzgsz86y8jli-python3.10-openlane/lib/python3.10/site-packages/openlane/scripts/base.sdc'…
Warning: base.sdc line 15, port '__VIRTUAL_CLK__' not found.
[INFO] Using clock __VIRTUAL_CLK__…
[INFO] Setting output delay to: 2
[INFO] Setting input delay to: 2
Warning: base.sdc line 29, port '__VIRTUAL_CLK__' not found.
[INFO] Setting load to: 0.033442
[INFO] Setting clock uncertainty to: 0.25
[INFO] Setting clock transition to: 0.1499999999999999944488848768742172978818416595458984375
Warning: base.sdc line 66, transition time can not be specified for virtual clocks.
[INFO] Setting timing derate to: 5%
Reading top-level design parasitics for the 'max_tt_025C_1v80' corner at '/home/daquintero/piel/docs/examples/designs/amaranth_driven_flow/amaranth_driven_flow/runs/RUN_2023-09-06_14-17-18/39-openroad-rcx/max_/top.max_.spef'…
Warning: corner.tcl line 46, virtual clock __VIRTUAL_CLK__ can not be propagated.
%OL_CREATE_REPORT min.rpt

===========================================================================
report_checks -path_delay min (Hold)
============================================================================
======================= max_tt_025C_1v80 Corner ===================================

Startpoint: detector_in[1] (input port clocked by __VIRTUAL_CLK__)
Endpoint: phase_map_out[0] (output port clocked by __VIRTUAL_CLK__)
Path Group: __VIRTUAL_CLK__
Path Type: min

Fanout         Cap        Slew       Delay        Time   Description
---------------------------------------------------------------------------------------------
                      0.000000    0.000000    0.000000   clock __VIRTUAL_CLK__ (rise edge)
                                  0.000000    0.000000   clock network delay (ideal)
                                  2.000000    2.000000 v input external delay
                      0.008005    0.004023    2.004023 v detector_in[1] (in)
     1    0.002534                                       detector_in[1] (net)
                      0.008007    0.000000    2.004023 v input2/A (sky130_fd_sc_hd__buf_1)
                      0.053499    0.095997    2.100019 v input2/X (sky130_fd_sc_hd__buf_1)
     2    0.007994                                       net2 (net)
                      0.053504    0.000430    2.100449 v _2_/A (sky130_fd_sc_hd__clkbuf_1)
                      0.023724    0.088053    2.188502 v _2_/X (sky130_fd_sc_hd__clkbuf_1)
     1    0.002247                                       _0_ (net)
                      0.023725    0.000103    2.188605 v _3_/A (sky130_fd_sc_hd__clkbuf_1)
                      0.028599    0.080032    2.268637 v _3_/X (sky130_fd_sc_hd__clkbuf_1)
     1    0.003191                                       net3 (net)
                      0.028601    0.000195    2.268833 v output3/A (sky130_fd_sc_hd__clkbuf_4)
                      0.080797    0.175412    2.444245 v output3/X (sky130_fd_sc_hd__clkbuf_4)
     1    0.034842                                       phase_map_out[0] (net)
                      0.080854    0.001779    2.446024 v phase_map_out[0] (out)
                                              2.446024   data arrival time

                      0.000000    0.000000    0.000000   clock __VIRTUAL_CLK__ (rise edge)
                                  0.000000    0.000000   clock network delay (ideal)
                                  0.250000    0.250000   clock uncertainty
                                  0.000000    0.250000   clock reconvergence pessimism
                                 -2.000000   -1.750000   output external delay
                                             -1.750000   data required time
---------------------------------------------------------------------------------------------
                                             -1.750000   data required time
                                             -2.446024   data arrival time
---------------------------------------------------------------------------------------------
                                              4.196024   slack (MET)


Startpoint: detector_in[0] (input port clocked by __VIRTUAL_CLK__)
Endpoint: phase_map_out[1] (output port clocked by __VIRTUAL_CLK__)
Path Group: __VIRTUAL_CLK__
Path Type: min

Fanout         Cap        Slew       Delay        Time   Description
---------------------------------------------------------------------------------------------
                      0.000000    0.000000    0.000000   clock __VIRTUAL_CLK__ (rise edge)
                                  0.000000    0.000000   clock network delay (ideal)
                                  2.000000    2.000000 ^ input external delay
                      0.023617    0.013502    2.013502 ^ detector_in[0] (in)
     1    0.003694                                       detector_in[0] (net)
                      0.023618    0.000000    2.013502 ^ input1/A (sky130_fd_sc_hd__clkbuf_1)
                      0.046562    0.075054    2.088556 ^ input1/X (sky130_fd_sc_hd__clkbuf_1)
     1    0.003033                                       net1 (net)
                      0.046563    0.000169    2.088724 ^ _4_/A (sky130_fd_sc_hd__or2_1)
                      0.036066    0.087322    2.176046 ^ _4_/X (sky130_fd_sc_hd__or2_1)
     1    0.002353                                       _1_ (net)
                      0.036066    0.000108    2.176154 ^ _5_/A (sky130_fd_sc_hd__clkbuf_1)
                      0.047299    0.079887    2.256041 ^ _5_/X (sky130_fd_sc_hd__clkbuf_1)
     1    0.003103                                       net4 (net)
                      0.047300    0.000203    2.256244 ^ output4/A (sky130_fd_sc_hd__buf_2)
                      0.169843    0.197784    2.454028 ^ output4/X (sky130_fd_sc_hd__buf_2)
     1    0.034161                                       phase_map_out[1] (net)
                      0.169866    0.001671    2.455699 ^ phase_map_out[1] (out)
                                              2.455699   data arrival time

                      0.000000    0.000000    0.000000   clock __VIRTUAL_CLK__ (rise edge)
                                  0.000000    0.000000   clock network delay (ideal)
                                  0.250000    0.250000   clock uncertainty
                                  0.000000    0.250000   clock reconvergence pessimism
                                 -2.000000   -1.750000   output external delay
                                             -1.750000   data required time
---------------------------------------------------------------------------------------------
                                             -1.750000   data required time
                                             -2.455699   data arrival time
---------------------------------------------------------------------------------------------
                                              4.205699   slack (MET)



%OL_END_REPORT
%OL_CREATE_REPORT max.rpt

===========================================================================
report_checks -path_delay max (Setup)
============================================================================
======================= max_tt_025C_1v80 Corner ===================================

Startpoint: detector_in[1] (input port clocked by __VIRTUAL_CLK__)
Endpoint: phase_map_out[1] (output port clocked by __VIRTUAL_CLK__)
Path Group: __VIRTUAL_CLK__
Path Type: max

Fanout         Cap        Slew       Delay        Time   Description
---------------------------------------------------------------------------------------------
                      0.000000    0.000000    0.000000   clock __VIRTUAL_CLK__ (rise edge)
                                  0.000000    0.000000   clock network delay (ideal)
                                  2.000000    2.000000 v input external delay
                      0.008005    0.004023    2.004023 v detector_in[1] (in)
     1    0.002534                                       detector_in[1] (net)
                      0.008007    0.000000    2.004023 v input2/A (sky130_fd_sc_hd__buf_1)
                      0.053499    0.095997    2.100019 v input2/X (sky130_fd_sc_hd__buf_1)
     2    0.007994                                       net2 (net)
                      0.053506    0.000497    2.100517 v _4_/B (sky130_fd_sc_hd__or2_1)
                      0.044408    0.198931    2.299447 v _4_/X (sky130_fd_sc_hd__or2_1)
     1    0.002177                                       _1_ (net)
                      0.044408    0.000100    2.299547 v _5_/A (sky130_fd_sc_hd__clkbuf_1)
                      0.027312    0.087836    2.387383 v _5_/X (sky130_fd_sc_hd__clkbuf_1)
     1    0.002943                                       net4 (net)
                      0.027314    0.000189    2.387572 v output4/A (sky130_fd_sc_hd__buf_2)
                      0.089846    0.171482    2.559054 v output4/X (sky130_fd_sc_hd__buf_2)
     1    0.034161                                       phase_map_out[1] (net)
                      0.089889    0.001669    2.560724 v phase_map_out[1] (out)
                                              2.560724   data arrival time

                      0.000000   10.000000   10.000000   clock __VIRTUAL_CLK__ (rise edge)
                                  0.000000   10.000000   clock network delay (ideal)
                                 -0.250000    9.750000   clock uncertainty
                                  0.000000    9.750000   clock reconvergence pessimism
                                 -2.000000    7.750000   output external delay
                                              7.750000   data required time
---------------------------------------------------------------------------------------------
                                              7.750000   data required time
                                             -2.560724   data arrival time
---------------------------------------------------------------------------------------------
                                              5.189277   slack (MET)


Startpoint: detector_in[1] (input port clocked by __VIRTUAL_CLK__)
Endpoint: phase_map_out[0] (output port clocked by __VIRTUAL_CLK__)
Path Group: __VIRTUAL_CLK__
Path Type: max

Fanout         Cap        Slew       Delay        Time   Description
---------------------------------------------------------------------------------------------
                      0.000000    0.000000    0.000000   clock __VIRTUAL_CLK__ (rise edge)
                                  0.000000    0.000000   clock network delay (ideal)
                                  2.000000    2.000000 ^ input external delay
                      0.019348    0.010046    2.010046 ^ detector_in[1] (in)
     1    0.002710                                       detector_in[1] (net)
                      0.019349    0.000000    2.010046 ^ input2/A (sky130_fd_sc_hd__buf_1)
                      0.105889    0.115667    2.125713 ^ input2/X (sky130_fd_sc_hd__buf_1)
     2    0.008345                                       net2 (net)
                      0.105892    0.000454    2.126167 ^ _2_/A (sky130_fd_sc_hd__clkbuf_1)
                      0.040682    0.094085    2.220252 ^ _2_/X (sky130_fd_sc_hd__clkbuf_1)
     1    0.002423                                       _0_ (net)
                      0.040683    0.000112    2.220364 ^ _3_/A (sky130_fd_sc_hd__clkbuf_1)
                      0.050970    0.084141    2.304505 ^ _3_/X (sky130_fd_sc_hd__clkbuf_1)
     1    0.003435                                       net3 (net)
                      0.050971    0.000216    2.304720 ^ output3/A (sky130_fd_sc_hd__clkbuf_4)
                      0.113871    0.187212    2.491932 ^ output3/X (sky130_fd_sc_hd__clkbuf_4)
     1    0.034842                                       phase_map_out[0] (net)
                      0.113913    0.001781    2.493713 ^ phase_map_out[0] (out)
                                              2.493713   data arrival time

                      0.000000   10.000000   10.000000   clock __VIRTUAL_CLK__ (rise edge)
                                  0.000000   10.000000   clock network delay (ideal)
                                 -0.250000    9.750000   clock uncertainty
                                  0.000000    9.750000   clock reconvergence pessimism
                                 -2.000000    7.750000   output external delay
                                              7.750000   data required time
---------------------------------------------------------------------------------------------
                                              7.750000   data required time
                                             -2.493713   data arrival time
---------------------------------------------------------------------------------------------
                                              5.256287   slack (MET)



%OL_END_REPORT
%OL_CREATE_REPORT checks.rpt

===========================================================================
report_checks -unconstrained
===========================================================================
======================= max_tt_025C_1v80 Corner ===================================

Startpoint: detector_in[1] (input port clocked by __VIRTUAL_CLK__)
Endpoint: phase_map_out[1] (output port clocked by __VIRTUAL_CLK__)
Path Group: __VIRTUAL_CLK__
Path Type: max

Fanout         Cap        Slew       Delay        Time   Description
---------------------------------------------------------------------------------------------
                      0.000000    0.000000    0.000000   clock __VIRTUAL_CLK__ (rise edge)
                                  0.000000    0.000000   clock network delay (ideal)
                                  2.000000    2.000000 v input external delay
                      0.008005    0.004023    2.004023 v detector_in[1] (in)
     1    0.002534                                       detector_in[1] (net)
                      0.008007    0.000000    2.004023 v input2/A (sky130_fd_sc_hd__buf_1)
                      0.053499    0.095997    2.100019 v input2/X (sky130_fd_sc_hd__buf_1)
     2    0.007994                                       net2 (net)
                      0.053506    0.000497    2.100517 v _4_/B (sky130_fd_sc_hd__or2_1)
                      0.044408    0.198931    2.299447 v _4_/X (sky130_fd_sc_hd__or2_1)
     1    0.002177                                       _1_ (net)
                      0.044408    0.000100    2.299547 v _5_/A (sky130_fd_sc_hd__clkbuf_1)
                      0.027312    0.087836    2.387383 v _5_/X (sky130_fd_sc_hd__clkbuf_1)
     1    0.002943                                       net4 (net)
                      0.027314    0.000189    2.387572 v output4/A (sky130_fd_sc_hd__buf_2)
                      0.089846    0.171482    2.559054 v output4/X (sky130_fd_sc_hd__buf_2)
     1    0.034161                                       phase_map_out[1] (net)
                      0.089889    0.001669    2.560724 v phase_map_out[1] (out)
                                              2.560724   data arrival time

                      0.000000   10.000000   10.000000   clock __VIRTUAL_CLK__ (rise edge)
                                  0.000000   10.000000   clock network delay (ideal)
                                 -0.250000    9.750000   clock uncertainty
                                  0.000000    9.750000   clock reconvergence pessimism
                                 -2.000000    7.750000   output external delay
                                              7.750000   data required time
---------------------------------------------------------------------------------------------
                                              7.750000   data required time
                                             -2.560724   data arrival time
---------------------------------------------------------------------------------------------
                                              5.189277   slack (MET)




===========================================================================
report_checks --slack_max -0.01
============================================================================
======================= max_tt_025C_1v80 Corner ===================================

No paths found.


===========================================================================
 report_check_types -max_slew -max_cap -max_fanout -violators
============================================================================
======================= max_tt_025C_1v80 Corner ===================================



===========================================================================
report_parasitic_annotation -report_unannotated
============================================================================
Found 0 unannotated drivers.
Found 0 partially unannotated drivers.

===========================================================================
max slew violation count 0
%OL_METRIC_I design__max_slew_violation__count__corner:max_tt_025C_1v80 0
max fanout violation count 0
%OL_METRIC_I design__max_fanout_violation__count__corner:max_tt_025C_1v80 0
max cap violation count 0
%OL_METRIC_I design__max_cap_violation__count__corner:max_tt_025C_1v80 0
============================================================================

===========================================================================
check_setup -verbose -unconstrained_endpoints -multiple_clock -no_clock -no_input_delay -loops -generated_clocks
===========================================================================
%OL_END_REPORT
%OL_CREATE_REPORT power.rpt

===========================================================================
 report_power
============================================================================
======================= max_tt_025C_1v80 Corner ===================================

Group                    Internal    Switching      Leakage        Total
                            Power        Power        Power        Power (Watts)
------------------------------------------------------------------------
Sequential           0.000000e+00 0.000000e+00 0.000000e+00 0.000000e+00   0.0%
Combinational        8.797663e-07 1.485473e-06 1.523709e-10 2.365392e-06 100.0%
Macro                0.000000e+00 0.000000e+00 0.000000e+00 0.000000e+00   0.0%
Pad                  0.000000e+00 0.000000e+00 0.000000e+00 0.000000e+00   0.0%
------------------------------------------------------------------------
Total                8.797663e-07 1.485473e-06 1.523709e-10 2.365392e-06 100.0%
                            37.2%        62.8%         0.0%

%OL_END_REPORT
%OL_CREATE_REPORT skew.min.rpt

===========================================================================
Clock Skew (Hold)
============================================================================
%OL_METRIC_F clock__skew__worst_hold__corner:max_tt_025C_1v80 0.000000
======================= max_tt_025C_1v80 Corner ===================================

Clock __VIRTUAL_CLK__
No launch/capture paths found.

%OL_END_REPORT
%OL_CREATE_REPORT skew.max.rpt

===========================================================================
Clock Skew (Setup)
============================================================================
%OL_METRIC_F clock__skew__worst_setup__corner:max_tt_025C_1v80 0.000000
======================= max_tt_025C_1v80 Corner ===================================

Clock __VIRTUAL_CLK__
No launch/capture paths found.

%OL_END_REPORT
%OL_CREATE_REPORT ws.min.rpt

===========================================================================
Worst Slack (Hold)
============================================================================
%OL_METRIC_F timing__hold__ws__corner:max_tt_025C_1v80 4.196024
max_tt_025C_1v80: 4.196024
%OL_END_REPORT
%OL_CREATE_REPORT ws.max.rpt

===========================================================================
Worst Slack (Setup)
============================================================================
%OL_METRIC_F timing__setup__ws__corner:max_tt_025C_1v80 5.189277
max_tt_025C_1v80: 5.189277
%OL_END_REPORT
%OL_CREATE_REPORT tns.min.rpt

===========================================================================
Total Negative Slack (Hold)
============================================================================
%OL_METRIC_F timing__hold__tns__corner:max_tt_025C_1v80 0.000000
max_tt_025C_1v80: 0.000000
%OL_END_REPORT
%OL_CREATE_REPORT tns.max.rpt

===========================================================================
Total Negative Slack (Setup)
============================================================================
%OL_METRIC_F timing__setup__tns__corner:max_tt_025C_1v80 0.000000
max_tt_025C_1v80: 0.000000
%OL_END_REPORT
%OL_CREATE_REPORT wns.min.rpt

===========================================================================
Worst Negative Slack (Hold)
============================================================================
%OL_METRIC_F timing__hold__wns__corner:max_tt_025C_1v80 0
max_tt_025C_1v80: 0
%OL_END_REPORT
%OL_CREATE_REPORT wns.max.rpt

===========================================================================
Worst Negative Slack (Setup)
============================================================================
%OL_METRIC_F timing__setup__wns__corner:max_tt_025C_1v80 0.0
max_tt_025C_1v80: 0.0
%OL_END_REPORT
%OL_CREATE_REPORT violator_list.rpt

===========================================================================
Violator List
============================================================================
%OL_METRIC_I timing__hold_vio__count__corner:max_tt_025C_1v80 0
%OL_METRIC_I timing__hold_r2r_vio__count__corner:max_tt_025C_1v80 0
%OL_METRIC_I timing__setup_vio__count__corner:max_tt_025C_1v80 0
%OL_METRIC_I timing__setup_r2r_vio__count__corner:max_tt_025C_1v80 0
%OL_END_REPORT
Writing SDF files for all corners…
Writing timing models for all corners…
Writing timing models for the max_tt_025C_1v80 corner to /home/daquintero/piel/docs/examples/designs/amaranth_driven_flow/amaranth_driven_flow/runs/RUN_2023-09-06_14-17-18/40-openroad-stapostpnr/max_tt_025C_1v80/top__max_tt_025C_1v80.lib…
