Reading OpenROAD database at '/home/daquintero/piel/docs/examples/designs/amaranth_driven_flow/amaranth_driven_flow/runs/RUN_2023-09-06_14-17-18/27-openroad-resizertimingpostcts/top.odb'…
Reading library file at '/home/daquintero/piel/docs/examples/designs/amaranth_driven_flow/amaranth_driven_flow/runs/RUN_2023-09-06_14-17-18/tmp/dbd258de15d844078f61a3de7d685d2f.lib'…
Reading design constraints file at '/nix/store/6bashvprv9zy5nqj9cccwzgsz86y8jli-python3.10-openlane/lib/python3.10/site-packages/openlane/scripts/base.sdc'…
[WARNING STA-0337] port '__VIRTUAL_CLK__' not found.
[INFO] Using clock __VIRTUAL_CLK__…
[INFO] Setting output delay to: 2
[INFO] Setting input delay to: 2
[WARNING STA-0337] port '__VIRTUAL_CLK__' not found.
[INFO] Setting load to: 0.033442
[INFO] Setting clock uncertainty to: 0.25
[INFO] Setting clock transition to: 0.1499999999999999944488848768742172978818416595458984375
[WARNING STA-0559] transition time can not be specified for virtual clocks.
[INFO] Setting timing derate to: 5%
[WARNING RSZ-0014] wire capacitance for corner nom_tt_025C_1v80 is zero. Use the set_wire_rc command to set wire resistance and capacitance.
[WARNING STA-0357] virtual clock __VIRTUAL_CLK__ can not be propagated.
%OL_CREATE_REPORT min.rpt

===========================================================================
report_checks -path_delay min (Hold)
============================================================================
======================= nom_tt_025C_1v80 Corner ===================================

Startpoint: detector_in[1] (input port clocked by __VIRTUAL_CLK__)
Endpoint: phase_map_out[0] (output port clocked by __VIRTUAL_CLK__)
Path Group: __VIRTUAL_CLK__
Path Type: min

Fanout         Cap        Slew       Delay        Time   Description
---------------------------------------------------------------------------------------------
                      0.000000    0.000000    0.000000   clock __VIRTUAL_CLK__ (rise edge)
                                  0.000000    0.000000   clock network delay (ideal)
                                  2.000000    2.000000 v input external delay
                      0.007078    0.003088    2.003088 v detector_in[1] (in)
     1    0.002015                                       detector_in[1] (net)
                      0.007078    0.000000    2.003088 v input2/A (sky130_fd_sc_hd__buf_1)
                      0.030519    0.074755    2.077843 v input2/X (sky130_fd_sc_hd__buf_1)
     2    0.003382                                       net2 (net)
                      0.030519    0.000000    2.077843 v _2_/A (sky130_fd_sc_hd__clkbuf_1)
                      0.023309    0.076615    2.154458 v _2_/X (sky130_fd_sc_hd__clkbuf_1)
     1    0.002010                                       _0_ (net)
                      0.023309    0.000000    2.154458 v _3_/A (sky130_fd_sc_hd__clkbuf_1)
                      0.023167    0.073281    2.227740 v _3_/X (sky130_fd_sc_hd__clkbuf_1)
     1    0.001984                                       net3 (net)
                      0.023167    0.000000    2.227740 v output3/A (sky130_fd_sc_hd__clkbuf_4)
                      0.079369    0.172044    2.399784 v output3/X (sky130_fd_sc_hd__clkbuf_4)
     1    0.033442                                       phase_map_out[0] (net)
                      0.079369    0.000000    2.399784 v phase_map_out[0] (out)
                                              2.399784   data arrival time

                      0.000000    0.000000    0.000000   clock __VIRTUAL_CLK__ (rise edge)
                                  0.000000    0.000000   clock network delay (ideal)
                                  0.250000    0.250000   clock uncertainty
                                  0.000000    0.250000   clock reconvergence pessimism
                                 -2.000000   -1.750000   output external delay
                                             -1.750000   data required time
---------------------------------------------------------------------------------------------
                                             -1.750000   data required time
                                             -2.399784   data arrival time
---------------------------------------------------------------------------------------------
                                              4.149784   slack (MET)


Startpoint: detector_in[0] (input port clocked by __VIRTUAL_CLK__)
Endpoint: phase_map_out[1] (output port clocked by __VIRTUAL_CLK__)
Path Group: __VIRTUAL_CLK__
Path Type: min

Fanout         Cap        Slew       Delay        Time   Description
---------------------------------------------------------------------------------------------
                      0.000000    0.000000    0.000000   clock __VIRTUAL_CLK__ (rise edge)
                                  0.000000    0.000000   clock network delay (ideal)
                                  2.000000    2.000000 ^ input external delay
                      0.017679    0.008142    2.008142 ^ detector_in[0] (in)
     1    0.002186                                       detector_in[0] (net)
                      0.017679    0.000000    2.008142 ^ input1/A (sky130_fd_sc_hd__clkbuf_1)
                      0.031548    0.060738    2.068880 ^ input1/X (sky130_fd_sc_hd__clkbuf_1)
     1    0.001543                                       net1 (net)
                      0.031548    0.000000    2.068880 ^ _4_/A (sky130_fd_sc_hd__or2_1)
                      0.035556    0.080575    2.149455 ^ _4_/X (sky130_fd_sc_hd__or2_1)
     1    0.002186                                       _1_ (net)
                      0.035556    0.000000    2.149455 ^ _5_/A (sky130_fd_sc_hd__clkbuf_1)
                      0.034541    0.069134    2.218589 ^ _5_/X (sky130_fd_sc_hd__clkbuf_1)
     1    0.001807                                       net4 (net)
                      0.034541    0.000000    2.218589 ^ output4/A (sky130_fd_sc_hd__buf_2)
                      0.168819    0.191685    2.410274 ^ output4/X (sky130_fd_sc_hd__buf_2)
     1    0.033442                                       phase_map_out[1] (net)
                      0.168819    0.000000    2.410274 ^ phase_map_out[1] (out)
                                              2.410274   data arrival time

                      0.000000    0.000000    0.000000   clock __VIRTUAL_CLK__ (rise edge)
                                  0.000000    0.000000   clock network delay (ideal)
                                  0.250000    0.250000   clock uncertainty
                                  0.000000    0.250000   clock reconvergence pessimism
                                 -2.000000   -1.750000   output external delay
                                             -1.750000   data required time
---------------------------------------------------------------------------------------------
                                             -1.750000   data required time
                                             -2.410274   data arrival time
---------------------------------------------------------------------------------------------
                                              4.160274   slack (MET)



%OL_END_REPORT
%OL_CREATE_REPORT max.rpt

===========================================================================
report_checks -path_delay max (Setup)
============================================================================
======================= nom_tt_025C_1v80 Corner ===================================

Startpoint: detector_in[0] (input port clocked by __VIRTUAL_CLK__)
Endpoint: phase_map_out[1] (output port clocked by __VIRTUAL_CLK__)
Path Group: __VIRTUAL_CLK__
Path Type: max

Fanout         Cap        Slew       Delay        Time   Description
---------------------------------------------------------------------------------------------
                      0.000000    0.000000    0.000000   clock __VIRTUAL_CLK__ (rise edge)
                                  0.000000    0.000000   clock network delay (ideal)
                                  2.000000    2.000000 v input external delay
                      0.007066    0.003080    2.003080 v detector_in[0] (in)
     1    0.002010                                       detector_in[0] (net)
                      0.007066    0.000000    2.003080 v input1/A (sky130_fd_sc_hd__clkbuf_1)
                      0.020022    0.063889    2.066968 v input1/X (sky130_fd_sc_hd__clkbuf_1)
     1    0.001399                                       net1 (net)
                      0.020022    0.000000    2.066968 v _4_/A (sky130_fd_sc_hd__or2_1)
                      0.044645    0.205071    2.272039 v _4_/X (sky130_fd_sc_hd__or2_1)
     1    0.002010                                       _1_ (net)
                      0.044645    0.000000    2.272039 v _5_/A (sky130_fd_sc_hd__clkbuf_1)
                      0.021371    0.080862    2.352901 v _5_/X (sky130_fd_sc_hd__clkbuf_1)
     1    0.001647                                       net4 (net)
                      0.021371    0.000000    2.352901 v output4/A (sky130_fd_sc_hd__buf_2)
                      0.087347    0.168949    2.521850 v output4/X (sky130_fd_sc_hd__buf_2)
     1    0.033442                                       phase_map_out[1] (net)
                      0.087347    0.000000    2.521850 v phase_map_out[1] (out)
                                              2.521850   data arrival time

                      0.000000   10.000000   10.000000   clock __VIRTUAL_CLK__ (rise edge)
                                  0.000000   10.000000   clock network delay (ideal)
                                 -0.250000    9.750000   clock uncertainty
                                  0.000000    9.750000   clock reconvergence pessimism
                                 -2.000000    7.750000   output external delay
                                              7.750000   data required time
---------------------------------------------------------------------------------------------
                                              7.750000   data required time
                                             -2.521850   data arrival time
---------------------------------------------------------------------------------------------
                                              5.228150   slack (MET)


Startpoint: detector_in[1] (input port clocked by __VIRTUAL_CLK__)
Endpoint: phase_map_out[0] (output port clocked by __VIRTUAL_CLK__)
Path Group: __VIRTUAL_CLK__
Path Type: max

Fanout         Cap        Slew       Delay        Time   Description
---------------------------------------------------------------------------------------------
                      0.000000    0.000000    0.000000   clock __VIRTUAL_CLK__ (rise edge)
                                  0.000000    0.000000   clock network delay (ideal)
                                  2.000000    2.000000 ^ input external delay
                      0.017702    0.008159    2.008159 ^ detector_in[1] (in)
     1    0.002191                                       detector_in[1] (net)
                      0.017702    0.000000    2.008159 ^ input2/A (sky130_fd_sc_hd__buf_1)
                      0.056224    0.078723    2.086883 ^ input2/X (sky130_fd_sc_hd__buf_1)
     2    0.003733                                       net2 (net)
                      0.056224    0.000000    2.086883 ^ _2_/A (sky130_fd_sc_hd__clkbuf_1)
                      0.038856    0.079159    2.166042 ^ _2_/X (sky130_fd_sc_hd__clkbuf_1)
     1    0.002186                                       _0_ (net)
                      0.038856    0.000000    2.166042 ^ _3_/A (sky130_fd_sc_hd__clkbuf_1)
                      0.039263    0.073741    2.239783 ^ _3_/X (sky130_fd_sc_hd__clkbuf_1)
     1    0.002228                                       net3 (net)
                      0.039263    0.000000    2.239783 ^ output3/A (sky130_fd_sc_hd__clkbuf_4)
                      0.112683    0.181142    2.420924 ^ output3/X (sky130_fd_sc_hd__clkbuf_4)
     1    0.033442                                       phase_map_out[0] (net)
                      0.112683    0.000000    2.420924 ^ phase_map_out[0] (out)
                                              2.420924   data arrival time

                      0.000000   10.000000   10.000000   clock __VIRTUAL_CLK__ (rise edge)
                                  0.000000   10.000000   clock network delay (ideal)
                                 -0.250000    9.750000   clock uncertainty
                                  0.000000    9.750000   clock reconvergence pessimism
                                 -2.000000    7.750000   output external delay
                                              7.750000   data required time
---------------------------------------------------------------------------------------------
                                              7.750000   data required time
                                             -2.420924   data arrival time
---------------------------------------------------------------------------------------------
                                              5.329075   slack (MET)



%OL_END_REPORT
%OL_CREATE_REPORT checks.rpt

===========================================================================
report_checks -unconstrained
===========================================================================
======================= nom_tt_025C_1v80 Corner ===================================

Startpoint: detector_in[0] (input port clocked by __VIRTUAL_CLK__)
Endpoint: phase_map_out[1] (output port clocked by __VIRTUAL_CLK__)
Path Group: __VIRTUAL_CLK__
Path Type: max

Fanout         Cap        Slew       Delay        Time   Description
---------------------------------------------------------------------------------------------
                      0.000000    0.000000    0.000000   clock __VIRTUAL_CLK__ (rise edge)
                                  0.000000    0.000000   clock network delay (ideal)
                                  2.000000    2.000000 v input external delay
                      0.007066    0.003080    2.003080 v detector_in[0] (in)
     1    0.002010                                       detector_in[0] (net)
                      0.007066    0.000000    2.003080 v input1/A (sky130_fd_sc_hd__clkbuf_1)
                      0.020022    0.063889    2.066968 v input1/X (sky130_fd_sc_hd__clkbuf_1)
     1    0.001399                                       net1 (net)
                      0.020022    0.000000    2.066968 v _4_/A (sky130_fd_sc_hd__or2_1)
                      0.044645    0.205071    2.272039 v _4_/X (sky130_fd_sc_hd__or2_1)
     1    0.002010                                       _1_ (net)
                      0.044645    0.000000    2.272039 v _5_/A (sky130_fd_sc_hd__clkbuf_1)
                      0.021371    0.080862    2.352901 v _5_/X (sky130_fd_sc_hd__clkbuf_1)
     1    0.001647                                       net4 (net)
                      0.021371    0.000000    2.352901 v output4/A (sky130_fd_sc_hd__buf_2)
                      0.087347    0.168949    2.521850 v output4/X (sky130_fd_sc_hd__buf_2)
     1    0.033442                                       phase_map_out[1] (net)
                      0.087347    0.000000    2.521850 v phase_map_out[1] (out)
                                              2.521850   data arrival time

                      0.000000   10.000000   10.000000   clock __VIRTUAL_CLK__ (rise edge)
                                  0.000000   10.000000   clock network delay (ideal)
                                 -0.250000    9.750000   clock uncertainty
                                  0.000000    9.750000   clock reconvergence pessimism
                                 -2.000000    7.750000   output external delay
                                              7.750000   data required time
---------------------------------------------------------------------------------------------
                                              7.750000   data required time
                                             -2.521850   data arrival time
---------------------------------------------------------------------------------------------
                                              5.228150   slack (MET)




===========================================================================
report_checks --slack_max -0.01
============================================================================
======================= nom_tt_025C_1v80 Corner ===================================

No paths found.


===========================================================================
 report_check_types -max_slew -max_cap -max_fanout -violators
============================================================================
======================= nom_tt_025C_1v80 Corner ===================================



===========================================================================
report_parasitic_annotation -report_unannotated
============================================================================
Found 10 unannotated drivers.
 detector_in[0]
 detector_in[1]
 _2_/X
 _3_/X
 _4_/X
 _5_/X
 input1/X
 input2/X
 output3/X
 output4/X
Found 0 partially unannotated drivers.

===========================================================================
max slew violation count 0
Writing metric design__max_slew_violation__count__corner:nom_tt_025C_1v80: 0
max fanout violation count 0
Writing metric design__max_fanout_violation__count__corner:nom_tt_025C_1v80: 0
max cap violation count 0
Writing metric design__max_cap_violation__count__corner:nom_tt_025C_1v80: 0
============================================================================

===========================================================================
check_setup -verbose -unconstrained_endpoints -multiple_clock -no_clock -no_input_delay -loops -generated_clocks
===========================================================================
%OL_END_REPORT
%OL_CREATE_REPORT power.rpt

===========================================================================
 report_power
============================================================================
======================= nom_tt_025C_1v80 Corner ===================================

Group                    Internal    Switching      Leakage        Total
                            Power        Power        Power        Power (Watts)
------------------------------------------------------------------------
Sequential           0.000000e+00 0.000000e+00 0.000000e+00 0.000000e+00   0.0%
Combinational        8.800778e-07 1.305185e-06 1.005300e-10 2.185364e-06 100.0%
Macro                0.000000e+00 0.000000e+00 0.000000e+00 0.000000e+00   0.0%
Pad                  0.000000e+00 0.000000e+00 0.000000e+00 0.000000e+00   0.0%
------------------------------------------------------------------------
Total                8.800778e-07 1.305185e-06 1.005300e-10 2.185364e-06 100.0%
                            40.3%        59.7%         0.0%

%OL_END_REPORT
%OL_CREATE_REPORT skew.min.rpt

===========================================================================
Clock Skew (Hold)
============================================================================
Writing metric clock__skew__worst_hold__corner:nom_tt_025C_1v80: 0.000000
======================= nom_tt_025C_1v80 Corner ===================================

Clock __VIRTUAL_CLK__
No launch/capture paths found.

%OL_END_REPORT
%OL_CREATE_REPORT skew.max.rpt

===========================================================================
Clock Skew (Setup)
============================================================================
Writing metric clock__skew__worst_setup__corner:nom_tt_025C_1v80: 0.000000
======================= nom_tt_025C_1v80 Corner ===================================

Clock __VIRTUAL_CLK__
No launch/capture paths found.

%OL_END_REPORT
%OL_CREATE_REPORT ws.min.rpt

===========================================================================
Worst Slack (Hold)
============================================================================
Writing metric timing__hold__ws__corner:nom_tt_025C_1v80: 4.149784
nom_tt_025C_1v80: 4.149784
%OL_END_REPORT
%OL_CREATE_REPORT ws.max.rpt

===========================================================================
Worst Slack (Setup)
============================================================================
Writing metric timing__setup__ws__corner:nom_tt_025C_1v80: 5.228150
nom_tt_025C_1v80: 5.228150
%OL_END_REPORT
%OL_CREATE_REPORT tns.min.rpt

===========================================================================
Total Negative Slack (Hold)
============================================================================
Writing metric timing__hold__tns__corner:nom_tt_025C_1v80: 0.000000
nom_tt_025C_1v80: 0.000000
%OL_END_REPORT
%OL_CREATE_REPORT tns.max.rpt

===========================================================================
Total Negative Slack (Setup)
============================================================================
Writing metric timing__setup__tns__corner:nom_tt_025C_1v80: 0.000000
nom_tt_025C_1v80: 0.000000
%OL_END_REPORT
%OL_CREATE_REPORT wns.min.rpt

===========================================================================
Worst Negative Slack (Hold)
============================================================================
Writing metric timing__hold__wns__corner:nom_tt_025C_1v80: 0
nom_tt_025C_1v80: 0
%OL_END_REPORT
%OL_CREATE_REPORT wns.max.rpt

===========================================================================
Worst Negative Slack (Setup)
============================================================================
Writing metric timing__setup__wns__corner:nom_tt_025C_1v80: 0.0
nom_tt_025C_1v80: 0.0
%OL_END_REPORT
%OL_CREATE_REPORT violator_list.rpt

===========================================================================
Violator List
============================================================================
Writing metric timing__hold_vio__count__corner:nom_tt_025C_1v80: 0
Writing metric timing__hold_r2r_vio__count__corner:nom_tt_025C_1v80: 0
Writing metric timing__setup_vio__count__corner:nom_tt_025C_1v80: 0
Writing metric timing__setup_r2r_vio__count__corner:nom_tt_025C_1v80: 0
%OL_END_REPORT
