
===========================================================================
report_checks -path_delay max (Setup)
============================================================================
======================= nom_tt_025C_1v80 Corner ===================================

Startpoint: detector_in[0] (input port clocked by __VIRTUAL_CLK__)
Endpoint: phase_map_out[1] (output port clocked by __VIRTUAL_CLK__)
Path Group: __VIRTUAL_CLK__
Path Type: max

Fanout         Cap        Slew       Delay        Time   Description
---------------------------------------------------------------------------------------------
                      0.000000    0.000000    0.000000   clock __VIRTUAL_CLK__ (rise edge)
                                  0.000000    0.000000   clock network delay (ideal)
                                  2.000000    2.000000 v input external delay
                      0.005640    0.002092    2.002092 v detector_in[0] (in)
     1    0.001415                                       detector_in[0] (net)
                      0.005640    0.000000    2.002092 v _4_/A (sky130_fd_sc_hd__or2_2)
                      0.051362    0.268148    2.270239 v _4_/X (sky130_fd_sc_hd__or2_2)
     1    0.002015                                       _1_ (net)
                      0.051362    0.000000    2.270239 v _5_/A (sky130_fd_sc_hd__buf_1)
                      0.194569    0.221428    2.491668 v _5_/X (sky130_fd_sc_hd__buf_1)
     1    0.033442                                       phase_map_out[1] (net)
                      0.194569    0.000000    2.491668 v phase_map_out[1] (out)
                                              2.491668   data arrival time

                      0.000000   10.000000   10.000000   clock __VIRTUAL_CLK__ (rise edge)
                                  0.000000   10.000000   clock network delay (ideal)
                                 -0.250000    9.750000   clock uncertainty
                                  0.000000    9.750000   clock reconvergence pessimism
                                 -2.000000    7.750000   output external delay
                                              7.750000   data required time
---------------------------------------------------------------------------------------------
                                              7.750000   data required time
                                             -2.491668   data arrival time
---------------------------------------------------------------------------------------------
                                              5.258332   slack (MET)


Startpoint: detector_in[1] (input port clocked by __VIRTUAL_CLK__)
Endpoint: phase_map_out[0] (output port clocked by __VIRTUAL_CLK__)
Path Group: __VIRTUAL_CLK__
Path Type: max

Fanout         Cap        Slew       Delay        Time   Description
---------------------------------------------------------------------------------------------
                      0.000000    0.000000    0.000000   clock __VIRTUAL_CLK__ (rise edge)
                                  0.000000    0.000000   clock network delay (ideal)
                                  2.000000    2.000000 ^ input external delay
                      0.024443    0.013389    2.013389 ^ detector_in[1] (in)
     2    0.003687                                       detector_in[1] (net)
                      0.024443    0.000000    2.013389 ^ _2_/A (sky130_fd_sc_hd__buf_1)
                      0.038830    0.068496    2.081885 ^ _2_/X (sky130_fd_sc_hd__buf_1)
     1    0.002191                                       _0_ (net)
                      0.038830    0.000000    2.081885 ^ _3_/A (sky130_fd_sc_hd__buf_1)
                      0.396468    0.320982    2.402867 ^ _3_/X (sky130_fd_sc_hd__buf_1)
     1    0.033442                                       phase_map_out[0] (net)
                      0.396468    0.000000    2.402867 ^ phase_map_out[0] (out)
                                              2.402867   data arrival time

                      0.000000   10.000000   10.000000   clock __VIRTUAL_CLK__ (rise edge)
                                  0.000000   10.000000   clock network delay (ideal)
                                 -0.250000    9.750000   clock uncertainty
                                  0.000000    9.750000   clock reconvergence pessimism
                                 -2.000000    7.750000   output external delay
                                              7.750000   data required time
---------------------------------------------------------------------------------------------
                                              7.750000   data required time
                                             -2.402867   data arrival time
---------------------------------------------------------------------------------------------
                                              5.347134   slack (MET)
