
===========================================================================
report_checks -unconstrained
===========================================================================
======================= Typical Corner ===================================

Startpoint: detector_in[0] (input port clocked by __VIRTUAL_CLK__)
Endpoint: phase_map_out[1] (output port clocked by __VIRTUAL_CLK__)
Path Group: __VIRTUAL_CLK__
Path Type: max

Fanout     Cap    Slew   Delay    Time   Description
-----------------------------------------------------------------------------
                  0.00    0.00    0.00   clock __VIRTUAL_CLK__ (rise edge)
                          0.00    0.00   clock network delay (ideal)
                          2.00    2.00 v input external delay
                  0.01    0.00    2.00 v detector_in[0] (in)
     1    0.00                           detector_in[0] (net)
                  0.01    0.00    2.00 v input1/A (sky130_fd_sc_hd__clkbuf_1)
                  0.02    0.07    2.07 v input1/X (sky130_fd_sc_hd__clkbuf_1)
     1    0.00                           net1 (net)
                  0.02    0.00    2.07 v _4_/A (sky130_fd_sc_hd__or2_1)
                  0.04    0.22    2.29 v _4_/X (sky130_fd_sc_hd__or2_1)
     1    0.00                           _1_ (net)
                  0.04    0.00    2.29 v _5_/A (sky130_fd_sc_hd__clkbuf_1)
                  0.02    0.09    2.37 v _5_/X (sky130_fd_sc_hd__clkbuf_1)
     1    0.00                           net4 (net)
                  0.02    0.00    2.37 v output4/A (sky130_fd_sc_hd__clkbuf_4)
                  0.08    0.18    2.55 v output4/X (sky130_fd_sc_hd__clkbuf_4)
     1    0.03                           phase_map_out[1] (net)
                  0.08    0.00    2.55 v phase_map_out[1] (out)
                                  2.55   data arrival time

                  0.00   10.00   10.00   clock __VIRTUAL_CLK__ (rise edge)
                          0.00   10.00   clock network delay (ideal)
                         -0.25    9.75   clock uncertainty
                          0.00    9.75   clock reconvergence pessimism
                         -2.00    7.75   output external delay
                                  7.75   data required time
-----------------------------------------------------------------------------
                                  7.75   data required time
                                 -2.55   data arrival time
-----------------------------------------------------------------------------
                                  5.20   slack (MET)




===========================================================================
report_checks --slack_max -0.01
============================================================================
======================= Typical Corner ===================================

No paths found.


===========================================================================
 report_check_types -max_slew -max_cap -max_fanout -violators
============================================================================
======================= Typical Corner ===================================



===========================================================================
report_parasitic_annotation -report_unannotated
============================================================================
Found 10 unannotated drivers.
 detector_in[0]
 detector_in[1]
 _2_/X
 _3_/X
 _4_/X
 _5_/X
 input1/X
 input2/X
 output3/X
 output4/X
Found 0 partially unannotated drivers.

===========================================================================
max slew violation count 0
max fanout violation count 0
max cap violation count 0
============================================================================

===========================================================================
check_setup -verbose -unconstrained_endpoints -multiple_clock -no_clock -no_input_delay -loops -generated_clocks
===========================================================================
