Reading /home/daquintero/piel/docs/examples/designs/amaranth_driven_flow/amaranth_driven_flow/runs/RUN_2023-09-06_14-17-18/42-magic-streamout/top.magic.gds ..
Reading /home/daquintero/piel/docs/examples/designs/amaranth_driven_flow/amaranth_driven_flow/runs/RUN_2023-09-06_14-17-18/43-klayout-streamout/top.klayout.gds ..
--- Running XOR for layer 122/16 ---
"input" in: xor.drc:93
    Polygons (raw): 106 (flat)  12 (hierarchical)
    Elapsed: 0.000s  Memory: 564.00M
"input" in: xor.drc:93
    Polygons (raw): 106 (flat)  12 (hierarchical)
    Elapsed: 0.000s  Memory: 564.00M
"^" in: xor.drc:93
    Polygons (raw): 0 (flat)  0 (hierarchical)
    Elapsed: 0.000s  Memory: 564.00M
XOR differences: 0
"output" in: xor.drc:66
    Polygons (raw): 0 (flat)  0 (hierarchical)
    Elapsed: 0.000s  Memory: 564.00M
--- Running XOR for layer 235/4 ---
"input" in: xor.drc:93
    Polygons (raw): 1 (flat)  1 (hierarchical)
    Elapsed: 0.000s  Memory: 564.00M
"input" in: xor.drc:93
    Polygons (raw): 1 (flat)  1 (hierarchical)
    Elapsed: 0.000s  Memory: 564.00M
"^" in: xor.drc:93
    Polygons (raw): 0 (flat)  0 (hierarchical)
    Elapsed: 0.000s  Memory: 564.00M
XOR differences: 0
"output" in: xor.drc:66
    Polygons (raw): 0 (flat)  0 (hierarchical)
    Elapsed: 0.000s  Memory: 564.00M
--- Running XOR for layer 236/0 ---
"input" in: xor.drc:93
    Polygons (raw): 85 (flat)  10 (hierarchical)
    Elapsed: 0.000s  Memory: 564.00M
"input" in: xor.drc:93
    Polygons (raw): 85 (flat)  10 (hierarchical)
    Elapsed: 0.000s  Memory: 564.00M
"^" in: xor.drc:93
    Polygons (raw): 0 (flat)  0 (hierarchical)
    Elapsed: 0.000s  Memory: 564.00M
XOR differences: 0
"output" in: xor.drc:66
    Polygons (raw): 0 (flat)  0 (hierarchical)
    Elapsed: 0.000s  Memory: 564.00M
--- Running XOR for layer 64/16 ---
"input" in: xor.drc:93
    Polygons (raw): 106 (flat)  12 (hierarchical)
    Elapsed: 0.000s  Memory: 564.00M
"input" in: xor.drc:93
    Polygons (raw): 106 (flat)  12 (hierarchical)
    Elapsed: 0.000s  Memory: 564.00M
"^" in: xor.drc:93
    Polygons (raw): 0 (flat)  0 (hierarchical)
    Elapsed: 0.000s  Memory: 564.00M
XOR differences: 0
"output" in: xor.drc:66
    Polygons (raw): 0 (flat)  0 (hierarchical)
    Elapsed: 0.000s  Memory: 564.00M
--- Running XOR for layer 64/20 ---
"input" in: xor.drc:93
    Polygons (raw): 113 (flat)  13 (hierarchical)
    Elapsed: 0.000s  Memory: 564.00M
"input" in: xor.drc:93
    Polygons (raw): 113 (flat)  13 (hierarchical)
    Elapsed: 0.000s  Memory: 564.00M
"^" in: xor.drc:93
    Polygons (raw): 0 (flat)  0 (hierarchical)
    Elapsed: 0.000s  Memory: 564.00M
XOR differences: 0
"output" in: xor.drc:66
    Polygons (raw): 0 (flat)  0 (hierarchical)
    Elapsed: 0.000s  Memory: 564.00M
--- Running XOR for layer 64/5 ---
"input" in: xor.drc:93
    Polygons (raw): 0 (flat)  0 (hierarchical)
    Elapsed: 0.000s  Memory: 564.00M
"input" in: xor.drc:93
    Polygons (raw): 0 (flat)  0 (hierarchical)
    Elapsed: 0.000s  Memory: 564.00M
"^" in: xor.drc:93
    Polygons (raw): 0 (flat)  0 (hierarchical)
    Elapsed: 0.000s  Memory: 564.00M
XOR differences: 0
"output" in: xor.drc:66
    Polygons (raw): 0 (flat)  0 (hierarchical)
    Elapsed: 0.000s  Memory: 565.00M
--- Running XOR for layer 64/59 ---
"input" in: xor.drc:93
    Polygons (raw): 0 (flat)  0 (hierarchical)
    Elapsed: 0.000s  Memory: 565.00M
"input" in: xor.drc:93
    Polygons (raw): 0 (flat)  0 (hierarchical)
    Elapsed: 0.000s  Memory: 565.00M
"^" in: xor.drc:93
    Polygons (raw): 0 (flat)  0 (hierarchical)
    Elapsed: 0.000s  Memory: 565.00M
XOR differences: 0
"output" in: xor.drc:66
    Polygons (raw): 0 (flat)  0 (hierarchical)
    Elapsed: 0.010s  Memory: 565.00M
--- Running XOR for layer 65/20 ---
"input" in: xor.drc:93
    Polygons (raw): 170 (flat)  20 (hierarchical)
    Elapsed: 0.000s  Memory: 565.00M
"input" in: xor.drc:93
    Polygons (raw): 170 (flat)  20 (hierarchical)
    Elapsed: 0.000s  Memory: 565.00M
"^" in: xor.drc:93
    Polygons (raw): 0 (flat)  0 (hierarchical)
    Elapsed: 0.000s  Memory: 565.00M
XOR differences: 0
"output" in: xor.drc:66
    Polygons (raw): 0 (flat)  0 (hierarchical)
    Elapsed: 0.000s  Memory: 565.00M
--- Running XOR for layer 65/44 ---
"input" in: xor.drc:93
    Polygons (raw): 14 (flat)  2 (hierarchical)
    Elapsed: 0.000s  Memory: 565.00M
"input" in: xor.drc:93
    Polygons (raw): 14 (flat)  2 (hierarchical)
    Elapsed: 0.000s  Memory: 565.00M
"^" in: xor.drc:93
    Polygons (raw): 0 (flat)  0 (hierarchical)
    Elapsed: 0.000s  Memory: 565.00M
XOR differences: 0
"output" in: xor.drc:66
    Polygons (raw): 0 (flat)  0 (hierarchical)
    Elapsed: 0.000s  Memory: 565.00M
--- Running XOR for layer 66/20 ---
"input" in: xor.drc:93
    Polygons (raw): 171 (flat)  21 (hierarchical)
    Elapsed: 0.000s  Memory: 566.00M
"input" in: xor.drc:93
    Polygons (raw): 171 (flat)  21 (hierarchical)
    Elapsed: 0.000s  Memory: 566.00M
"^" in: xor.drc:93
    Polygons (raw): 0 (flat)  0 (hierarchical)
    Elapsed: 0.000s  Memory: 566.00M
XOR differences: 0
"output" in: xor.drc:66
    Polygons (raw): 0 (flat)  0 (hierarchical)
    Elapsed: 0.000s  Memory: 566.00M
--- Running XOR for layer 66/44 ---
"input" in: xor.drc:93
    Polygons (raw): 712 (flat)  119 (hierarchical)
    Elapsed: 0.000s  Memory: 566.00M
"input" in: xor.drc:93
    Polygons (raw): 712 (flat)  119 (hierarchical)
    Elapsed: 0.000s  Memory: 566.00M
"^" in: xor.drc:93
    Polygons (raw): 0 (flat)  0 (hierarchical)
    Elapsed: 0.000s  Memory: 566.00M
XOR differences: 0
"output" in: xor.drc:66
    Polygons (raw): 0 (flat)  0 (hierarchical)
    Elapsed: 0.000s  Memory: 566.00M
--- Running XOR for layer 67/16 ---
"input" in: xor.drc:93
    Polygons (raw): 38 (flat)  26 (hierarchical)
    Elapsed: 0.000s  Memory: 566.00M
"input" in: xor.drc:93
    Polygons (raw): 38 (flat)  26 (hierarchical)
    Elapsed: 0.000s  Memory: 566.00M
"^" in: xor.drc:93
    Polygons (raw): 0 (flat)  0 (hierarchical)
    Elapsed: 0.000s  Memory: 566.00M
XOR differences: 0
"output" in: xor.drc:66
    Polygons (raw): 0 (flat)  0 (hierarchical)
    Elapsed: 0.000s  Memory: 566.00M
--- Running XOR for layer 67/20 ---
"input" in: xor.drc:93
    Polygons (raw): 422 (flat)  65 (hierarchical)
    Elapsed: 0.000s  Memory: 566.00M
"input" in: xor.drc:93
    Polygons (raw): 422 (flat)  49 (hierarchical)
    Elapsed: 0.000s  Memory: 567.00M
"^" in: xor.drc:93
    Polygons (raw): 0 (flat)  0 (hierarchical)
    Elapsed: 0.000s  Memory: 567.00M
XOR differences: 0
"output" in: xor.drc:66
    Polygons (raw): 0 (flat)  0 (hierarchical)
    Elapsed: 0.000s  Memory: 567.00M
--- Running XOR for layer 67/44 ---
"input" in: xor.drc:93
    Polygons (raw): 1343 (flat)  133 (hierarchical)
    Elapsed: 0.000s  Memory: 567.00M
"input" in: xor.drc:93
    Polygons (raw): 1343 (flat)  117 (hierarchical)
    Elapsed: 0.000s  Memory: 567.00M
"^" in: xor.drc:93
    Polygons (raw): 0 (flat)  0 (hierarchical)
    Elapsed: 0.010s  Memory: 567.00M
XOR differences: 0
"output" in: xor.drc:66
    Polygons (raw): 0 (flat)  0 (hierarchical)
    Elapsed: 0.000s  Memory: 567.00M
--- Running XOR for layer 67/5 ---
"input" in: xor.drc:93
    Polygons (raw): 0 (flat)  0 (hierarchical)
    Elapsed: 0.000s  Memory: 567.00M
"input" in: xor.drc:93
    Polygons (raw): 0 (flat)  0 (hierarchical)
    Elapsed: 0.000s  Memory: 567.00M
"^" in: xor.drc:93
    Polygons (raw): 0 (flat)  0 (hierarchical)
    Elapsed: 0.000s  Memory: 567.00M
XOR differences: 0
"output" in: xor.drc:66
    Polygons (raw): 0 (flat)  0 (hierarchical)
    Elapsed: 0.000s  Memory: 567.00M
--- Running XOR for layer 68/16 ---
"input" in: xor.drc:93
    Polygons (raw): 226 (flat)  26 (hierarchical)
    Elapsed: 0.000s  Memory: 567.00M
"input" in: xor.drc:93
    Polygons (raw): 226 (flat)  26 (hierarchical)
    Elapsed: 0.000s  Memory: 567.00M
"^" in: xor.drc:93
    Polygons (raw): 0 (flat)  0 (hierarchical)
    Elapsed: 0.000s  Memory: 567.00M
XOR differences: 0
"output" in: xor.drc:66
    Polygons (raw): 0 (flat)  0 (hierarchical)
    Elapsed: 0.000s  Memory: 567.00M
--- Running XOR for layer 68/20 ---
"input" in: xor.drc:93
    Polygons (raw): 307 (flat)  107 (hierarchical)
    Elapsed: 0.000s  Memory: 567.00M
"input" in: xor.drc:93
    Polygons (raw): 299 (flat)  58 (hierarchical)
    Elapsed: 0.000s  Memory: 567.00M
"^" in: xor.drc:93
    Polygons (raw): 0 (flat)  0 (hierarchical)
    Elapsed: 0.000s  Memory: 567.00M
XOR differences: 0
"output" in: xor.drc:66
    Polygons (raw): 0 (flat)  0 (hierarchical)
    Elapsed: 0.000s  Memory: 567.00M
--- Running XOR for layer 68/44 ---
"input" in: xor.drc:93
    Polygons (raw): 83 (flat)  83 (hierarchical)
    Elapsed: 0.000s  Memory: 567.00M
"input" in: xor.drc:93
    Polygons (raw): 83 (flat)  6 (hierarchical)
    Elapsed: 0.000s  Memory: 567.00M
"^" in: xor.drc:93
    Polygons (raw): 0 (flat)  0 (hierarchical)
    Elapsed: 0.000s  Memory: 567.00M
XOR differences: 0
"output" in: xor.drc:66
    Polygons (raw): 0 (flat)  0 (hierarchical)
    Elapsed: 0.000s  Memory: 567.00M
--- Running XOR for layer 68/5 ---
"input" in: xor.drc:93
    Polygons (raw): 0 (flat)  0 (hierarchical)
    Elapsed: 0.000s  Memory: 567.00M
"input" in: xor.drc:93
    Polygons (raw): 0 (flat)  0 (hierarchical)
    Elapsed: 0.000s  Memory: 567.00M
"^" in: xor.drc:93
    Polygons (raw): 0 (flat)  0 (hierarchical)
    Elapsed: 0.000s  Memory: 567.00M
XOR differences: 0
"output" in: xor.drc:66
    Polygons (raw): 0 (flat)  0 (hierarchical)
    Elapsed: 0.000s  Memory: 567.00M
--- Running XOR for layer 69/16 ---
"input" in: xor.drc:93
    Polygons (raw): 2 (flat)  2 (hierarchical)
    Elapsed: 0.000s  Memory: 567.00M
"input" in: xor.drc:93
    Polygons (raw): 2 (flat)  2 (hierarchical)
    Elapsed: 0.000s  Memory: 567.00M
"^" in: xor.drc:93
    Polygons (raw): 0 (flat)  0 (hierarchical)
    Elapsed: 0.000s  Memory: 567.00M
XOR differences: 0
"output" in: xor.drc:66
    Polygons (raw): 0 (flat)  0 (hierarchical)
    Elapsed: 0.000s  Memory: 567.00M
--- Running XOR for layer 69/20 ---
"input" in: xor.drc:93
    Polygons (raw): 39 (flat)  39 (hierarchical)
    Elapsed: 0.000s  Memory: 567.00M
"input" in: xor.drc:93
    Polygons (raw): 68 (flat)  29 (hierarchical)
    Elapsed: 0.000s  Memory: 567.00M
"^" in: xor.drc:93
    Polygons (raw): 0 (flat)  0 (hierarchical)
    Elapsed: 0.000s  Memory: 567.00M
XOR differences: 0
"output" in: xor.drc:66
    Polygons (raw): 0 (flat)  0 (hierarchical)
    Elapsed: 0.000s  Memory: 567.00M
--- Running XOR for layer 69/44 ---
"input" in: xor.drc:93
    Polygons (raw): 58 (flat)  58 (hierarchical)
    Elapsed: 0.000s  Memory: 567.00M
"input" in: xor.drc:93
    Polygons (raw): 58 (flat)  5 (hierarchical)
    Elapsed: 0.000s  Memory: 567.00M
"^" in: xor.drc:93
    Polygons (raw): 0 (flat)  0 (hierarchical)
    Elapsed: 0.000s  Memory: 567.00M
XOR differences: 0
"output" in: xor.drc:66
    Polygons (raw): 0 (flat)  0 (hierarchical)
    Elapsed: 0.000s  Memory: 567.00M
--- Running XOR for layer 69/5 ---
"input" in: xor.drc:93
    Polygons (raw): 0 (flat)  0 (hierarchical)
    Elapsed: 0.010s  Memory: 567.00M
"input" in: xor.drc:93
    Polygons (raw): 0 (flat)  0 (hierarchical)
    Elapsed: 0.000s  Memory: 567.00M
"^" in: xor.drc:93
    Polygons (raw): 0 (flat)  0 (hierarchical)
    Elapsed: 0.000s  Memory: 567.00M
XOR differences: 0
"output" in: xor.drc:66
    Polygons (raw): 0 (flat)  0 (hierarchical)
    Elapsed: 0.000s  Memory: 567.00M
--- Running XOR for layer 70/16 ---
"input" in: xor.drc:93
    Polygons (raw): 2 (flat)  2 (hierarchical)
    Elapsed: 0.000s  Memory: 567.00M
"input" in: xor.drc:93
    Polygons (raw): 2 (flat)  2 (hierarchical)
    Elapsed: 0.000s  Memory: 567.00M
"^" in: xor.drc:93
    Polygons (raw): 0 (flat)  0 (hierarchical)
    Elapsed: 0.000s  Memory: 567.00M
XOR differences: 0
"output" in: xor.drc:66
    Polygons (raw): 0 (flat)  0 (hierarchical)
    Elapsed: 0.000s  Memory: 567.00M
--- Running XOR for layer 70/20 ---
"input" in: xor.drc:93
    Polygons (raw): 24 (flat)  24 (hierarchical)
    Elapsed: 0.000s  Memory: 567.00M
"input" in: xor.drc:93
    Polygons (raw): 48 (flat)  21 (hierarchical)
    Elapsed: 0.000s  Memory: 567.00M
"^" in: xor.drc:93
    Polygons (raw): 0 (flat)  0 (hierarchical)
    Elapsed: 0.000s  Memory: 567.00M
XOR differences: 0
"output" in: xor.drc:66
    Polygons (raw): 0 (flat)  0 (hierarchical)
    Elapsed: 0.000s  Memory: 567.00M
--- Running XOR for layer 70/44 ---
"input" in: xor.drc:93
    Polygons (raw): 56 (flat)  56 (hierarchical)
    Elapsed: 0.000s  Memory: 567.00M
"input" in: xor.drc:93
    Polygons (raw): 56 (flat)  4 (hierarchical)
    Elapsed: 0.000s  Memory: 567.00M
"^" in: xor.drc:93
    Polygons (raw): 0 (flat)  0 (hierarchical)
    Elapsed: 0.000s  Memory: 567.00M
XOR differences: 0
"output" in: xor.drc:66
    Polygons (raw): 0 (flat)  0 (hierarchical)
    Elapsed: 0.000s  Memory: 567.00M
--- Running XOR for layer 70/5 ---
"input" in: xor.drc:93
    Polygons (raw): 0 (flat)  0 (hierarchical)
    Elapsed: 0.000s  Memory: 567.00M
"input" in: xor.drc:93
    Polygons (raw): 0 (flat)  0 (hierarchical)
    Elapsed: 0.000s  Memory: 567.00M
"^" in: xor.drc:93
    Polygons (raw): 0 (flat)  0 (hierarchical)
    Elapsed: 0.010s  Memory: 567.00M
XOR differences: 0
"output" in: xor.drc:66
    Polygons (raw): 0 (flat)  0 (hierarchical)
    Elapsed: 0.000s  Memory: 567.00M
--- Running XOR for layer 71/16 ---
"input" in: xor.drc:93
    Polygons (raw): 2 (flat)  2 (hierarchical)
    Elapsed: 0.000s  Memory: 567.00M
"input" in: xor.drc:93
    Polygons (raw): 2 (flat)  2 (hierarchical)
    Elapsed: 0.000s  Memory: 567.00M
"^" in: xor.drc:93
    Polygons (raw): 0 (flat)  0 (hierarchical)
    Elapsed: 0.000s  Memory: 567.00M
XOR differences: 0
"output" in: xor.drc:66
    Polygons (raw): 0 (flat)  0 (hierarchical)
    Elapsed: 0.000s  Memory: 567.00M
--- Running XOR for layer 71/20 ---
"input" in: xor.drc:93
    Polygons (raw): 2 (flat)  2 (hierarchical)
    Elapsed: 0.000s  Memory: 567.00M
"input" in: xor.drc:93
    Polygons (raw): 22 (flat)  6 (hierarchical)
    Elapsed: 0.000s  Memory: 567.00M
"^" in: xor.drc:93
    Polygons (raw): 0 (flat)  0 (hierarchical)
    Elapsed: 0.000s  Memory: 568.00M
XOR differences: 0
"output" in: xor.drc:66
    Polygons (raw): 0 (flat)  0 (hierarchical)
    Elapsed: 0.000s  Memory: 568.00M
--- Running XOR for layer 71/44 ---
"input" in: xor.drc:93
    Polygons (raw): 4 (flat)  4 (hierarchical)
    Elapsed: 0.000s  Memory: 568.00M
"input" in: xor.drc:93
    Polygons (raw): 4 (flat)  1 (hierarchical)
    Elapsed: 0.000s  Memory: 568.00M
"^" in: xor.drc:93
    Polygons (raw): 0 (flat)  0 (hierarchical)
    Elapsed: 0.000s  Memory: 568.00M
XOR differences: 0
"output" in: xor.drc:66
    Polygons (raw): 0 (flat)  0 (hierarchical)
    Elapsed: 0.000s  Memory: 568.00M
--- Running XOR for layer 71/5 ---
"input" in: xor.drc:93
    Polygons (raw): 0 (flat)  0 (hierarchical)
    Elapsed: 0.000s  Memory: 568.00M
"input" in: xor.drc:93
    Polygons (raw): 0 (flat)  0 (hierarchical)
    Elapsed: 0.000s  Memory: 568.00M
"^" in: xor.drc:93
    Polygons (raw): 0 (flat)  0 (hierarchical)
    Elapsed: 0.000s  Memory: 568.00M
XOR differences: 0
"output" in: xor.drc:66
    Polygons (raw): 0 (flat)  0 (hierarchical)
    Elapsed: 0.010s  Memory: 568.00M
--- Running XOR for layer 72/16 ---
"input" in: xor.drc:93
    Polygons (raw): 4 (flat)  4 (hierarchical)
    Elapsed: 0.000s  Memory: 568.00M
"input" in: xor.drc:93
    Polygons (raw): 4 (flat)  4 (hierarchical)
    Elapsed: 0.000s  Memory: 568.00M
"^" in: xor.drc:93
    Polygons (raw): 0 (flat)  0 (hierarchical)
    Elapsed: 0.000s  Memory: 568.00M
XOR differences: 0
"output" in: xor.drc:66
    Polygons (raw): 0 (flat)  0 (hierarchical)
    Elapsed: 0.000s  Memory: 568.00M
--- Running XOR for layer 72/20 ---
"input" in: xor.drc:93
    Polygons (raw): 4 (flat)  4 (hierarchical)
    Elapsed: 0.000s  Memory: 568.00M
"input" in: xor.drc:93
    Polygons (raw): 12 (flat)  9 (hierarchical)
    Elapsed: 0.000s  Memory: 568.00M
"^" in: xor.drc:93
    Polygons (raw): 0 (flat)  0 (hierarchical)
    Elapsed: 0.000s  Memory: 568.00M
XOR differences: 0
"output" in: xor.drc:66
    Polygons (raw): 0 (flat)  0 (hierarchical)
    Elapsed: 0.000s  Memory: 569.00M
--- Running XOR for layer 72/5 ---
"input" in: xor.drc:93
    Polygons (raw): 0 (flat)  0 (hierarchical)
    Elapsed: 0.000s  Memory: 569.00M
"input" in: xor.drc:93
    Polygons (raw): 0 (flat)  0 (hierarchical)
    Elapsed: 0.000s  Memory: 569.00M
"^" in: xor.drc:93
    Polygons (raw): 0 (flat)  0 (hierarchical)
    Elapsed: 0.000s  Memory: 569.00M
XOR differences: 0
"output" in: xor.drc:66
    Polygons (raw): 0 (flat)  0 (hierarchical)
    Elapsed: 0.000s  Memory: 569.00M
--- Running XOR for layer 78/44 ---
"input" in: xor.drc:93
    Polygons (raw): 113 (flat)  13 (hierarchical)
    Elapsed: 0.000s  Memory: 569.00M
"input" in: xor.drc:93
    Polygons (raw): 113 (flat)  13 (hierarchical)
    Elapsed: 0.000s  Memory: 569.00M
"^" in: xor.drc:93
    Polygons (raw): 0 (flat)  0 (hierarchical)
    Elapsed: 0.000s  Memory: 569.00M
XOR differences: 0
"output" in: xor.drc:66
    Polygons (raw): 0 (flat)  0 (hierarchical)
    Elapsed: 0.000s  Memory: 569.00M
--- Running XOR for layer 81/4 ---
"input" in: xor.drc:93
    Polygons (raw): 113 (flat)  13 (hierarchical)
    Elapsed: 0.000s  Memory: 569.00M
"input" in: xor.drc:93
    Polygons (raw): 113 (flat)  13 (hierarchical)
    Elapsed: 0.000s  Memory: 569.00M
"^" in: xor.drc:93
    Polygons (raw): 0 (flat)  0 (hierarchical)
    Elapsed: 0.000s  Memory: 569.00M
XOR differences: 0
"output" in: xor.drc:66
    Polygons (raw): 0 (flat)  0 (hierarchical)
    Elapsed: 0.000s  Memory: 569.00M
--- Running XOR for layer 83/44 ---
"input" in: xor.drc:93
    Polygons (raw): 0 (flat)  0 (hierarchical)
    Elapsed: 0.000s  Memory: 569.00M
"input" in: xor.drc:93
    Polygons (raw): 0 (flat)  0 (hierarchical)
    Elapsed: 0.000s  Memory: 569.00M
"^" in: xor.drc:93
    Polygons (raw): 0 (flat)  0 (hierarchical)
    Elapsed: 0.000s  Memory: 569.00M
XOR differences: 0
"output" in: xor.drc:66
    Polygons (raw): 0 (flat)  0 (hierarchical)
    Elapsed: 0.000s  Memory: 569.00M
--- Running XOR for layer 93/44 ---
"input" in: xor.drc:93
    Polygons (raw): 120 (flat)  14 (hierarchical)
    Elapsed: 0.000s  Memory: 569.00M
"input" in: xor.drc:93
    Polygons (raw): 120 (flat)  14 (hierarchical)
    Elapsed: 0.000s  Memory: 570.00M
"^" in: xor.drc:93
    Polygons (raw): 0 (flat)  0 (hierarchical)
    Elapsed: 0.000s  Memory: 570.00M
XOR differences: 0
"output" in: xor.drc:66
    Polygons (raw): 0 (flat)  0 (hierarchical)
    Elapsed: 0.000s  Memory: 570.00M
--- Running XOR for layer 94/20 ---
"input" in: xor.drc:93
    Polygons (raw): 120 (flat)  14 (hierarchical)
    Elapsed: 0.000s  Memory: 570.00M
"input" in: xor.drc:93
    Polygons (raw): 120 (flat)  14 (hierarchical)
    Elapsed: 0.000s  Memory: 570.00M
"^" in: xor.drc:93
    Polygons (raw): 0 (flat)  0 (hierarchical)
    Elapsed: 0.010s  Memory: 570.00M
XOR differences: 0
"output" in: xor.drc:66
    Polygons (raw): 0 (flat)  0 (hierarchical)
    Elapsed: 0.000s  Memory: 570.00M
--- Running XOR for layer 95/20 ---
"input" in: xor.drc:93
    Polygons (raw): 85 (flat)  10 (hierarchical)
    Elapsed: 0.000s  Memory: 570.00M
"input" in: xor.drc:93
    Polygons (raw): 85 (flat)  10 (hierarchical)
    Elapsed: 0.000s  Memory: 570.00M
"^" in: xor.drc:93
    Polygons (raw): 0 (flat)  0 (hierarchical)
    Elapsed: 0.000s  Memory: 570.00M
XOR differences: 0
"output" in: xor.drc:66
    Polygons (raw): 0 (flat)  0 (hierarchical)
    Elapsed: 0.000s  Memory: 570.00M
---
Total XOR differences: 0
Writing report database: /home/daquintero/piel/docs/examples/designs/amaranth_driven_flow/amaranth_driven_flow/runs/RUN_2023-09-06_14-17-18/45-klayout-xor/xor.xml ..
Total elapsed: 0.250s  Memory: 570.00M
/home/daquintero/piel/docs/examples/designs/amaranth_driven_flow/amaranth_driven_flow/runs/RUN_2023-09-06_14-17-18/42-magic-streamout/top.magic.gds
/home/daquintero/piel/docs/examples/designs/amaranth_driven_flow/amaranth_driven_flow/runs/RUN_2023-09-06_14-17-18/43-klayout-streamout/top.klayout.gds
%OL_CREATE_REPORT difference_count.rpt
0
%OL_END_REPORT
