
===========================================================================
report_checks -path_delay max (Setup)
============================================================================
======================= Fastest Corner ===================================

Startpoint: detector_in[0] (input port clocked by __VIRTUAL_CLK__)
Endpoint: phase_map_out[1] (output port clocked by __VIRTUAL_CLK__)
Path Group: __VIRTUAL_CLK__
Path Type: max
Corner: Fastest

Fanout     Cap    Slew   Delay    Time   Description
-----------------------------------------------------------------------------
                  0.00    0.00    0.00   clock __VIRTUAL_CLK__ (rise edge)
                          0.00    0.00   clock network delay (ideal)
                          2.00    2.00 v input external delay
                  0.01    0.00    2.00 v detector_in[0] (in)
     1    0.00                           detector_in[0] (net)
                  0.01    0.00    2.00 v input1/A (sky130_fd_sc_hd__clkbuf_1)
                  0.03    0.06    2.07 v input1/X (sky130_fd_sc_hd__clkbuf_1)
     1    0.01                           net1 (net)
                  0.03    0.00    2.07 v _4_/A (sky130_fd_sc_hd__or2_1)
                  0.04    0.15    2.22 v _4_/X (sky130_fd_sc_hd__or2_1)
     1    0.01                           _1_ (net)
                  0.04    0.00    2.22 v _5_/A (sky130_fd_sc_hd__clkbuf_1)
                  0.03    0.07    2.29 v _5_/X (sky130_fd_sc_hd__clkbuf_1)
     1    0.01                           net4 (net)
                  0.03    0.00    2.29 v output4/A (sky130_fd_sc_hd__clkbuf_4)
                  0.06    0.13    2.42 v output4/X (sky130_fd_sc_hd__clkbuf_4)
     1    0.03                           phase_map_out[1] (net)
                  0.06    0.00    2.42 v phase_map_out[1] (out)
                                  2.42   data arrival time

                  0.00   10.00   10.00   clock __VIRTUAL_CLK__ (rise edge)
                          0.00   10.00   clock network delay (ideal)
                         -0.25    9.75   clock uncertainty
                          0.00    9.75   clock reconvergence pessimism
                         -2.00    7.75   output external delay
                                  7.75   data required time
-----------------------------------------------------------------------------
                                  7.75   data required time
                                 -2.42   data arrival time
-----------------------------------------------------------------------------
                                  5.33   slack (MET)


Startpoint: detector_in[1] (input port clocked by __VIRTUAL_CLK__)
Endpoint: phase_map_out[0] (output port clocked by __VIRTUAL_CLK__)
Path Group: __VIRTUAL_CLK__
Path Type: max
Corner: Fastest

Fanout     Cap    Slew   Delay    Time   Description
-----------------------------------------------------------------------------
                  0.00    0.00    0.00   clock __VIRTUAL_CLK__ (rise edge)
                          0.00    0.00   clock network delay (ideal)
                          2.00    2.00 ^ input external delay
                  0.01    0.01    2.01 ^ detector_in[1] (in)
     1    0.00                           detector_in[1] (net)
                  0.01    0.00    2.01 ^ input2/A (sky130_fd_sc_hd__clkbuf_1)
                  0.07    0.08    2.09 ^ input2/X (sky130_fd_sc_hd__clkbuf_1)
     2    0.01                           net2 (net)
                  0.07    0.00    2.09 ^ _2_/A (sky130_fd_sc_hd__clkbuf_1)
                  0.04    0.07    2.15 ^ _2_/X (sky130_fd_sc_hd__clkbuf_1)
     1    0.00                           _0_ (net)
                  0.04    0.00    2.15 ^ _3_/A (sky130_fd_sc_hd__clkbuf_1)
                  0.05    0.07    2.22 ^ _3_/X (sky130_fd_sc_hd__clkbuf_1)
     1    0.00                           net3 (net)
                  0.05    0.00    2.22 ^ output3/A (sky130_fd_sc_hd__clkbuf_4)
                  0.09    0.14    2.36 ^ output3/X (sky130_fd_sc_hd__clkbuf_4)
     1    0.03                           phase_map_out[0] (net)
                  0.09    0.00    2.36 ^ phase_map_out[0] (out)
                                  2.36   data arrival time

                  0.00   10.00   10.00   clock __VIRTUAL_CLK__ (rise edge)
                          0.00   10.00   clock network delay (ideal)
                         -0.25    9.75   clock uncertainty
                          0.00    9.75   clock reconvergence pessimism
                         -2.00    7.75   output external delay
                                  7.75   data required time
-----------------------------------------------------------------------------
                                  7.75   data required time
                                 -2.36   data arrival time
-----------------------------------------------------------------------------
                                  5.39   slack (MET)



======================= Slowest Corner ===================================

Startpoint: detector_in[0] (input port clocked by __VIRTUAL_CLK__)
Endpoint: phase_map_out[1] (output port clocked by __VIRTUAL_CLK__)
Path Group: __VIRTUAL_CLK__
Path Type: max
Corner: Slowest

Fanout     Cap    Slew   Delay    Time   Description
-----------------------------------------------------------------------------
                  0.00    0.00    0.00   clock __VIRTUAL_CLK__ (rise edge)
                          0.00    0.00   clock network delay (ideal)
                          2.00    2.00 v input external delay
                  0.02    0.01    2.01 v detector_in[0] (in)
     1    0.00                           detector_in[0] (net)
                  0.02    0.00    2.01 v input1/A (sky130_fd_sc_hd__clkbuf_1)
                  0.09    0.18    2.19 v input1/X (sky130_fd_sc_hd__clkbuf_1)
     1    0.01                           net1 (net)
                  0.09    0.00    2.19 v _4_/A (sky130_fd_sc_hd__or2_1)
                  0.12    0.56    2.75 v _4_/X (sky130_fd_sc_hd__or2_1)
     1    0.01                           _1_ (net)
                  0.12    0.00    2.75 v _5_/A (sky130_fd_sc_hd__clkbuf_1)
                  0.08    0.22    2.97 v _5_/X (sky130_fd_sc_hd__clkbuf_1)
     1    0.01                           net4 (net)
                  0.08    0.00    2.97 v output4/A (sky130_fd_sc_hd__clkbuf_4)
                  0.14    0.34    3.32 v output4/X (sky130_fd_sc_hd__clkbuf_4)
     1    0.03                           phase_map_out[1] (net)
                  0.14    0.00    3.32 v phase_map_out[1] (out)
                                  3.32   data arrival time

                  0.00   10.00   10.00   clock __VIRTUAL_CLK__ (rise edge)
                          0.00   10.00   clock network delay (ideal)
                         -0.25    9.75   clock uncertainty
                          0.00    9.75   clock reconvergence pessimism
                         -2.00    7.75   output external delay
                                  7.75   data required time
-----------------------------------------------------------------------------
                                  7.75   data required time
                                 -3.32   data arrival time
-----------------------------------------------------------------------------
                                  4.43   slack (MET)


Startpoint: detector_in[1] (input port clocked by __VIRTUAL_CLK__)
Endpoint: phase_map_out[0] (output port clocked by __VIRTUAL_CLK__)
Path Group: __VIRTUAL_CLK__
Path Type: max
Corner: Slowest

Fanout     Cap    Slew   Delay    Time   Description
-----------------------------------------------------------------------------
                  0.00    0.00    0.00   clock __VIRTUAL_CLK__ (rise edge)
                          0.00    0.00   clock network delay (ideal)
                          2.00    2.00 ^ input external delay
                  0.03    0.02    2.02 ^ detector_in[1] (in)
     1    0.00                           detector_in[1] (net)
                  0.03    0.00    2.02 ^ input2/A (sky130_fd_sc_hd__clkbuf_1)
                  0.15    0.20    2.22 ^ input2/X (sky130_fd_sc_hd__clkbuf_1)
     2    0.01                           net2 (net)
                  0.15    0.00    2.22 ^ _2_/A (sky130_fd_sc_hd__clkbuf_1)
                  0.09    0.21    2.42 ^ _2_/X (sky130_fd_sc_hd__clkbuf_1)
     1    0.00                           _0_ (net)
                  0.09    0.00    2.42 ^ _3_/A (sky130_fd_sc_hd__clkbuf_1)
                  0.11    0.19    2.62 ^ _3_/X (sky130_fd_sc_hd__clkbuf_1)
     1    0.00                           net3 (net)
                  0.11    0.00    2.62 ^ output3/A (sky130_fd_sc_hd__clkbuf_4)
                  0.18    0.36    2.98 ^ output3/X (sky130_fd_sc_hd__clkbuf_4)
     1    0.03                           phase_map_out[0] (net)
                  0.18    0.00    2.98 ^ phase_map_out[0] (out)
                                  2.98   data arrival time

                  0.00   10.00   10.00   clock __VIRTUAL_CLK__ (rise edge)
                          0.00   10.00   clock network delay (ideal)
                         -0.25    9.75   clock uncertainty
                          0.00    9.75   clock reconvergence pessimism
                         -2.00    7.75   output external delay
                                  7.75   data required time
-----------------------------------------------------------------------------
                                  7.75   data required time
                                 -2.98   data arrival time
-----------------------------------------------------------------------------
                                  4.77   slack (MET)



======================= Typical Corner ===================================

Startpoint: detector_in[0] (input port clocked by __VIRTUAL_CLK__)
Endpoint: phase_map_out[1] (output port clocked by __VIRTUAL_CLK__)
Path Group: __VIRTUAL_CLK__
Path Type: max
Corner: Typical

Fanout     Cap    Slew   Delay    Time   Description
-----------------------------------------------------------------------------
                  0.00    0.00    0.00   clock __VIRTUAL_CLK__ (rise edge)
                          0.00    0.00   clock network delay (ideal)
                          2.00    2.00 v input external delay
                  0.01    0.01    2.01 v detector_in[0] (in)
     1    0.00                           detector_in[0] (net)
                  0.01    0.00    2.01 v input1/A (sky130_fd_sc_hd__clkbuf_1)
                  0.05    0.10    2.10 v input1/X (sky130_fd_sc_hd__clkbuf_1)
     1    0.01                           net1 (net)
                  0.05    0.00    2.10 v _4_/A (sky130_fd_sc_hd__or2_1)
                  0.06    0.25    2.35 v _4_/X (sky130_fd_sc_hd__or2_1)
     1    0.01                           _1_ (net)
                  0.06    0.00    2.35 v _5_/A (sky130_fd_sc_hd__clkbuf_1)
                  0.04    0.11    2.46 v _5_/X (sky130_fd_sc_hd__clkbuf_1)
     1    0.01                           net4 (net)
                  0.04    0.00    2.46 v output4/A (sky130_fd_sc_hd__clkbuf_4)
                  0.08    0.19    2.65 v output4/X (sky130_fd_sc_hd__clkbuf_4)
     1    0.03                           phase_map_out[1] (net)
                  0.08    0.00    2.65 v phase_map_out[1] (out)
                                  2.65   data arrival time

                  0.00   10.00   10.00   clock __VIRTUAL_CLK__ (rise edge)
                          0.00   10.00   clock network delay (ideal)
                         -0.25    9.75   clock uncertainty
                          0.00    9.75   clock reconvergence pessimism
                         -2.00    7.75   output external delay
                                  7.75   data required time
-----------------------------------------------------------------------------
                                  7.75   data required time
                                 -2.65   data arrival time
-----------------------------------------------------------------------------
                                  5.10   slack (MET)


Startpoint: detector_in[1] (input port clocked by __VIRTUAL_CLK__)
Endpoint: phase_map_out[0] (output port clocked by __VIRTUAL_CLK__)
Path Group: __VIRTUAL_CLK__
Path Type: max
Corner: Typical

Fanout     Cap    Slew   Delay    Time   Description
-----------------------------------------------------------------------------
                  0.00    0.00    0.00   clock __VIRTUAL_CLK__ (rise edge)
                          0.00    0.00   clock network delay (ideal)
                          2.00    2.00 ^ input external delay
                  0.02    0.01    2.01 ^ detector_in[1] (in)
     1    0.00                           detector_in[1] (net)
                  0.02    0.00    2.01 ^ input2/A (sky130_fd_sc_hd__clkbuf_1)
                  0.10    0.11    2.12 ^ input2/X (sky130_fd_sc_hd__clkbuf_1)
     2    0.01                           net2 (net)
                  0.10    0.00    2.12 ^ _2_/A (sky130_fd_sc_hd__clkbuf_1)
                  0.06    0.11    2.23 ^ _2_/X (sky130_fd_sc_hd__clkbuf_1)
     1    0.00                           _0_ (net)
                  0.06    0.00    2.23 ^ _3_/A (sky130_fd_sc_hd__clkbuf_1)
                  0.07    0.10    2.34 ^ _3_/X (sky130_fd_sc_hd__clkbuf_1)
     1    0.00                           net3 (net)
                  0.07    0.00    2.34 ^ output3/A (sky130_fd_sc_hd__clkbuf_4)
                  0.11    0.20    2.54 ^ output3/X (sky130_fd_sc_hd__clkbuf_4)
     1    0.03                           phase_map_out[0] (net)
                  0.11    0.00    2.54 ^ phase_map_out[0] (out)
                                  2.54   data arrival time

                  0.00   10.00   10.00   clock __VIRTUAL_CLK__ (rise edge)
                          0.00   10.00   clock network delay (ideal)
                         -0.25    9.75   clock uncertainty
                          0.00    9.75   clock reconvergence pessimism
                         -2.00    7.75   output external delay
                                  7.75   data required time
-----------------------------------------------------------------------------
                                  7.75   data required time
                                 -2.54   data arrival time
-----------------------------------------------------------------------------
                                  5.21   slack (MET)
