
===========================================================================
report_checks -path_delay max (Setup)
============================================================================
======================= Typical Corner ===================================

Startpoint: in (input port clocked by __VIRTUAL_CLK__)
Endpoint: out (output port clocked by __VIRTUAL_CLK__)
Path Group: __VIRTUAL_CLK__
Path Type: max

Fanout     Cap    Slew   Delay    Time   Description
-----------------------------------------------------------------------------
                  0.00    0.00    0.00   clock __VIRTUAL_CLK__ (rise edge)
                          0.00    0.00   clock network delay (ideal)
                          2.00    2.00 ^ input external delay
                  0.03    0.02    2.02 ^ in (in)
     1    0.01                           in (net)
                  0.03    0.00    2.02 ^ input1/A (sky130_fd_sc_hd__buf_1)
                  0.11    0.13    2.15 ^ input1/X (sky130_fd_sc_hd__buf_1)
     1    0.01                           net1 (net)
                  0.11    0.00    2.15 ^ _0_/A (sky130_fd_sc_hd__inv_2)
                  0.02    0.04    2.19 v _0_/Y (sky130_fd_sc_hd__inv_2)
     1    0.00                           net2 (net)
                  0.02    0.00    2.19 v output2/A (sky130_fd_sc_hd__clkbuf_4)
                  0.09    0.19    2.38 v output2/X (sky130_fd_sc_hd__clkbuf_4)
     1    0.04                           out (net)
                  0.09    0.00    2.38 v out (out)
                                  2.38   data arrival time

                  0.00   10.00   10.00   clock __VIRTUAL_CLK__ (rise edge)
                          0.00   10.00   clock network delay (ideal)
                         -0.25    9.75   clock uncertainty
                          0.00    9.75   clock reconvergence pessimism
                         -2.00    7.75   output external delay
                                  7.75   data required time
-----------------------------------------------------------------------------
                                  7.75   data required time
                                 -2.38   data arrival time
-----------------------------------------------------------------------------
                                  5.37   slack (MET)



