
===========================================================================
report_checks -unconstrained
===========================================================================
======================= nom_ff_n40C_1v95 Corner ===================================

Startpoint: detector_in[1] (input port clocked by __VIRTUAL_CLK__)
Endpoint: phase_map_out[1] (output port clocked by __VIRTUAL_CLK__)
Path Group: __VIRTUAL_CLK__
Path Type: max

Fanout         Cap        Slew       Delay        Time   Description
---------------------------------------------------------------------------------------------
                      0.000000    0.000000    0.000000   clock __VIRTUAL_CLK__ (rise edge)
                                  0.000000    0.000000   clock network delay (ideal)
                                  2.000000    2.000000 v input external delay
                      0.004359    0.002058    2.002058 v detector_in[1] (in)
     1    0.002552                                       detector_in[1] (net)
                      0.004360    0.000000    2.002058 v input2/A (sky130_fd_sc_hd__buf_1)
                      0.036111    0.062260    2.064318 v input2/X (sky130_fd_sc_hd__buf_1)
     2    0.007766                                       net2 (net)
                      0.036114    0.000262    2.064581 v _4_/B (sky130_fd_sc_hd__or2_1)
                      0.030286    0.117095    2.181676 v _4_/X (sky130_fd_sc_hd__or2_1)
     1    0.002225                                       _1_ (net)
                      0.030286    0.000043    2.181719 v _5_/A (sky130_fd_sc_hd__clkbuf_1)
                      0.019011    0.056719    2.238438 v _5_/X (sky130_fd_sc_hd__clkbuf_1)
     1    0.002948                                       net4 (net)
                      0.019011    0.000085    2.238523 v output4/A (sky130_fd_sc_hd__buf_2)
                      0.062540    0.112778    2.351300 v output4/X (sky130_fd_sc_hd__buf_2)
     1    0.034109                                       phase_map_out[1] (net)
                      0.062550    0.000682    2.351982 v phase_map_out[1] (out)
                                              2.351982   data arrival time

                      0.000000   10.000000   10.000000   clock __VIRTUAL_CLK__ (rise edge)
                                  0.000000   10.000000   clock network delay (ideal)
                                 -0.250000    9.750000   clock uncertainty
                                  0.000000    9.750000   clock reconvergence pessimism
                                 -2.000000    7.750000   output external delay
                                              7.750000   data required time
---------------------------------------------------------------------------------------------
                                              7.750000   data required time
                                             -2.351982   data arrival time
---------------------------------------------------------------------------------------------
                                              5.398018   slack (MET)




===========================================================================
report_checks --slack_max -0.01
============================================================================
======================= nom_ff_n40C_1v95 Corner ===================================

No paths found.


===========================================================================
 report_check_types -max_slew -max_cap -max_fanout -violators
============================================================================
======================= nom_ff_n40C_1v95 Corner ===================================



===========================================================================
report_parasitic_annotation -report_unannotated
============================================================================
Found 0 unannotated drivers.
Found 0 partially unannotated drivers.

===========================================================================
max slew violation count 0
max fanout violation count 0
max cap violation count 0
============================================================================

===========================================================================
check_setup -verbose -unconstrained_endpoints -multiple_clock -no_clock -no_input_delay -loops -generated_clocks
===========================================================================
