
===========================================================================
report_checks -path_delay max (Setup)
============================================================================
======================= Fastest Corner ===================================

Startpoint: detector_in[0] (input port clocked by __VIRTUAL_CLK__)
Endpoint: phase_map_out[1] (output port clocked by __VIRTUAL_CLK__)
Path Group: __VIRTUAL_CLK__
Path Type: max
Corner: Fastest

Fanout     Cap    Slew   Delay    Time   Description
-----------------------------------------------------------------------------
                  0.00    0.00    0.00   clock __VIRTUAL_CLK__ (rise edge)
                          0.00    0.00   clock network delay (ideal)
                          2.00    2.00 v input external delay
                  0.01    0.00    2.00 v detector_in[0] (in)
     1    0.00                           detector_in[0] (net)
                  0.01    0.00    2.00 v input1/A (sky130_fd_sc_hd__clkbuf_1)
                  0.04    0.07    2.07 v input1/X (sky130_fd_sc_hd__clkbuf_1)
     1    0.01                           net1 (net)
                  0.04    0.00    2.07 v _4_/A (sky130_fd_sc_hd__or2_1)
                  0.04    0.15    2.22 v _4_/X (sky130_fd_sc_hd__or2_1)
     1    0.01                           _1_ (net)
                  0.04    0.00    2.22 v _5_/A (sky130_fd_sc_hd__clkbuf_1)
                  0.03    0.08    2.30 v _5_/X (sky130_fd_sc_hd__clkbuf_1)
     1    0.01                           net4 (net)
                  0.03    0.00    2.30 v output4/A (sky130_fd_sc_hd__clkbuf_4)
                  0.06    0.13    2.43 v output4/X (sky130_fd_sc_hd__clkbuf_4)
     1    0.03                           phase_map_out[1] (net)
                  0.06    0.00    2.43 v phase_map_out[1] (out)
                                  2.43   data arrival time

                  0.00   10.00   10.00   clock __VIRTUAL_CLK__ (rise edge)
                          0.00   10.00   clock network delay (ideal)
                         -0.25    9.75   clock uncertainty
                          0.00    9.75   clock reconvergence pessimism
                         -2.00    7.75   output external delay
                                  7.75   data required time
-----------------------------------------------------------------------------
                                  7.75   data required time
                                 -2.43   data arrival time
-----------------------------------------------------------------------------
                                  5.32   slack (MET)


Startpoint: detector_in[1] (input port clocked by __VIRTUAL_CLK__)
Endpoint: phase_map_out[0] (output port clocked by __VIRTUAL_CLK__)
Path Group: __VIRTUAL_CLK__
Path Type: max
Corner: Fastest

Fanout     Cap    Slew   Delay    Time   Description
-----------------------------------------------------------------------------
                  0.00    0.00    0.00   clock __VIRTUAL_CLK__ (rise edge)
                          0.00    0.00   clock network delay (ideal)
                          2.00    2.00 ^ input external delay
                  0.01    0.01    2.01 ^ detector_in[1] (in)
     1    0.00                           detector_in[1] (net)
                  0.01    0.00    2.01 ^ input2/A (sky130_fd_sc_hd__clkbuf_1)
                  0.08    0.08    2.09 ^ input2/X (sky130_fd_sc_hd__clkbuf_1)
     2    0.01                           net2 (net)
                  0.08    0.00    2.09 ^ _2_/A (sky130_fd_sc_hd__clkbuf_1)
                  0.04    0.07    2.16 ^ _2_/X (sky130_fd_sc_hd__clkbuf_1)
     1    0.00                           _0_ (net)
                  0.04    0.00    2.16 ^ _3_/A (sky130_fd_sc_hd__clkbuf_1)
                  0.05    0.07    2.23 ^ _3_/X (sky130_fd_sc_hd__clkbuf_1)
     1    0.01                           net3 (net)
                  0.05    0.00    2.23 ^ output3/A (sky130_fd_sc_hd__clkbuf_4)
                  0.09    0.14    2.37 ^ output3/X (sky130_fd_sc_hd__clkbuf_4)
     1    0.03                           phase_map_out[0] (net)
                  0.09    0.00    2.37 ^ phase_map_out[0] (out)
                                  2.37   data arrival time

                  0.00   10.00   10.00   clock __VIRTUAL_CLK__ (rise edge)
                          0.00   10.00   clock network delay (ideal)
                         -0.25    9.75   clock uncertainty
                          0.00    9.75   clock reconvergence pessimism
                         -2.00    7.75   output external delay
                                  7.75   data required time
-----------------------------------------------------------------------------
                                  7.75   data required time
                                 -2.37   data arrival time
-----------------------------------------------------------------------------
                                  5.38   slack (MET)



======================= Slowest Corner ===================================

Startpoint: detector_in[0] (input port clocked by __VIRTUAL_CLK__)
Endpoint: phase_map_out[1] (output port clocked by __VIRTUAL_CLK__)
Path Group: __VIRTUAL_CLK__
Path Type: max
Corner: Slowest

Fanout     Cap    Slew   Delay    Time   Description
-----------------------------------------------------------------------------
                  0.00    0.00    0.00   clock __VIRTUAL_CLK__ (rise edge)
                          0.00    0.00   clock network delay (ideal)
                          2.00    2.00 v input external delay
                  0.02    0.01    2.01 v detector_in[0] (in)
     1    0.00                           detector_in[0] (net)
                  0.02    0.00    2.01 v input1/A (sky130_fd_sc_hd__clkbuf_1)
                  0.10    0.19    2.20 v input1/X (sky130_fd_sc_hd__clkbuf_1)
     1    0.01                           net1 (net)
                  0.10    0.00    2.20 v _4_/A (sky130_fd_sc_hd__or2_1)
                  0.12    0.57    2.77 v _4_/X (sky130_fd_sc_hd__or2_1)
     1    0.01                           _1_ (net)
                  0.12    0.00    2.77 v _5_/A (sky130_fd_sc_hd__clkbuf_1)
                  0.08    0.22    3.00 v _5_/X (sky130_fd_sc_hd__clkbuf_1)
     1    0.01                           net4 (net)
                  0.08    0.00    3.00 v output4/A (sky130_fd_sc_hd__clkbuf_4)
                  0.14    0.35    3.35 v output4/X (sky130_fd_sc_hd__clkbuf_4)
     1    0.03                           phase_map_out[1] (net)
                  0.14    0.00    3.35 v phase_map_out[1] (out)
                                  3.35   data arrival time

                  0.00   10.00   10.00   clock __VIRTUAL_CLK__ (rise edge)
                          0.00   10.00   clock network delay (ideal)
                         -0.25    9.75   clock uncertainty
                          0.00    9.75   clock reconvergence pessimism
                         -2.00    7.75   output external delay
                                  7.75   data required time
-----------------------------------------------------------------------------
                                  7.75   data required time
                                 -3.35   data arrival time
-----------------------------------------------------------------------------
                                  4.40   slack (MET)


Startpoint: detector_in[1] (input port clocked by __VIRTUAL_CLK__)
Endpoint: phase_map_out[0] (output port clocked by __VIRTUAL_CLK__)
Path Group: __VIRTUAL_CLK__
Path Type: max
Corner: Slowest

Fanout     Cap    Slew   Delay    Time   Description
-----------------------------------------------------------------------------
                  0.00    0.00    0.00   clock __VIRTUAL_CLK__ (rise edge)
                          0.00    0.00   clock network delay (ideal)
                          2.00    2.00 ^ input external delay
                  0.03    0.02    2.02 ^ detector_in[1] (in)
     1    0.00                           detector_in[1] (net)
                  0.03    0.00    2.02 ^ input2/A (sky130_fd_sc_hd__clkbuf_1)
                  0.16    0.21    2.22 ^ input2/X (sky130_fd_sc_hd__clkbuf_1)
     2    0.01                           net2 (net)
                  0.16    0.00    2.22 ^ _2_/A (sky130_fd_sc_hd__clkbuf_1)
                  0.09    0.22    2.44 ^ _2_/X (sky130_fd_sc_hd__clkbuf_1)
     1    0.00                           _0_ (net)
                  0.09    0.00    2.44 ^ _3_/A (sky130_fd_sc_hd__clkbuf_1)
                  0.12    0.20    2.64 ^ _3_/X (sky130_fd_sc_hd__clkbuf_1)
     1    0.01                           net3 (net)
                  0.12    0.00    2.64 ^ output3/A (sky130_fd_sc_hd__clkbuf_4)
                  0.18    0.37    3.01 ^ output3/X (sky130_fd_sc_hd__clkbuf_4)
     1    0.03                           phase_map_out[0] (net)
                  0.18    0.00    3.01 ^ phase_map_out[0] (out)
                                  3.01   data arrival time

                  0.00   10.00   10.00   clock __VIRTUAL_CLK__ (rise edge)
                          0.00   10.00   clock network delay (ideal)
                         -0.25    9.75   clock uncertainty
                          0.00    9.75   clock reconvergence pessimism
                         -2.00    7.75   output external delay
                                  7.75   data required time
-----------------------------------------------------------------------------
                                  7.75   data required time
                                 -3.01   data arrival time
-----------------------------------------------------------------------------
                                  4.74   slack (MET)



======================= Typical Corner ===================================

Startpoint: detector_in[0] (input port clocked by __VIRTUAL_CLK__)
Endpoint: phase_map_out[1] (output port clocked by __VIRTUAL_CLK__)
Path Group: __VIRTUAL_CLK__
Path Type: max
Corner: Typical

Fanout     Cap    Slew   Delay    Time   Description
-----------------------------------------------------------------------------
                  0.00    0.00    0.00   clock __VIRTUAL_CLK__ (rise edge)
                          0.00    0.00   clock network delay (ideal)
                          2.00    2.00 v input external delay
                  0.01    0.01    2.01 v detector_in[0] (in)
     1    0.00                           detector_in[0] (net)
                  0.01    0.00    2.01 v input1/A (sky130_fd_sc_hd__clkbuf_1)
                  0.05    0.10    2.11 v input1/X (sky130_fd_sc_hd__clkbuf_1)
     1    0.01                           net1 (net)
                  0.05    0.00    2.11 v _4_/A (sky130_fd_sc_hd__or2_1)
                  0.06    0.25    2.36 v _4_/X (sky130_fd_sc_hd__or2_1)
     1    0.01                           _1_ (net)
                  0.06    0.00    2.36 v _5_/A (sky130_fd_sc_hd__clkbuf_1)
                  0.04    0.12    2.48 v _5_/X (sky130_fd_sc_hd__clkbuf_1)
     1    0.01                           net4 (net)
                  0.04    0.00    2.48 v output4/A (sky130_fd_sc_hd__clkbuf_4)
                  0.08    0.19    2.67 v output4/X (sky130_fd_sc_hd__clkbuf_4)
     1    0.03                           phase_map_out[1] (net)
                  0.08    0.00    2.67 v phase_map_out[1] (out)
                                  2.67   data arrival time

                  0.00   10.00   10.00   clock __VIRTUAL_CLK__ (rise edge)
                          0.00   10.00   clock network delay (ideal)
                         -0.25    9.75   clock uncertainty
                          0.00    9.75   clock reconvergence pessimism
                         -2.00    7.75   output external delay
                                  7.75   data required time
-----------------------------------------------------------------------------
                                  7.75   data required time
                                 -2.67   data arrival time
-----------------------------------------------------------------------------
                                  5.08   slack (MET)


Startpoint: detector_in[1] (input port clocked by __VIRTUAL_CLK__)
Endpoint: phase_map_out[0] (output port clocked by __VIRTUAL_CLK__)
Path Group: __VIRTUAL_CLK__
Path Type: max
Corner: Typical

Fanout     Cap    Slew   Delay    Time   Description
-----------------------------------------------------------------------------
                  0.00    0.00    0.00   clock __VIRTUAL_CLK__ (rise edge)
                          0.00    0.00   clock network delay (ideal)
                          2.00    2.00 ^ input external delay
                  0.02    0.01    2.01 ^ detector_in[1] (in)
     1    0.00                           detector_in[1] (net)
                  0.02    0.00    2.01 ^ input2/A (sky130_fd_sc_hd__clkbuf_1)
                  0.10    0.12    2.13 ^ input2/X (sky130_fd_sc_hd__clkbuf_1)
     2    0.01                           net2 (net)
                  0.10    0.00    2.13 ^ _2_/A (sky130_fd_sc_hd__clkbuf_1)
                  0.06    0.11    2.24 ^ _2_/X (sky130_fd_sc_hd__clkbuf_1)
     1    0.00                           _0_ (net)
                  0.06    0.00    2.24 ^ _3_/A (sky130_fd_sc_hd__clkbuf_1)
                  0.07    0.11    2.35 ^ _3_/X (sky130_fd_sc_hd__clkbuf_1)
     1    0.01                           net3 (net)
                  0.07    0.00    2.35 ^ output3/A (sky130_fd_sc_hd__clkbuf_4)
                  0.11    0.20    2.56 ^ output3/X (sky130_fd_sc_hd__clkbuf_4)
     1    0.03                           phase_map_out[0] (net)
                  0.11    0.00    2.56 ^ phase_map_out[0] (out)
                                  2.56   data arrival time

                  0.00   10.00   10.00   clock __VIRTUAL_CLK__ (rise edge)
                          0.00   10.00   clock network delay (ideal)
                         -0.25    9.75   clock uncertainty
                          0.00    9.75   clock reconvergence pessimism
                         -2.00    7.75   output external delay
                                  7.75   data required time
-----------------------------------------------------------------------------
                                  7.75   data required time
                                 -2.56   data arrival time
-----------------------------------------------------------------------------
                                  5.19   slack (MET)



