Reading timing models for corner nom_ss_100C_1v60…
Reading timing library for the 'nom_ss_100C_1v60' corner at '/home/daquintero/.volare/sky130A/libs.ref/sky130_fd_sc_hd/lib/sky130_fd_sc_hd__ss_100C_1v60.lib'…
Reading top-level netlist at '/home/daquintero/piel/docs/examples/designs/amaranth_driven_flow/amaranth_driven_flow/runs/RUN_2023-09-06_14-17-18/38-openroad-fillinsertion/top.nl.v'…
Linking design 'top' from netlist…
Warning: /home/daquintero/piel/docs/examples/designs/amaranth_driven_flow/amaranth_driven_flow/runs/RUN_2023-09-06_14-17-18/38-openroad-fillinsertion/top.nl.v line 48, module sky130_fd_sc_hd__tapvpwrvgnd_1 not found. Creating black box for TAP_26.
Warning: /home/daquintero/piel/docs/examples/designs/amaranth_driven_flow/amaranth_driven_flow/runs/RUN_2023-09-06_14-17-18/38-openroad-fillinsertion/top.nl.v line 63, module sky130_ef_sc_hd__decap_12 not found. Creating black box for FILLER_0_0_6.
Warning: /home/daquintero/piel/docs/examples/designs/amaranth_driven_flow/amaranth_driven_flow/runs/RUN_2023-09-06_14-17-18/38-openroad-fillinsertion/top.nl.v line 66, module sky130_fd_sc_hd__fill_2 not found. Creating black box for FILLER_0_0_26.
Warning: /home/daquintero/piel/docs/examples/designs/amaranth_driven_flow/amaranth_driven_flow/runs/RUN_2023-09-06_14-17-18/38-openroad-fillinsertion/top.nl.v line 77, module sky130_fd_sc_hd__fill_1 not found. Creating black box for FILLER_0_1_47.
Reading design constraints file at '/nix/store/6bashvprv9zy5nqj9cccwzgsz86y8jli-python3.10-openlane/lib/python3.10/site-packages/openlane/scripts/base.sdc'…
Warning: base.sdc line 15, port '__VIRTUAL_CLK__' not found.
[INFO] Using clock __VIRTUAL_CLK__…
[INFO] Setting output delay to: 2
[INFO] Setting input delay to: 2
Warning: base.sdc line 29, port '__VIRTUAL_CLK__' not found.
[INFO] Setting load to: 0.033442
[INFO] Setting clock uncertainty to: 0.25
[INFO] Setting clock transition to: 0.1499999999999999944488848768742172978818416595458984375
Warning: base.sdc line 66, transition time can not be specified for virtual clocks.
[INFO] Setting timing derate to: 5%
Reading top-level design parasitics for the 'nom_ss_100C_1v60' corner at '/home/daquintero/piel/docs/examples/designs/amaranth_driven_flow/amaranth_driven_flow/runs/RUN_2023-09-06_14-17-18/39-openroad-rcx/nom_/top.nom_.spef'…
Warning: corner.tcl line 46, virtual clock __VIRTUAL_CLK__ can not be propagated.
%OL_CREATE_REPORT min.rpt

===========================================================================
report_checks -path_delay min (Hold)
============================================================================
======================= nom_ss_100C_1v60 Corner ===================================

Startpoint: detector_in[0] (input port clocked by __VIRTUAL_CLK__)
Endpoint: phase_map_out[1] (output port clocked by __VIRTUAL_CLK__)
Path Group: __VIRTUAL_CLK__
Path Type: min

Fanout         Cap        Slew       Delay        Time   Description
---------------------------------------------------------------------------------------------
                      0.000000    0.000000    0.000000   clock __VIRTUAL_CLK__ (rise edge)
                                  0.000000    0.000000   clock network delay (ideal)
                                  2.000000    2.000000 ^ input external delay
                      0.037297    0.019782    2.019782 ^ detector_in[0] (in)
     1    0.003554                                       detector_in[0] (net)
                      0.037297    0.000000    2.019782 ^ input1/A (sky130_fd_sc_hd__clkbuf_1)
                      0.073702    0.136522    2.156305 ^ input1/X (sky130_fd_sc_hd__clkbuf_1)
     1    0.002868                                       net1 (net)
                      0.073702    0.000078    2.156383 ^ _4_/A (sky130_fd_sc_hd__or2_1)
                      0.058970    0.157981    2.314364 ^ _4_/X (sky130_fd_sc_hd__or2_1)
     1    0.002280                                       _1_ (net)
                      0.058970    0.000044    2.314409 ^ _5_/A (sky130_fd_sc_hd__clkbuf_1)
                      0.075642    0.147798    2.462206 ^ _5_/X (sky130_fd_sc_hd__clkbuf_1)
     1    0.002982                                       net4 (net)
                      0.075643    0.000086    2.462292 ^ output4/A (sky130_fd_sc_hd__buf_2)
                      0.271052    0.345234    2.807526 ^ output4/X (sky130_fd_sc_hd__buf_2)
     1    0.034109                                       phase_map_out[1] (net)
                      0.271054    0.000682    2.808208 ^ phase_map_out[1] (out)
                                              2.808208   data arrival time

                      0.000000    0.000000    0.000000   clock __VIRTUAL_CLK__ (rise edge)
                                  0.000000    0.000000   clock network delay (ideal)
                                  0.250000    0.250000   clock uncertainty
                                  0.000000    0.250000   clock reconvergence pessimism
                                 -2.000000   -1.750000   output external delay
                                             -1.750000   data required time
---------------------------------------------------------------------------------------------
                                             -1.750000   data required time
                                             -2.808208   data arrival time
---------------------------------------------------------------------------------------------
                                              4.558208   slack (MET)


Startpoint: detector_in[1] (input port clocked by __VIRTUAL_CLK__)
Endpoint: phase_map_out[0] (output port clocked by __VIRTUAL_CLK__)
Path Group: __VIRTUAL_CLK__
Path Type: min

Fanout         Cap        Slew       Delay        Time   Description
---------------------------------------------------------------------------------------------
                      0.000000    0.000000    0.000000   clock __VIRTUAL_CLK__ (rise edge)
                                  0.000000    0.000000   clock network delay (ideal)
                                  2.000000    2.000000 v input external delay
                      0.017239    0.008219    2.008219 v detector_in[1] (in)
     1    0.002478                                       detector_in[1] (net)
                      0.017239    0.000000    2.008219 v input2/A (sky130_fd_sc_hd__buf_1)
                      0.099263    0.177795    2.186014 v input2/X (sky130_fd_sc_hd__buf_1)
     2    0.007569                                       net2 (net)
                      0.099264    0.000185    2.186199 v _2_/A (sky130_fd_sc_hd__clkbuf_1)
                      0.044733    0.168112    2.354311 v _2_/X (sky130_fd_sc_hd__clkbuf_1)
     1    0.002221                                       _0_ (net)
                      0.044733    0.000044    2.354355 v _3_/A (sky130_fd_sc_hd__clkbuf_1)
                      0.054038    0.152047    2.506401 v _3_/X (sky130_fd_sc_hd__clkbuf_1)
     1    0.003162                                       net3 (net)
                      0.054038    0.000090    2.506491 v output3/A (sky130_fd_sc_hd__clkbuf_4)
                      0.140541    0.318759    2.825250 v output3/X (sky130_fd_sc_hd__clkbuf_4)
     1    0.034781                                       phase_map_out[0] (net)
                      0.140549    0.000878    2.826128 v phase_map_out[0] (out)
                                              2.826128   data arrival time

                      0.000000    0.000000    0.000000   clock __VIRTUAL_CLK__ (rise edge)
                                  0.000000    0.000000   clock network delay (ideal)
                                  0.250000    0.250000   clock uncertainty
                                  0.000000    0.250000   clock reconvergence pessimism
                                 -2.000000   -1.750000   output external delay
                                             -1.750000   data required time
---------------------------------------------------------------------------------------------
                                             -1.750000   data required time
                                             -2.826128   data arrival time
---------------------------------------------------------------------------------------------
                                              4.576128   slack (MET)



%OL_END_REPORT
%OL_CREATE_REPORT max.rpt

===========================================================================
report_checks -path_delay max (Setup)
============================================================================
======================= nom_ss_100C_1v60 Corner ===================================

Startpoint: detector_in[1] (input port clocked by __VIRTUAL_CLK__)
Endpoint: phase_map_out[1] (output port clocked by __VIRTUAL_CLK__)
Path Group: __VIRTUAL_CLK__
Path Type: max

Fanout         Cap        Slew       Delay        Time   Description
---------------------------------------------------------------------------------------------
                      0.000000    0.000000    0.000000   clock __VIRTUAL_CLK__ (rise edge)
                                  0.000000    0.000000   clock network delay (ideal)
                                  2.000000    2.000000 v input external delay
                      0.017239    0.008219    2.008219 v detector_in[1] (in)
     1    0.002478                                       detector_in[1] (net)
                      0.017239    0.000000    2.008219 v input2/A (sky130_fd_sc_hd__buf_1)
                      0.099263    0.177795    2.186014 v input2/X (sky130_fd_sc_hd__buf_1)
     2    0.007569                                       net2 (net)
                      0.099264    0.000253    2.186267 v _4_/B (sky130_fd_sc_hd__or2_1)
                      0.090422    0.456711    2.642979 v _4_/X (sky130_fd_sc_hd__or2_1)
     1    0.002151                                       _1_ (net)
                      0.090422    0.000041    2.643020 v _5_/A (sky130_fd_sc_hd__clkbuf_1)
                      0.050944    0.169990    2.813010 v _5_/X (sky130_fd_sc_hd__clkbuf_1)
     1    0.002854                                       net4 (net)
                      0.050944    0.000081    2.813092 v output4/A (sky130_fd_sc_hd__buf_2)
                      0.165427    0.335317    3.148409 v output4/X (sky130_fd_sc_hd__buf_2)
     1    0.034109                                       phase_map_out[1] (net)
                      0.165431    0.000682    3.149091 v phase_map_out[1] (out)
                                              3.149091   data arrival time

                      0.000000   10.000000   10.000000   clock __VIRTUAL_CLK__ (rise edge)
                                  0.000000   10.000000   clock network delay (ideal)
                                 -0.250000    9.750000   clock uncertainty
                                  0.000000    9.750000   clock reconvergence pessimism
                                 -2.000000    7.750000   output external delay
                                              7.750000   data required time
---------------------------------------------------------------------------------------------
                                              7.750000   data required time
                                             -3.149091   data arrival time
---------------------------------------------------------------------------------------------
                                              4.600908   slack (MET)


Startpoint: detector_in[1] (input port clocked by __VIRTUAL_CLK__)
Endpoint: phase_map_out[0] (output port clocked by __VIRTUAL_CLK__)
Path Group: __VIRTUAL_CLK__
Path Type: max

Fanout         Cap        Slew       Delay        Time   Description
---------------------------------------------------------------------------------------------
                      0.000000    0.000000    0.000000   clock __VIRTUAL_CLK__ (rise edge)
                                  0.000000    0.000000   clock network delay (ideal)
                                  2.000000    2.000000 ^ input external delay
                      0.030977    0.014771    2.014771 ^ detector_in[1] (in)
     1    0.002607                                       detector_in[1] (net)
                      0.030977    0.000000    2.014771 ^ input2/A (sky130_fd_sc_hd__buf_1)
                      0.161744    0.198552    2.213323 ^ input2/X (sky130_fd_sc_hd__buf_1)
     2    0.007826                                       net2 (net)
                      0.161744    0.000193    2.213516 ^ _2_/A (sky130_fd_sc_hd__clkbuf_1)
                      0.065602    0.182394    2.395911 ^ _2_/X (sky130_fd_sc_hd__clkbuf_1)
     1    0.002350                                       _0_ (net)
                      0.065602    0.000046    2.395957 ^ _3_/A (sky130_fd_sc_hd__clkbuf_1)
                      0.082383    0.156063    2.552020 ^ _3_/X (sky130_fd_sc_hd__clkbuf_1)
     1    0.003374                                       net3 (net)
                      0.082383    0.000097    2.552118 ^ output3/A (sky130_fd_sc_hd__clkbuf_4)
                      0.181875    0.335669    2.887787 ^ output3/X (sky130_fd_sc_hd__clkbuf_4)
     1    0.034781                                       phase_map_out[0] (net)
                      0.181881    0.000878    2.888665 ^ phase_map_out[0] (out)
                                              2.888665   data arrival time

                      0.000000   10.000000   10.000000   clock __VIRTUAL_CLK__ (rise edge)
                                  0.000000   10.000000   clock network delay (ideal)
                                 -0.250000    9.750000   clock uncertainty
                                  0.000000    9.750000   clock reconvergence pessimism
                                 -2.000000    7.750000   output external delay
                                              7.750000   data required time
---------------------------------------------------------------------------------------------
                                              7.750000   data required time
                                             -2.888665   data arrival time
---------------------------------------------------------------------------------------------
                                              4.861335   slack (MET)



%OL_END_REPORT
%OL_CREATE_REPORT checks.rpt

===========================================================================
report_checks -unconstrained
===========================================================================
======================= nom_ss_100C_1v60 Corner ===================================

Startpoint: detector_in[1] (input port clocked by __VIRTUAL_CLK__)
Endpoint: phase_map_out[1] (output port clocked by __VIRTUAL_CLK__)
Path Group: __VIRTUAL_CLK__
Path Type: max

Fanout         Cap        Slew       Delay        Time   Description
---------------------------------------------------------------------------------------------
                      0.000000    0.000000    0.000000   clock __VIRTUAL_CLK__ (rise edge)
                                  0.000000    0.000000   clock network delay (ideal)
                                  2.000000    2.000000 v input external delay
                      0.017239    0.008219    2.008219 v detector_in[1] (in)
     1    0.002478                                       detector_in[1] (net)
                      0.017239    0.000000    2.008219 v input2/A (sky130_fd_sc_hd__buf_1)
                      0.099263    0.177795    2.186014 v input2/X (sky130_fd_sc_hd__buf_1)
     2    0.007569                                       net2 (net)
                      0.099264    0.000253    2.186267 v _4_/B (sky130_fd_sc_hd__or2_1)
                      0.090422    0.456711    2.642979 v _4_/X (sky130_fd_sc_hd__or2_1)
     1    0.002151                                       _1_ (net)
                      0.090422    0.000041    2.643020 v _5_/A (sky130_fd_sc_hd__clkbuf_1)
                      0.050944    0.169990    2.813010 v _5_/X (sky130_fd_sc_hd__clkbuf_1)
     1    0.002854                                       net4 (net)
                      0.050944    0.000081    2.813092 v output4/A (sky130_fd_sc_hd__buf_2)
                      0.165427    0.335317    3.148409 v output4/X (sky130_fd_sc_hd__buf_2)
     1    0.034109                                       phase_map_out[1] (net)
                      0.165431    0.000682    3.149091 v phase_map_out[1] (out)
                                              3.149091   data arrival time

                      0.000000   10.000000   10.000000   clock __VIRTUAL_CLK__ (rise edge)
                                  0.000000   10.000000   clock network delay (ideal)
                                 -0.250000    9.750000   clock uncertainty
                                  0.000000    9.750000   clock reconvergence pessimism
                                 -2.000000    7.750000   output external delay
                                              7.750000   data required time
---------------------------------------------------------------------------------------------
                                              7.750000   data required time
                                             -3.149091   data arrival time
---------------------------------------------------------------------------------------------
                                              4.600908   slack (MET)




===========================================================================
report_checks --slack_max -0.01
============================================================================
======================= nom_ss_100C_1v60 Corner ===================================

No paths found.


===========================================================================
 report_check_types -max_slew -max_cap -max_fanout -violators
============================================================================
======================= nom_ss_100C_1v60 Corner ===================================



===========================================================================
report_parasitic_annotation -report_unannotated
============================================================================
Found 0 unannotated drivers.
Found 0 partially unannotated drivers.

===========================================================================
max slew violation count 0
%OL_METRIC_I design__max_slew_violation__count__corner:nom_ss_100C_1v60 0
max fanout violation count 0
%OL_METRIC_I design__max_fanout_violation__count__corner:nom_ss_100C_1v60 0
max cap violation count 0
%OL_METRIC_I design__max_cap_violation__count__corner:nom_ss_100C_1v60 0
============================================================================

===========================================================================
check_setup -verbose -unconstrained_endpoints -multiple_clock -no_clock -no_input_delay -loops -generated_clocks
===========================================================================
%OL_END_REPORT
%OL_CREATE_REPORT power.rpt

===========================================================================
 report_power
============================================================================
======================= nom_ss_100C_1v60 Corner ===================================

Group                    Internal    Switching      Leakage        Total
                            Power        Power        Power        Power (Watts)
------------------------------------------------------------------------
Sequential           0.000000e+00 0.000000e+00 0.000000e+00 0.000000e+00   0.0%
Combinational        7.293396e-07 1.159290e-06 3.734520e-08 1.925974e-06 100.0%
Macro                0.000000e+00 0.000000e+00 0.000000e+00 0.000000e+00   0.0%
Pad                  0.000000e+00 0.000000e+00 0.000000e+00 0.000000e+00   0.0%
------------------------------------------------------------------------
Total                7.293396e-07 1.159290e-06 3.734520e-08 1.925974e-06 100.0%
                            37.9%        60.2%         1.9%

%OL_END_REPORT
%OL_CREATE_REPORT skew.min.rpt

===========================================================================
Clock Skew (Hold)
============================================================================
%OL_METRIC_F clock__skew__worst_hold__corner:nom_ss_100C_1v60 0.000000
======================= nom_ss_100C_1v60 Corner ===================================

Clock __VIRTUAL_CLK__
No launch/capture paths found.

%OL_END_REPORT
%OL_CREATE_REPORT skew.max.rpt

===========================================================================
Clock Skew (Setup)
============================================================================
%OL_METRIC_F clock__skew__worst_setup__corner:nom_ss_100C_1v60 0.000000
======================= nom_ss_100C_1v60 Corner ===================================

Clock __VIRTUAL_CLK__
No launch/capture paths found.

%OL_END_REPORT
%OL_CREATE_REPORT ws.min.rpt

===========================================================================
Worst Slack (Hold)
============================================================================
%OL_METRIC_F timing__hold__ws__corner:nom_ss_100C_1v60 4.558208
nom_ss_100C_1v60: 4.558208
%OL_END_REPORT
%OL_CREATE_REPORT ws.max.rpt

===========================================================================
Worst Slack (Setup)
============================================================================
%OL_METRIC_F timing__setup__ws__corner:nom_ss_100C_1v60 4.600908
nom_ss_100C_1v60: 4.600908
%OL_END_REPORT
%OL_CREATE_REPORT tns.min.rpt

===========================================================================
Total Negative Slack (Hold)
============================================================================
%OL_METRIC_F timing__hold__tns__corner:nom_ss_100C_1v60 0.000000
nom_ss_100C_1v60: 0.000000
%OL_END_REPORT
%OL_CREATE_REPORT tns.max.rpt

===========================================================================
Total Negative Slack (Setup)
============================================================================
%OL_METRIC_F timing__setup__tns__corner:nom_ss_100C_1v60 0.000000
nom_ss_100C_1v60: 0.000000
%OL_END_REPORT
%OL_CREATE_REPORT wns.min.rpt

===========================================================================
Worst Negative Slack (Hold)
============================================================================
%OL_METRIC_F timing__hold__wns__corner:nom_ss_100C_1v60 0
nom_ss_100C_1v60: 0
%OL_END_REPORT
%OL_CREATE_REPORT wns.max.rpt

===========================================================================
Worst Negative Slack (Setup)
============================================================================
%OL_METRIC_F timing__setup__wns__corner:nom_ss_100C_1v60 0.0
nom_ss_100C_1v60: 0.0
%OL_END_REPORT
%OL_CREATE_REPORT violator_list.rpt

===========================================================================
Violator List
============================================================================
%OL_METRIC_I timing__hold_vio__count__corner:nom_ss_100C_1v60 0
%OL_METRIC_I timing__hold_r2r_vio__count__corner:nom_ss_100C_1v60 0
%OL_METRIC_I timing__setup_vio__count__corner:nom_ss_100C_1v60 0
%OL_METRIC_I timing__setup_r2r_vio__count__corner:nom_ss_100C_1v60 0
%OL_END_REPORT
Writing SDF files for all corners…
Writing timing models for all corners…
Writing timing models for the nom_ss_100C_1v60 corner to /home/daquintero/piel/docs/examples/designs/amaranth_driven_flow/amaranth_driven_flow/runs/RUN_2023-09-06_14-17-18/40-openroad-stapostpnr/nom_ss_100C_1v60/top__nom_ss_100C_1v60.lib…
