Reading OpenROAD database at '/home/daquintero/piel/docs/examples/designs/amaranth_driven_flow/amaranth_driven_flow/runs/RUN_2023-09-06_14-17-18/18-openroad-generatepdn/top.odb'…
Reading library file at '/home/daquintero/piel/docs/examples/designs/amaranth_driven_flow/amaranth_driven_flow/runs/RUN_2023-09-06_14-17-18/tmp/dbd258de15d844078f61a3de7d685d2f.lib'…
Reading design constraints file at '/nix/store/6bashvprv9zy5nqj9cccwzgsz86y8jli-python3.10-openlane/lib/python3.10/site-packages/openlane/scripts/base.sdc'…
[WARNING STA-0337] port '__VIRTUAL_CLK__' not found.
[INFO] Using clock __VIRTUAL_CLK__…
[INFO] Setting output delay to: 2
[INFO] Setting input delay to: 2
[WARNING STA-0337] port '__VIRTUAL_CLK__' not found.
[INFO] Setting load to: 0.033442
[INFO] Setting clock uncertainty to: 0.25
[INFO] Setting clock transition to: 0.1499999999999999944488848768742172978818416595458984375
[WARNING STA-0559] transition time can not be specified for virtual clocks.
[INFO] Setting timing derate to: 5%
[INFO] Setting RC values…
[INFO] Setting signal min routing layer to: met1 and clock min routing layer to met1.
[INFO] Setting signal max routing layer to: met5 and clock max routing layer to met5.
[INFO GPL-0002] DBU: 1000
[INFO GPL-0003] SiteSize: 460 2720
[INFO GPL-0004] CoreAreaLxLy: 5520 10880
[INFO GPL-0005] CoreAreaUxUy: 28980 46240
[INFO GPL-0006] NumInstances: 37
[INFO GPL-0007] NumPlaceInstances: 4
[INFO GPL-0008] NumFixedInstances: 33
[INFO GPL-0009] NumDummyInstances: 0
[INFO GPL-0010] NumNets: 6
[INFO GPL-0011] NumPins: 13
[INFO GPL-0012] DieAreaLxLy: 0 0
[INFO GPL-0013] DieAreaUxUy: 34500 57120
[INFO GPL-0014] CoreAreaLxLy: 5520 10880
[INFO GPL-0015] CoreAreaUxUy: 28980 46240
[INFO GPL-0016] CoreArea: 829545600
[INFO GPL-0017] NonPlaceInstsArea: 106352000
[INFO GPL-0018] PlaceInstsArea: 17516800
[INFO GPL-0019] Util(%): 2.42
[INFO GPL-0020] StdInstsArea: 17516800
[INFO GPL-0021] MacroInstsArea: 0
[InitialPlace]  Iter: 1 CG residual: 0.00000000 HPWL: 199290
[InitialPlace]  Iter: 2 CG residual: 0.00000009 HPWL: 172307
[InitialPlace]  Iter: 3 CG residual: 0.00000001 HPWL: 166759
[InitialPlace]  Iter: 4 CG residual: 0.00000000 HPWL: 157753
[InitialPlace]  Iter: 5 CG residual: 0.00000000 HPWL: 149457
[INFO GPL-0031] FillerInit: NumGCells: 143
[INFO GPL-0032] FillerInit: NumGNets: 6
[INFO GPL-0033] FillerInit: NumGPins: 13
[INFO GPL-0023] TargetDensity: 0.75
[INFO GPL-0024] AveragePlaceInstArea: 4379200
[INFO GPL-0025] IdealBinArea: 5838934
[INFO GPL-0026] IdealBinCnt: 142
[INFO GPL-0027] TotalBinArea: 829545600
[INFO GPL-0028] BinCnt: 8 8
[INFO GPL-0029] BinSize: 2933 4420
[INFO GPL-0030] NumBins: 64
[NesterovSolve] Iter: 1 overflow: 0 HPWL: 117565
[INFO GPL-0100] worst slack 5.36e-09
[INFO GPL-0103] Weighted 0 nets.
[NesterovSolve] Snapshot saved at iter = 0
[INFO GPL-0075] Routability numCall: 1 inflationIterCnt: 1 bloatIterCnt: 0
[INFO GPL-0036] TileLxLy: 0 0
[INFO GPL-0037] TileSize: 6900 6900
[INFO GPL-0038] TileCnt: 5 8
[INFO GPL-0039] numRoutingLayers: 6
[INFO GPL-0040] NumTiles: 40
[INFO GPL-0063] TotalRouteOverflowH2: 0
[INFO GPL-0064] TotalRouteOverflowV2: 0
[INFO GPL-0065] OverflowTileCnt2: 0
[INFO GPL-0066] 0.5%RC: 0.6666666865348816
[INFO GPL-0067] 1.0%RC: 0.6666666865348816
[INFO GPL-0068] 2.0%RC: 0.6666666865348816
[INFO GPL-0069] 5.0%RC: 0.6666666865348816
[INFO GPL-0070] 0.5rcK: 1
[INFO GPL-0071] 1.0rcK: 1
[INFO GPL-0072] 2.0rcK: 0
[INFO GPL-0073] 5.0rcK: 0
[INFO GPL-0074] FinalRC: 0.6666667
[NesterovSolve] Finished with Overflow: 0.000000
[INFO] Setting RC values…
Setting global connections for newly added cells…
[INFO] Setting global connections...
Writing OpenROAD database to '/home/daquintero/piel/docs/examples/designs/amaranth_driven_flow/amaranth_driven_flow/runs/RUN_2023-09-06_14-17-18/19-openroad-globalplacement/top.odb'…
Writing netlist to '/home/daquintero/piel/docs/examples/designs/amaranth_driven_flow/amaranth_driven_flow/runs/RUN_2023-09-06_14-17-18/19-openroad-globalplacement/top.nl.v'…
Writing powered netlist to '/home/daquintero/piel/docs/examples/designs/amaranth_driven_flow/amaranth_driven_flow/runs/RUN_2023-09-06_14-17-18/19-openroad-globalplacement/top.pnl.v'…
Writing layout to '/home/daquintero/piel/docs/examples/designs/amaranth_driven_flow/amaranth_driven_flow/runs/RUN_2023-09-06_14-17-18/19-openroad-globalplacement/top.def'…
