Starting…
Running 'Yosys.Synthesis'…
Logging subprocess to [repr.filename][link=file:///home/daquintero/phd/piel/docs/examples/07_full_flow_demo_electronic_photonic/full_flow_demo/full_flow_demo/runs/RUN_2024-06-20_14-47-46/01-yosys-synthesis/yosys-synthesis.log]runs/RUN_2024-06-20_14-47-46/01-yosys-synthesis/yosys-synthesis.log[/link][/repr.filename]…
Parsing synthesis checks…
Running 'OpenROAD.CheckSDCFiles'…
'PNR_SDC_FILE' is not defined. Using generic fallback SDC for OpenROAD PnR steps.
'SIGNOFF_SDC_FILE' is not defined. Using generic fallback SDC for OpenROAD PnR steps.
Running 'OpenROAD.Floorplan'…
Logging subprocess to [repr.filename][link=file:///home/daquintero/phd/piel/docs/examples/07_full_flow_demo_electronic_photonic/full_flow_demo/full_flow_demo/runs/RUN_2024-06-20_14-47-46/03-openroad-floorplan/openroad-floorplan.log]runs/RUN_2024-06-20_14-47-46/03-openroad-floorplan/openroad-floorplan.log[/link][/repr.filename]…
[STA-0366] port 'None' not found.
[STA-0366] port 'None' not found.
[STA-0419] transition time can not be specified for virtual clocks.
Running 'OpenROAD.TapEndcapInsertion'…
Logging subprocess to [repr.filename][link=file:///home/daquintero/phd/piel/docs/examples/07_full_flow_demo_electronic_photonic/full_flow_demo/full_flow_demo/runs/RUN_2024-06-20_14-47-46/04-openroad-tapendcapinsertion/openroad-tapendcapinsertion.log]runs/RUN_2024-06-20_14-47-46/04-openroad-tapendcapinsertion/openroad-tapendcapinsertion.log[/link][/repr.filename]…
[STA-0366] port 'None' not found.
[STA-0366] port 'None' not found.
[STA-0419] transition time can not be specified for virtual clocks.
Running 'OpenROAD.GeneratePDN'…
'FP_PDN_CFG' not explicitly set, setting it to /nix/store/9jb8wsk32ny2yy5ghcaq3y7mbmmavi2c-python3.11-openlane/lib/python3.11/site-packages/openlane/scripts/openroad/common/pdn_cfg.tcl…
Logging subprocess to [repr.filename][link=file:///home/daquintero/phd/piel/docs/examples/07_full_flow_demo_electronic_photonic/full_flow_demo/full_flow_demo/runs/RUN_2024-06-20_14-47-46/05-openroad-generatepdn/openroad-generatepdn.log]runs/RUN_2024-06-20_14-47-46/05-openroad-generatepdn/openroad-generatepdn.log[/link][/repr.filename]…
[STA-0366] port 'None' not found.
[STA-0366] port 'None' not found.
[STA-0419] transition time can not be specified for virtual clocks.
Running 'OpenROAD.IOPlacement'…
Logging subprocess to [repr.filename][link=file:///home/daquintero/phd/piel/docs/examples/07_full_flow_demo_electronic_photonic/full_flow_demo/full_flow_demo/runs/RUN_2024-06-20_14-47-46/06-openroad-ioplacement/openroad-ioplacement.log]runs/RUN_2024-06-20_14-47-46/06-openroad-ioplacement/openroad-ioplacement.log[/link][/repr.filename]…
[STA-0366] port 'None' not found.
[STA-0366] port 'None' not found.
[STA-0419] transition time can not be specified for virtual clocks.
Running 'OpenROAD.GlobalPlacement'…
Logging subprocess to [repr.filename][link=file:///home/daquintero/phd/piel/docs/examples/07_full_flow_demo_electronic_photonic/full_flow_demo/full_flow_demo/runs/RUN_2024-06-20_14-47-46/07-openroad-globalplacement/openroad-globalplacement.log]runs/RUN_2024-06-20_14-47-46/07-openroad-globalplacement/openroad-globalplacement.log[/link][/repr.filename]…
[STA-0366] port 'None' not found.
[STA-0366] port 'None' not found.
[STA-0419] transition time can not be specified for virtual clocks.
Running 'OpenROAD.RepairDesign'…
Logging subprocess to [repr.filename][link=file:///home/daquintero/phd/piel/docs/examples/07_full_flow_demo_electronic_photonic/full_flow_demo/full_flow_demo/runs/RUN_2024-06-20_14-47-46/08-openroad-repairdesign/openroad-repairdesign.log]runs/RUN_2024-06-20_14-47-46/08-openroad-repairdesign/openroad-repairdesign.log[/link][/repr.filename]…
[STA-0366] port 'None' not found.
[STA-0366] port 'None' not found.
[STA-0419] transition time can not be specified for virtual clocks.
[STA-0101] object 'out' not found.
[STA-0101] object 'out' not found.
Running 'OpenROAD.DetailedPlacement'…
Logging subprocess to [repr.filename][link=file:///home/daquintero/phd/piel/docs/examples/07_full_flow_demo_electronic_photonic/full_flow_demo/full_flow_demo/runs/RUN_2024-06-20_14-47-46/09-openroad-detailedplacement/openroad-detailedplacement.log]runs/RUN_2024-06-20_14-47-46/09-openroad-detailedplacement/openroad-detailedplacement.log[/link][/repr.filename]…
[STA-0366] port 'None' not found.
[STA-0366] port 'None' not found.
[STA-0419] transition time can not be specified for virtual clocks.
Running 'OpenROAD.GlobalRouting'…
Logging subprocess to [repr.filename][link=file:///home/daquintero/phd/piel/docs/examples/07_full_flow_demo_electronic_photonic/full_flow_demo/full_flow_demo/runs/RUN_2024-06-20_14-47-46/10-openroad-globalrouting/openroad-globalrouting.log]runs/RUN_2024-06-20_14-47-46/10-openroad-globalrouting/openroad-globalrouting.log[/link][/repr.filename]…
[STA-0366] port 'None' not found.
[STA-0366] port 'None' not found.
[STA-0419] transition time can not be specified for virtual clocks.
[STA-0450] virtual clock None can not be propagated.
Running 'OpenROAD.DetailedRouting'…
Running TritonRoute with 20 threads…
Logging subprocess to [repr.filename][link=file:///home/daquintero/phd/piel/docs/examples/07_full_flow_demo_electronic_photonic/full_flow_demo/full_flow_demo/runs/RUN_2024-06-20_14-47-46/11-openroad-detailedrouting/openroad-detailedrouting.log]runs/RUN_2024-06-20_14-47-46/11-openroad-detailedrouting/openroad-detailedrouting.log[/link][/repr.filename]…
[STA-0366] port 'None' not found.
[STA-0366] port 'None' not found.
[STA-0419] transition time can not be specified for virtual clocks.
[DRT-0349] LEF58_ENCLOSURE with no CUTCLASS is not supported. Skipping for layer mcon
[DRT-0349] LEF58_ENCLOSURE with no CUTCLASS is not supported. Skipping for layer mcon
[DRT-0349] LEF58_ENCLOSURE with no CUTCLASS is not supported. Skipping for layer via
[DRT-0349] LEF58_ENCLOSURE with no CUTCLASS is not supported. Skipping for layer via
[DRT-0349] LEF58_ENCLOSURE with no CUTCLASS is not supported. Skipping for layer via2
[DRT-0349] LEF58_ENCLOSURE with no CUTCLASS is not supported. Skipping for layer via2
[DRT-0349] LEF58_ENCLOSURE with no CUTCLASS is not supported. Skipping for layer via3
[DRT-0349] LEF58_ENCLOSURE with no CUTCLASS is not supported. Skipping for layer via3
[DRT-0349] LEF58_ENCLOSURE with no CUTCLASS is not supported. Skipping for layer via4
[DRT-0349] LEF58_ENCLOSURE with no CUTCLASS is not supported. Skipping for layer via4
Running 'OpenROAD.FillInsertion'…
Logging subprocess to [repr.filename][link=file:///home/daquintero/phd/piel/docs/examples/07_full_flow_demo_electronic_photonic/full_flow_demo/full_flow_demo/runs/RUN_2024-06-20_14-47-46/12-openroad-fillinsertion/openroad-fillinsertion.log]runs/RUN_2024-06-20_14-47-46/12-openroad-fillinsertion/openroad-fillinsertion.log[/link][/repr.filename]…
[STA-0366] port 'None' not found.
[STA-0366] port 'None' not found.
[STA-0419] transition time can not be specified for virtual clocks.
Running 'Magic.StreamOut'…
Logging subprocess to [repr.filename][link=file:///home/daquintero/phd/piel/docs/examples/07_full_flow_demo_electronic_photonic/full_flow_demo/full_flow_demo/runs/RUN_2024-06-20_14-47-46/13-magic-streamout/magic-streamout.log]runs/RUN_2024-06-20_14-47-46/13-magic-streamout/magic-streamout.log[/link][/repr.filename]…
Running 'Magic.DRC'…
Logging subprocess to [repr.filename][link=file:///home/daquintero/phd/piel/docs/examples/07_full_flow_demo_electronic_photonic/full_flow_demo/full_flow_demo/runs/RUN_2024-06-20_14-47-46/14-magic-drc/magic-drc.log]runs/RUN_2024-06-20_14-47-46/14-magic-drc/magic-drc.log[/link][/repr.filename]…
Running 'Checker.MagicDRC'…
Check for Magic DRC errors clear.
Running 'Magic.SpiceExtraction'…
Logging subprocess to [repr.filename][link=file:///home/daquintero/phd/piel/docs/examples/07_full_flow_demo_electronic_photonic/full_flow_demo/full_flow_demo/runs/RUN_2024-06-20_14-47-46/16-magic-spiceextraction/magic-spiceextraction.log]runs/RUN_2024-06-20_14-47-46/16-magic-spiceextraction/magic-spiceextraction.log[/link][/repr.filename]…
Running 'Netgen.LVS'…
Logging subprocess to [repr.filename][link=file:///home/daquintero/phd/piel/docs/examples/07_full_flow_demo_electronic_photonic/full_flow_demo/full_flow_demo/runs/RUN_2024-06-20_14-47-46/17-netgen-lvs/netgen-lvs.log]runs/RUN_2024-06-20_14-47-46/17-netgen-lvs/netgen-lvs.log[/link][/repr.filename]…
Running 'Checker.LVS'…
Check for LVS errors clear.
Saving views to '/home/daquintero/phd/piel/docs/examples/07_full_flow_demo_electronic_photonic/full_flow_demo/full_flow_demo/runs/RUN_2024-06-20_14-47-46/final'…
Flow complete.
