
===========================================================================
report_checks -path_delay max (Setup)
============================================================================
======================= Typical Corner ===================================

Startpoint: in (input port clocked by __VIRTUAL_CLK__)
Endpoint: out (output port clocked by __VIRTUAL_CLK__)
Path Group: __VIRTUAL_CLK__
Path Type: max

Fanout     Cap    Slew   Delay    Time   Description
-----------------------------------------------------------------------------
                  0.00    0.00    0.00   clock __VIRTUAL_CLK__ (rise edge)
                          0.00    0.00   clock network delay (ideal)
                          2.00    2.00 ^ input external delay
                  0.02    0.01    2.01 ^ in (in)
     1    0.00                           in (net)
                  0.02    0.00    2.01 ^ input1/A (sky130_fd_sc_hd__buf_1)
                  0.12    0.13    2.15 ^ input1/X (sky130_fd_sc_hd__buf_1)
     1    0.01                           net1 (net)
                  0.12    0.00    2.15 ^ _0_/A (sky130_fd_sc_hd__inv_2)
                  0.02    0.04    2.18 v _0_/Y (sky130_fd_sc_hd__inv_2)
     1    0.00                           net2 (net)
                  0.02    0.00    2.18 v output2/A (sky130_fd_sc_hd__clkbuf_4)
                  0.08    0.18    2.36 v output2/X (sky130_fd_sc_hd__clkbuf_4)
     1    0.03                           out (net)
                  0.08    0.00    2.37 v out (out)
                                  2.37   data arrival time

                  0.00   10.00   10.00   clock __VIRTUAL_CLK__ (rise edge)
                          0.00   10.00   clock network delay (ideal)
                         -0.25    9.75   clock uncertainty
                          0.00    9.75   clock reconvergence pessimism
                         -2.00    7.75   output external delay
                                  7.75   data required time
-----------------------------------------------------------------------------
                                  7.75   data required time
                                 -2.37   data arrival time
-----------------------------------------------------------------------------
                                  5.38   slack (MET)



