Reading OpenROAD database at '/home/daquintero/piel/docs/examples/designs/amaranth_driven_flow/amaranth_driven_flow/runs/RUN_2023-09-06_14-17-18/30-openroad-resizertimingpostgrt/top.odb'…
Reading library file at '/home/daquintero/piel/docs/examples/designs/amaranth_driven_flow/amaranth_driven_flow/runs/RUN_2023-09-06_14-17-18/tmp/dbd258de15d844078f61a3de7d685d2f.lib'…
Reading design constraints file at '/nix/store/6bashvprv9zy5nqj9cccwzgsz86y8jli-python3.10-openlane/lib/python3.10/site-packages/openlane/scripts/base.sdc'…
[WARNING STA-0337] port '__VIRTUAL_CLK__' not found.
[INFO] Using clock __VIRTUAL_CLK__…
[INFO] Setting output delay to: 2
[INFO] Setting input delay to: 2
[WARNING STA-0337] port '__VIRTUAL_CLK__' not found.
[INFO] Setting load to: 0.033442
[INFO] Setting clock uncertainty to: 0.25
[INFO] Setting clock transition to: 0.1499999999999999944488848768742172978818416595458984375
[WARNING STA-0559] transition time can not be specified for virtual clocks.
[INFO] Setting timing derate to: 5%
[WARNING STA-0357] virtual clock __VIRTUAL_CLK__ can not be propagated.
%OL_CREATE_REPORT min.rpt

===========================================================================
report_checks -path_delay min (Hold)
============================================================================
======================= nom_tt_025C_1v80 Corner ===================================

Startpoint: detector_in[1] (input port clocked by __VIRTUAL_CLK__)
Endpoint: phase_map_out[0] (output port clocked by __VIRTUAL_CLK__)
Path Group: __VIRTUAL_CLK__
Path Type: min

Fanout         Cap        Slew       Delay        Time   Description
---------------------------------------------------------------------------------------------
                      0.000000    0.000000    0.000000   clock __VIRTUAL_CLK__ (rise edge)
                                  0.000000    0.000000   clock network delay (ideal)
                                  2.000000    2.000000 v input external delay
                      0.009705    0.005221    2.005221 v detector_in[1] (in)
     1    0.003260                                       detector_in[1] (net)
                      0.009706    0.000000    2.005221 v input2/A (sky130_fd_sc_hd__buf_1)
                      0.030541    0.075747    2.080968 v input2/X (sky130_fd_sc_hd__buf_1)
     2    0.003382                                       net2 (net)
                      0.030541    0.000000    2.080968 v _2_/A (sky130_fd_sc_hd__clkbuf_1)
                      0.025191    0.079470    2.160437 v _2_/X (sky130_fd_sc_hd__clkbuf_1)
     1    0.002531                                       _0_ (net)
                      0.025191    0.000055    2.160492 v _3_/A (sky130_fd_sc_hd__clkbuf_1)
                      0.027804    0.079869    2.240362 v _3_/X (sky130_fd_sc_hd__clkbuf_1)
     1    0.003035                                       net3 (net)
                      0.027804    0.000074    2.240436 v output3/A (sky130_fd_sc_hd__clkbuf_4)
                      0.085187    0.179133    2.419569 v output3/X (sky130_fd_sc_hd__clkbuf_4)
     1    0.037221                                       phase_map_out[0] (net)
                      0.085209    0.001140    2.420708 v phase_map_out[0] (out)
                                              2.420708   data arrival time

                      0.000000    0.000000    0.000000   clock __VIRTUAL_CLK__ (rise edge)
                                  0.000000    0.000000   clock network delay (ideal)
                                  0.250000    0.250000   clock uncertainty
                                  0.000000    0.250000   clock reconvergence pessimism
                                 -2.000000   -1.750000   output external delay
                                             -1.750000   data required time
---------------------------------------------------------------------------------------------
                                             -1.750000   data required time
                                             -2.420708   data arrival time
---------------------------------------------------------------------------------------------
                                              4.170708   slack (MET)


Startpoint: detector_in[1] (input port clocked by __VIRTUAL_CLK__)
Endpoint: phase_map_out[1] (output port clocked by __VIRTUAL_CLK__)
Path Group: __VIRTUAL_CLK__
Path Type: min

Fanout         Cap        Slew       Delay        Time   Description
---------------------------------------------------------------------------------------------
                      0.000000    0.000000    0.000000   clock __VIRTUAL_CLK__ (rise edge)
                                  0.000000    0.000000   clock network delay (ideal)
                                  2.000000    2.000000 ^ input external delay
                      0.022496    0.012557    2.012557 ^ detector_in[1] (in)
     1    0.003436                                       detector_in[1] (net)
                      0.022496    0.000000    2.012557 ^ input2/A (sky130_fd_sc_hd__buf_1)
                      0.056226    0.080389    2.092946 ^ input2/X (sky130_fd_sc_hd__buf_1)
     2    0.003733                                       net2 (net)
                      0.056226    0.000000    2.092946 ^ _4_/B (sky130_fd_sc_hd__or2_1)
                      0.038459    0.090995    2.183942 ^ _4_/X (sky130_fd_sc_hd__or2_1)
     1    0.002678                                       _1_ (net)
                      0.038459    0.000058    2.183999 ^ _5_/A (sky130_fd_sc_hd__clkbuf_1)
                      0.051154    0.083543    2.267542 ^ _5_/X (sky130_fd_sc_hd__clkbuf_1)
     1    0.003452                                       net4 (net)
                      0.051154    0.000117    2.267659 ^ output4/A (sky130_fd_sc_hd__buf_2)
                      0.170727    0.200521    2.468179 ^ output4/X (sky130_fd_sc_hd__buf_2)
     1    0.034376                                       phase_map_out[1] (net)
                      0.170734    0.000900    2.469080 ^ phase_map_out[1] (out)
                                              2.469080   data arrival time

                      0.000000    0.000000    0.000000   clock __VIRTUAL_CLK__ (rise edge)
                                  0.000000    0.000000   clock network delay (ideal)
                                  0.250000    0.250000   clock uncertainty
                                  0.000000    0.250000   clock reconvergence pessimism
                                 -2.000000   -1.750000   output external delay
                                             -1.750000   data required time
---------------------------------------------------------------------------------------------
                                             -1.750000   data required time
                                             -2.469080   data arrival time
---------------------------------------------------------------------------------------------
                                              4.219079   slack (MET)



%OL_END_REPORT
%OL_CREATE_REPORT max.rpt

===========================================================================
report_checks -path_delay max (Setup)
============================================================================
======================= nom_tt_025C_1v80 Corner ===================================

Startpoint: detector_in[0] (input port clocked by __VIRTUAL_CLK__)
Endpoint: phase_map_out[1] (output port clocked by __VIRTUAL_CLK__)
Path Group: __VIRTUAL_CLK__
Path Type: max

Fanout         Cap        Slew       Delay        Time   Description
---------------------------------------------------------------------------------------------
                      0.000000    0.000000    0.000000   clock __VIRTUAL_CLK__ (rise edge)
                                  0.000000    0.000000   clock network delay (ideal)
                                  2.000000    2.000000 v input external delay
                      0.016266    0.010123    2.010123 v detector_in[0] (in)
     1    0.006224                                       detector_in[0] (net)
                      0.016268    0.000000    2.010123 v input1/A (sky130_fd_sc_hd__clkbuf_1)
                      0.028338    0.076993    2.087116 v input1/X (sky130_fd_sc_hd__clkbuf_1)
     1    0.003151                                       net1 (net)
                      0.028339    0.000104    2.087219 v _4_/A (sky130_fd_sc_hd__or2_1)
                      0.046139    0.211694    2.298913 v _4_/X (sky130_fd_sc_hd__or2_1)
     1    0.002502                                       _1_ (net)
                      0.046139    0.000054    2.298967 v _5_/A (sky130_fd_sc_hd__clkbuf_1)
                      0.029101    0.090479    2.389446 v _5_/X (sky130_fd_sc_hd__clkbuf_1)
     1    0.003292                                       net4 (net)
                      0.029101    0.000109    2.389555 v output4/A (sky130_fd_sc_hd__buf_2)
                      0.089985    0.173261    2.562817 v output4/X (sky130_fd_sc_hd__buf_2)
     1    0.034376                                       phase_map_out[1] (net)
                      0.089998    0.000900    2.563716 v phase_map_out[1] (out)
                                              2.563716   data arrival time

                      0.000000   10.000000   10.000000   clock __VIRTUAL_CLK__ (rise edge)
                                  0.000000   10.000000   clock network delay (ideal)
                                 -0.250000    9.750000   clock uncertainty
                                  0.000000    9.750000   clock reconvergence pessimism
                                 -2.000000    7.750000   output external delay
                                              7.750000   data required time
---------------------------------------------------------------------------------------------
                                              7.750000   data required time
                                             -2.563716   data arrival time
---------------------------------------------------------------------------------------------
                                              5.186284   slack (MET)


Startpoint: detector_in[1] (input port clocked by __VIRTUAL_CLK__)
Endpoint: phase_map_out[0] (output port clocked by __VIRTUAL_CLK__)
Path Group: __VIRTUAL_CLK__
Path Type: max

Fanout         Cap        Slew       Delay        Time   Description
---------------------------------------------------------------------------------------------
                      0.000000    0.000000    0.000000   clock __VIRTUAL_CLK__ (rise edge)
                                  0.000000    0.000000   clock network delay (ideal)
                                  2.000000    2.000000 ^ input external delay
                      0.022496    0.012557    2.012557 ^ detector_in[1] (in)
     1    0.003436                                       detector_in[1] (net)
                      0.022496    0.000000    2.012557 ^ input2/A (sky130_fd_sc_hd__buf_1)
                      0.056226    0.080389    2.092946 ^ input2/X (sky130_fd_sc_hd__buf_1)
     2    0.003733                                       net2 (net)
                      0.056226    0.000000    2.092946 ^ _2_/A (sky130_fd_sc_hd__clkbuf_1)
                      0.043084    0.083393    2.176339 ^ _2_/X (sky130_fd_sc_hd__clkbuf_1)
     1    0.002707                                       _0_ (net)
                      0.043084    0.000059    2.176399 ^ _3_/A (sky130_fd_sc_hd__clkbuf_1)
                      0.049249    0.083773    2.260171 ^ _3_/X (sky130_fd_sc_hd__clkbuf_1)
     1    0.003279                                       net3 (net)
                      0.049249    0.000081    2.260252 ^ output3/A (sky130_fd_sc_hd__clkbuf_4)
                      0.120784    0.191918    2.452170 ^ output3/X (sky130_fd_sc_hd__clkbuf_4)
     1    0.037221                                       phase_map_out[0] (net)
                      0.120800    0.001140    2.453310 ^ phase_map_out[0] (out)
                                              2.453310   data arrival time

                      0.000000   10.000000   10.000000   clock __VIRTUAL_CLK__ (rise edge)
                                  0.000000   10.000000   clock network delay (ideal)
                                 -0.250000    9.750000   clock uncertainty
                                  0.000000    9.750000   clock reconvergence pessimism
                                 -2.000000    7.750000   output external delay
                                              7.750000   data required time
---------------------------------------------------------------------------------------------
                                              7.750000   data required time
                                             -2.453310   data arrival time
---------------------------------------------------------------------------------------------
                                              5.296690   slack (MET)



%OL_END_REPORT
%OL_CREATE_REPORT checks.rpt

===========================================================================
report_checks -unconstrained
===========================================================================
======================= nom_tt_025C_1v80 Corner ===================================

Startpoint: detector_in[0] (input port clocked by __VIRTUAL_CLK__)
Endpoint: phase_map_out[1] (output port clocked by __VIRTUAL_CLK__)
Path Group: __VIRTUAL_CLK__
Path Type: max

Fanout         Cap        Slew       Delay        Time   Description
---------------------------------------------------------------------------------------------
                      0.000000    0.000000    0.000000   clock __VIRTUAL_CLK__ (rise edge)
                                  0.000000    0.000000   clock network delay (ideal)
                                  2.000000    2.000000 v input external delay
                      0.016266    0.010123    2.010123 v detector_in[0] (in)
     1    0.006224                                       detector_in[0] (net)
                      0.016268    0.000000    2.010123 v input1/A (sky130_fd_sc_hd__clkbuf_1)
                      0.028338    0.076993    2.087116 v input1/X (sky130_fd_sc_hd__clkbuf_1)
     1    0.003151                                       net1 (net)
                      0.028339    0.000104    2.087219 v _4_/A (sky130_fd_sc_hd__or2_1)
                      0.046139    0.211694    2.298913 v _4_/X (sky130_fd_sc_hd__or2_1)
     1    0.002502                                       _1_ (net)
                      0.046139    0.000054    2.298967 v _5_/A (sky130_fd_sc_hd__clkbuf_1)
                      0.029101    0.090479    2.389446 v _5_/X (sky130_fd_sc_hd__clkbuf_1)
     1    0.003292                                       net4 (net)
                      0.029101    0.000109    2.389555 v output4/A (sky130_fd_sc_hd__buf_2)
                      0.089985    0.173261    2.562817 v output4/X (sky130_fd_sc_hd__buf_2)
     1    0.034376                                       phase_map_out[1] (net)
                      0.089998    0.000900    2.563716 v phase_map_out[1] (out)
                                              2.563716   data arrival time

                      0.000000   10.000000   10.000000   clock __VIRTUAL_CLK__ (rise edge)
                                  0.000000   10.000000   clock network delay (ideal)
                                 -0.250000    9.750000   clock uncertainty
                                  0.000000    9.750000   clock reconvergence pessimism
                                 -2.000000    7.750000   output external delay
                                              7.750000   data required time
---------------------------------------------------------------------------------------------
                                              7.750000   data required time
                                             -2.563716   data arrival time
---------------------------------------------------------------------------------------------
                                              5.186284   slack (MET)




===========================================================================
report_checks --slack_max -0.01
============================================================================
======================= nom_tt_025C_1v80 Corner ===================================

No paths found.


===========================================================================
 report_check_types -max_slew -max_cap -max_fanout -violators
============================================================================
======================= nom_tt_025C_1v80 Corner ===================================



===========================================================================
report_parasitic_annotation -report_unannotated
============================================================================
Found 10 unannotated drivers.
 detector_in[0]
 detector_in[1]
 _2_/X
 _3_/X
 _4_/X
 _5_/X
 input1/X
 input2/X
 output3/X
 output4/X
Found 0 partially unannotated drivers.

===========================================================================
max slew violation count 0
Writing metric design__max_slew_violation__count__corner:nom_tt_025C_1v80: 0
max fanout violation count 0
Writing metric design__max_fanout_violation__count__corner:nom_tt_025C_1v80: 0
max cap violation count 0
Writing metric design__max_cap_violation__count__corner:nom_tt_025C_1v80: 0
============================================================================

===========================================================================
check_setup -verbose -unconstrained_endpoints -multiple_clock -no_clock -no_input_delay -loops -generated_clocks
===========================================================================
%OL_END_REPORT
%OL_CREATE_REPORT power.rpt

===========================================================================
 report_power
============================================================================
======================= nom_tt_025C_1v80 Corner ===================================

Group                    Internal    Switching      Leakage        Total
                            Power        Power        Power        Power (Watts)
------------------------------------------------------------------------
Sequential           0.000000e+00 0.000000e+00 0.000000e+00 0.000000e+00   0.0%
Combinational        8.814871e-07 1.469988e-06 1.005300e-10 2.351575e-06 100.0%
Macro                0.000000e+00 0.000000e+00 0.000000e+00 0.000000e+00   0.0%
Pad                  0.000000e+00 0.000000e+00 0.000000e+00 0.000000e+00   0.0%
------------------------------------------------------------------------
Total                8.814871e-07 1.469988e-06 1.005300e-10 2.351575e-06 100.0%
                            37.5%        62.5%         0.0%

%OL_END_REPORT
%OL_CREATE_REPORT skew.min.rpt

===========================================================================
Clock Skew (Hold)
============================================================================
Writing metric clock__skew__worst_hold__corner:nom_tt_025C_1v80: 0.000000
======================= nom_tt_025C_1v80 Corner ===================================

Clock __VIRTUAL_CLK__
No launch/capture paths found.

%OL_END_REPORT
%OL_CREATE_REPORT skew.max.rpt

===========================================================================
Clock Skew (Setup)
============================================================================
Writing metric clock__skew__worst_setup__corner:nom_tt_025C_1v80: 0.000000
======================= nom_tt_025C_1v80 Corner ===================================

Clock __VIRTUAL_CLK__
No launch/capture paths found.

%OL_END_REPORT
%OL_CREATE_REPORT ws.min.rpt

===========================================================================
Worst Slack (Hold)
============================================================================
Writing metric timing__hold__ws__corner:nom_tt_025C_1v80: 4.170708
nom_tt_025C_1v80: 4.170708
%OL_END_REPORT
%OL_CREATE_REPORT ws.max.rpt

===========================================================================
Worst Slack (Setup)
============================================================================
Writing metric timing__setup__ws__corner:nom_tt_025C_1v80: 5.186284
nom_tt_025C_1v80: 5.186284
%OL_END_REPORT
%OL_CREATE_REPORT tns.min.rpt

===========================================================================
Total Negative Slack (Hold)
============================================================================
Writing metric timing__hold__tns__corner:nom_tt_025C_1v80: 0.000000
nom_tt_025C_1v80: 0.000000
%OL_END_REPORT
%OL_CREATE_REPORT tns.max.rpt

===========================================================================
Total Negative Slack (Setup)
============================================================================
Writing metric timing__setup__tns__corner:nom_tt_025C_1v80: 0.000000
nom_tt_025C_1v80: 0.000000
%OL_END_REPORT
%OL_CREATE_REPORT wns.min.rpt

===========================================================================
Worst Negative Slack (Hold)
============================================================================
Writing metric timing__hold__wns__corner:nom_tt_025C_1v80: 0
nom_tt_025C_1v80: 0
%OL_END_REPORT
%OL_CREATE_REPORT wns.max.rpt

===========================================================================
Worst Negative Slack (Setup)
============================================================================
Writing metric timing__setup__wns__corner:nom_tt_025C_1v80: 0.0
nom_tt_025C_1v80: 0.0
%OL_END_REPORT
%OL_CREATE_REPORT violator_list.rpt

===========================================================================
Violator List
============================================================================
Writing metric timing__hold_vio__count__corner:nom_tt_025C_1v80: 0
Writing metric timing__hold_r2r_vio__count__corner:nom_tt_025C_1v80: 0
Writing metric timing__setup_vio__count__corner:nom_tt_025C_1v80: 0
Writing metric timing__setup_r2r_vio__count__corner:nom_tt_025C_1v80: 0
%OL_END_REPORT
