Reading OpenROAD database at '/home/daquintero/phd/piel/docs/examples/07_full_flow_demo_electronic_photonic/full_flow_demo/full_flow_demo/runs/RUN_2024-06-20_14-47-46/06-openroad-ioplacement/top.odb'…
Reading library file at '/home/daquintero/.volare/volare/sky130/versions/bdc9412b3e468c102d01b7cf6337be06ec6e9c9a/sky130A/libs.ref/sky130_fd_sc_hd/lib/sky130_fd_sc_hd__tt_025C_1v80.lib'…
Reading design constraints file at '/nix/store/9jb8wsk32ny2yy5ghcaq3y7mbmmavi2c-python3.11-openlane/lib/python3.11/site-packages/openlane/scripts/base.sdc'…
[WARNING STA-0366] port 'None' not found.
[INFO] Using clock None…
[INFO] Setting output delay to: 3
[INFO] Setting input delay to: 3
[WARNING STA-0366] port 'None' not found.
[INFO] Setting load to: 0.033442
[INFO] Setting clock uncertainty to: 0.25
[INFO] Setting clock transition to: 0.1499999999999999944488848768742172978818416595458984375
[WARNING STA-0419] transition time can not be specified for virtual clocks.
[INFO] Setting timing derate to: 5%
[INFO] Setting RC values…
[INFO] Setting signal min routing layer to: met1 and clock min routing layer to met1. 
[INFO] Setting signal max routing layer to: met5 and clock max routing layer to met5. 
{*}-density 0.5 -timing_driven -routability_driven -pad_right 0 -pad_left 0 -init_wirelength_coef 0.25
[INFO GPL-0002] DBU: 1000
[INFO GPL-0003] SiteSize: 460 2720
[INFO GPL-0004] CoreAreaLxLy: 5520 10880
[INFO GPL-0005] CoreAreaUxUy: 44160 38080
[INFO GPL-0006] NumInstances: 42
[INFO GPL-0007] NumPlaceInstances: 10
[INFO GPL-0008] NumFixedInstances: 32
[INFO GPL-0009] NumDummyInstances: 0
[INFO GPL-0010] NumNets: 13
[INFO GPL-0011] NumPins: 37
[INFO GPL-0012] DieAreaLxLy: 0 0
[INFO GPL-0013] DieAreaUxUy: 50000 50000
[INFO GPL-0014] CoreAreaLxLy: 5520 10880
[INFO GPL-0015] CoreAreaUxUy: 44160 38080
[INFO GPL-0016] CoreArea: 1051008000
[INFO GPL-0017] NonPlaceInstsArea: 90086400
[INFO GPL-0018] PlaceInstsArea: 65062400
[INFO GPL-0019] Util(%): 6.77
[INFO GPL-0020] StdInstsArea: 65062400
[INFO GPL-0021] MacroInstsArea: 0
[InitialPlace]  Iter: 1 CG residual: 0.00000009 HPWL: 967720
[InitialPlace]  Iter: 2 CG residual: 0.00000000 HPWL: 207345
[InitialPlace]  Iter: 3 CG residual: 0.00000001 HPWL: 188913
[InitialPlace]  Iter: 4 CG residual: 0.00000000 HPWL: 181218
[InitialPlace]  Iter: 5 CG residual: 0.00000005 HPWL: 179535
[INFO GPL-0031] FillerInit: NumGCells: 81
[INFO GPL-0032] FillerInit: NumGNets: 13
[INFO GPL-0033] FillerInit: NumGPins: 37
[INFO GPL-0023] TargetDensity: 0.50
[INFO GPL-0024] AveragePlaceInstArea: 6506240
[INFO GPL-0025] IdealBinArea: 13012480
[INFO GPL-0026] IdealBinCnt: 80
[INFO GPL-0027] TotalBinArea: 1051008000
[INFO GPL-0028] BinCnt: 8 8
[INFO GPL-0029] BinSize: 4830 3400
[INFO GPL-0030] NumBins: 64
[NesterovSolve] Iter: 1 overflow: 0.150076 HPWL: 197360
[INFO GPL-0100] worst slack 7.94e-09
[INFO GPL-0103] Weighted 0 nets.
[NesterovSolve] Snapshot saved at iter = 0
[INFO GPL-0075] Routability numCall: 1 inflationIterCnt: 1 bloatIterCnt: 0
[INFO GPL-0036] TileLxLy: 0 0
[INFO GPL-0037] TileSize: 6900 6900
[INFO GPL-0038] TileCnt: 7 7
[INFO GPL-0039] numRoutingLayers: 6
[INFO GPL-0040] NumTiles: 49
[INFO GPL-0063] TotalRouteOverflowH2: 0
[INFO GPL-0064] TotalRouteOverflowV2: 0
[INFO GPL-0065] OverflowTileCnt2: 0
[INFO GPL-0066] 0.5%RC: 0.800000011920929
[INFO GPL-0067] 1.0%RC: 0.7249999940395355
[INFO GPL-0068] 2.0%RC: 0.6833333373069763
[INFO GPL-0069] 5.0%RC: 0.6533333539962769
[INFO GPL-0070] 0.5rcK: 1
[INFO GPL-0071] 1.0rcK: 1
[INFO GPL-0072] 2.0rcK: 0
[INFO GPL-0073] 5.0rcK: 0
[INFO GPL-0074] FinalRC: 0.7625
[INFO GPL-0100] worst slack 7.94e-09
[INFO GPL-0103] Weighted 0 nets.
[NesterovSolve] Iter: 10 overflow: 0.14349 HPWL: 197138
[NesterovSolve] Iter: 20 overflow: 0.143478 HPWL: 197113
[NesterovSolve] Iter: 30 overflow: 0.143467 HPWL: 197113
[NesterovSolve] Iter: 40 overflow: 0.14349 HPWL: 197107
[NesterovSolve] Iter: 50 overflow: 0.143478 HPWL: 197089
[NesterovSolve] Iter: 60 overflow: 0.14349 HPWL: 197070
[NesterovSolve] Iter: 70 overflow: 0.143478 HPWL: 197065
[NesterovSolve] Iter: 80 overflow: 0.143478 HPWL: 197115
[NesterovSolve] Iter: 90 overflow: 0.143478 HPWL: 197176
[NesterovSolve] Iter: 100 overflow: 0.143478 HPWL: 197256
[NesterovSolve] Iter: 110 overflow: 0.14349 HPWL: 197347
[NesterovSolve] Iter: 120 overflow: 0.143501 HPWL: 197433
[NesterovSolve] Iter: 130 overflow: 0.143467 HPWL: 197473
[NesterovSolve] Iter: 140 overflow: 0.143456 HPWL: 197450
[NesterovSolve] Iter: 150 overflow: 0.143433 HPWL: 197412
[NesterovSolve] Iter: 160 overflow: 0.143433 HPWL: 197337
[NesterovSolve] Iter: 170 overflow: 0.143377 HPWL: 197380
[NesterovSolve] Iter: 180 overflow: 0.14332 HPWL: 197304
[NesterovSolve] Iter: 190 overflow: 0.143252 HPWL: 197378
[NesterovSolve] Iter: 200 overflow: 0.143094 HPWL: 197389
[NesterovSolve] Iter: 210 overflow: 0.142913 HPWL: 197391
[NesterovSolve] Iter: 220 overflow: 0.142641 HPWL: 197458
[NesterovSolve] Iter: 230 overflow: 0.142313 HPWL: 197615
[NesterovSolve] Iter: 240 overflow: 0.141646 HPWL: 197681
[NesterovSolve] Iter: 250 overflow: 0.140763 HPWL: 197854
[NesterovSolve] Iter: 260 overflow: 0.139621 HPWL: 197927
[NesterovSolve] Iter: 270 overflow: 0.138015 HPWL: 197570
[NesterovSolve] Iter: 280 overflow: 0.13556 HPWL: 197767
[NesterovSolve] Iter: 290 overflow: 0.132542 HPWL: 198011
[NesterovSolve] Iter: 300 overflow: 0.13037 HPWL: 198342
[NesterovSolve] Finished with Overflow: 0.099098
[INFO] Setting RC values…
Setting global connections for newly added cells…
[INFO] Setting global connections...
Writing OpenROAD database to '/home/daquintero/phd/piel/docs/examples/07_full_flow_demo_electronic_photonic/full_flow_demo/full_flow_demo/runs/RUN_2024-06-20_14-47-46/07-openroad-globalplacement/top.odb'…
Writing netlist to '/home/daquintero/phd/piel/docs/examples/07_full_flow_demo_electronic_photonic/full_flow_demo/full_flow_demo/runs/RUN_2024-06-20_14-47-46/07-openroad-globalplacement/top.nl.v'…
Writing powered netlist to '/home/daquintero/phd/piel/docs/examples/07_full_flow_demo_electronic_photonic/full_flow_demo/full_flow_demo/runs/RUN_2024-06-20_14-47-46/07-openroad-globalplacement/top.pnl.v'…
Writing layout to '/home/daquintero/phd/piel/docs/examples/07_full_flow_demo_electronic_photonic/full_flow_demo/full_flow_demo/runs/RUN_2024-06-20_14-47-46/07-openroad-globalplacement/top.def'…
Writing timing constraints to '/home/daquintero/phd/piel/docs/examples/07_full_flow_demo_electronic_photonic/full_flow_demo/full_flow_demo/runs/RUN_2024-06-20_14-47-46/07-openroad-globalplacement/top.sdc'…
