Reading timing models for corner min_tt_025C_1v80…
Reading timing library for the 'min_tt_025C_1v80' corner at '/home/daquintero/.volare/sky130A/libs.ref/sky130_fd_sc_hd/lib/sky130_fd_sc_hd__tt_025C_1v80.lib'…
Reading top-level netlist at '/home/daquintero/piel/docs/examples/designs/amaranth_driven_flow/amaranth_driven_flow/runs/RUN_2023-09-06_14-17-18/38-openroad-fillinsertion/top.nl.v'…
Linking design 'top' from netlist…
Warning: /home/daquintero/piel/docs/examples/designs/amaranth_driven_flow/amaranth_driven_flow/runs/RUN_2023-09-06_14-17-18/38-openroad-fillinsertion/top.nl.v line 48, module sky130_fd_sc_hd__tapvpwrvgnd_1 not found. Creating black box for TAP_26.
Warning: /home/daquintero/piel/docs/examples/designs/amaranth_driven_flow/amaranth_driven_flow/runs/RUN_2023-09-06_14-17-18/38-openroad-fillinsertion/top.nl.v line 63, module sky130_ef_sc_hd__decap_12 not found. Creating black box for FILLER_0_0_6.
Warning: /home/daquintero/piel/docs/examples/designs/amaranth_driven_flow/amaranth_driven_flow/runs/RUN_2023-09-06_14-17-18/38-openroad-fillinsertion/top.nl.v line 66, module sky130_fd_sc_hd__fill_2 not found. Creating black box for FILLER_0_0_26.
Warning: /home/daquintero/piel/docs/examples/designs/amaranth_driven_flow/amaranth_driven_flow/runs/RUN_2023-09-06_14-17-18/38-openroad-fillinsertion/top.nl.v line 77, module sky130_fd_sc_hd__fill_1 not found. Creating black box for FILLER_0_1_47.
Reading design constraints file at '/nix/store/6bashvprv9zy5nqj9cccwzgsz86y8jli-python3.10-openlane/lib/python3.10/site-packages/openlane/scripts/base.sdc'…
Warning: base.sdc line 15, port '__VIRTUAL_CLK__' not found.
[INFO] Using clock __VIRTUAL_CLK__…
[INFO] Setting output delay to: 2
[INFO] Setting input delay to: 2
Warning: base.sdc line 29, port '__VIRTUAL_CLK__' not found.
[INFO] Setting load to: 0.033442
[INFO] Setting clock uncertainty to: 0.25
[INFO] Setting clock transition to: 0.1499999999999999944488848768742172978818416595458984375
Warning: base.sdc line 66, transition time can not be specified for virtual clocks.
[INFO] Setting timing derate to: 5%
Reading top-level design parasitics for the 'min_tt_025C_1v80' corner at '/home/daquintero/piel/docs/examples/designs/amaranth_driven_flow/amaranth_driven_flow/runs/RUN_2023-09-06_14-17-18/39-openroad-rcx/min_/top.min_.spef'…
Warning: corner.tcl line 46, virtual clock __VIRTUAL_CLK__ can not be propagated.
%OL_CREATE_REPORT min.rpt

===========================================================================
report_checks -path_delay min (Hold)
============================================================================
======================= min_tt_025C_1v80 Corner ===================================

Startpoint: detector_in[1] (input port clocked by __VIRTUAL_CLK__)
Endpoint: phase_map_out[0] (output port clocked by __VIRTUAL_CLK__)
Path Group: __VIRTUAL_CLK__
Path Type: min

Fanout         Cap        Slew       Delay        Time   Description
---------------------------------------------------------------------------------------------
                      0.000000    0.000000    0.000000   clock __VIRTUAL_CLK__ (rise edge)
                                  0.000000    0.000000   clock network delay (ideal)
                                  2.000000    2.000000 v input external delay
                      0.007853    0.003847    2.003847 v detector_in[1] (in)
     1    0.002462                                       detector_in[1] (net)
                      0.007853    0.000000    2.003847 v input2/A (sky130_fd_sc_hd__buf_1)
                      0.049958    0.092764    2.096611 v input2/X (sky130_fd_sc_hd__buf_1)
     2    0.007258                                       net2 (net)
                      0.049958    0.000082    2.096693 v _2_/A (sky130_fd_sc_hd__clkbuf_1)
                      0.023612    0.086414    2.183108 v _2_/X (sky130_fd_sc_hd__clkbuf_1)
     1    0.002227                                       _0_ (net)
                      0.023612    0.000010    2.183118 v _3_/A (sky130_fd_sc_hd__clkbuf_1)
                      0.027691    0.079072    2.262190 v _3_/X (sky130_fd_sc_hd__clkbuf_1)
     1    0.003014                                       net3 (net)
                      0.027691    0.000033    2.262223 v output3/A (sky130_fd_sc_hd__clkbuf_4)
                      0.080433    0.175640    2.437863 v output3/X (sky130_fd_sc_hd__clkbuf_4)
     1    0.034683                                       phase_map_out[0] (net)
                      0.080437    0.000464    2.438328 v phase_map_out[0] (out)
                                              2.438328   data arrival time

                      0.000000    0.000000    0.000000   clock __VIRTUAL_CLK__ (rise edge)
                                  0.000000    0.000000   clock network delay (ideal)
                                  0.250000    0.250000   clock uncertainty
                                  0.000000    0.250000   clock reconvergence pessimism
                                 -2.000000   -1.750000   output external delay
                                             -1.750000   data required time
---------------------------------------------------------------------------------------------
                                             -1.750000   data required time
                                             -2.438328   data arrival time
---------------------------------------------------------------------------------------------
                                              4.188328   slack (MET)


Startpoint: detector_in[0] (input port clocked by __VIRTUAL_CLK__)
Endpoint: phase_map_out[1] (output port clocked by __VIRTUAL_CLK__)
Path Group: __VIRTUAL_CLK__
Path Type: min

Fanout         Cap        Slew       Delay        Time   Description
---------------------------------------------------------------------------------------------
                      0.000000    0.000000    0.000000   clock __VIRTUAL_CLK__ (rise edge)
                                  0.000000    0.000000   clock network delay (ideal)
                                  2.000000    2.000000 ^ input external delay
                      0.022892    0.012858    2.012858 ^ detector_in[0] (in)
     1    0.003528                                       detector_in[0] (net)
                      0.022892    0.000000    2.012858 ^ input1/A (sky130_fd_sc_hd__clkbuf_1)
                      0.044084    0.072938    2.085797 ^ input1/X (sky130_fd_sc_hd__clkbuf_1)
     1    0.002803                                       net1 (net)
                      0.044084    0.000031    2.085828 ^ _4_/A (sky130_fd_sc_hd__or2_1)
                      0.037051    0.086318    2.172145 ^ _4_/X (sky130_fd_sc_hd__or2_1)
     1    0.002337                                       _1_ (net)
                      0.037051    0.000010    2.172155 ^ _5_/A (sky130_fd_sc_hd__clkbuf_1)
                      0.045404    0.078827    2.250982 ^ _5_/X (sky130_fd_sc_hd__clkbuf_1)
     1    0.002925                                       net4 (net)
                      0.045404    0.000034    2.251016 ^ output4/A (sky130_fd_sc_hd__buf_2)
                      0.169119    0.197682    2.448699 ^ output4/X (sky130_fd_sc_hd__buf_2)
     1    0.034043                                       phase_map_out[1] (net)
                      0.169120    0.000223    2.448922 ^ phase_map_out[1] (out)
                                              2.448922   data arrival time

                      0.000000    0.000000    0.000000   clock __VIRTUAL_CLK__ (rise edge)
                                  0.000000    0.000000   clock network delay (ideal)
                                  0.250000    0.250000   clock uncertainty
                                  0.000000    0.250000   clock reconvergence pessimism
                                 -2.000000   -1.750000   output external delay
                                             -1.750000   data required time
---------------------------------------------------------------------------------------------
                                             -1.750000   data required time
                                             -2.448922   data arrival time
---------------------------------------------------------------------------------------------
                                              4.198921   slack (MET)



%OL_END_REPORT
%OL_CREATE_REPORT max.rpt

===========================================================================
report_checks -path_delay max (Setup)
============================================================================
======================= min_tt_025C_1v80 Corner ===================================

Startpoint: detector_in[1] (input port clocked by __VIRTUAL_CLK__)
Endpoint: phase_map_out[1] (output port clocked by __VIRTUAL_CLK__)
Path Group: __VIRTUAL_CLK__
Path Type: max

Fanout         Cap        Slew       Delay        Time   Description
---------------------------------------------------------------------------------------------
                      0.000000    0.000000    0.000000   clock __VIRTUAL_CLK__ (rise edge)
                                  0.000000    0.000000   clock network delay (ideal)
                                  2.000000    2.000000 v input external delay
                      0.007853    0.003847    2.003847 v detector_in[1] (in)
     1    0.002462                                       detector_in[1] (net)
                      0.007853    0.000000    2.003847 v input2/A (sky130_fd_sc_hd__buf_1)
                      0.049958    0.092764    2.096611 v input2/X (sky130_fd_sc_hd__buf_1)
     2    0.007258                                       net2 (net)
                      0.049958    0.000133    2.096744 v _4_/B (sky130_fd_sc_hd__or2_1)
                      0.045420    0.197733    2.294478 v _4_/X (sky130_fd_sc_hd__or2_1)
     1    0.002161                                       _1_ (net)
                      0.045420    0.000009    2.294487 v _5_/A (sky130_fd_sc_hd__clkbuf_1)
                      0.026397    0.087366    2.381853 v _5_/X (sky130_fd_sc_hd__clkbuf_1)
     1    0.002765                                       net4 (net)
                      0.026397    0.000032    2.381885 v output4/A (sky130_fd_sc_hd__buf_2)
                      0.088983    0.172014    2.553899 v output4/X (sky130_fd_sc_hd__buf_2)
     1    0.034043                                       phase_map_out[1] (net)
                      0.088984    0.000223    2.554121 v phase_map_out[1] (out)
                                              2.554121   data arrival time

                      0.000000   10.000000   10.000000   clock __VIRTUAL_CLK__ (rise edge)
                                  0.000000   10.000000   clock network delay (ideal)
                                 -0.250000    9.750000   clock uncertainty
                                  0.000000    9.750000   clock reconvergence pessimism
                                 -2.000000    7.750000   output external delay
                                              7.750000   data required time
---------------------------------------------------------------------------------------------
                                              7.750000   data required time
                                             -2.554121   data arrival time
---------------------------------------------------------------------------------------------
                                              5.195879   slack (MET)


Startpoint: detector_in[1] (input port clocked by __VIRTUAL_CLK__)
Endpoint: phase_map_out[0] (output port clocked by __VIRTUAL_CLK__)
Path Group: __VIRTUAL_CLK__
Path Type: max

Fanout         Cap        Slew       Delay        Time   Description
---------------------------------------------------------------------------------------------
                      0.000000    0.000000    0.000000   clock __VIRTUAL_CLK__ (rise edge)
                                  0.000000    0.000000   clock network delay (ideal)
                                  2.000000    2.000000 ^ input external delay
                      0.019042    0.009730    2.009730 ^ detector_in[1] (in)
     1    0.002638                                       detector_in[1] (net)
                      0.019042    0.000000    2.009730 ^ input2/A (sky130_fd_sc_hd__buf_1)
                      0.097608    0.109928    2.119658 ^ input2/X (sky130_fd_sc_hd__buf_1)
     2    0.007609                                       net2 (net)
                      0.097608    0.000087    2.119745 ^ _2_/A (sky130_fd_sc_hd__clkbuf_1)
                      0.041825    0.091791    2.211536 ^ _2_/X (sky130_fd_sc_hd__clkbuf_1)
     1    0.002403                                       _0_ (net)
                      0.041825    0.000011    2.211547 ^ _3_/A (sky130_fd_sc_hd__clkbuf_1)
                      0.049018    0.083190    2.294737 ^ _3_/X (sky130_fd_sc_hd__clkbuf_1)
     1    0.003258                                       net3 (net)
                      0.049018    0.000036    2.294774 ^ output3/A (sky130_fd_sc_hd__clkbuf_4)
                      0.113547    0.186983    2.481757 ^ output3/X (sky130_fd_sc_hd__clkbuf_4)
     1    0.034683                                       phase_map_out[0] (net)
                      0.113549    0.000464    2.482221 ^ phase_map_out[0] (out)
                                              2.482221   data arrival time

                      0.000000   10.000000   10.000000   clock __VIRTUAL_CLK__ (rise edge)
                                  0.000000   10.000000   clock network delay (ideal)
                                 -0.250000    9.750000   clock uncertainty
                                  0.000000    9.750000   clock reconvergence pessimism
                                 -2.000000    7.750000   output external delay
                                              7.750000   data required time
---------------------------------------------------------------------------------------------
                                              7.750000   data required time
                                             -2.482221   data arrival time
---------------------------------------------------------------------------------------------
                                              5.267778   slack (MET)



%OL_END_REPORT
%OL_CREATE_REPORT checks.rpt

===========================================================================
report_checks -unconstrained
===========================================================================
======================= min_tt_025C_1v80 Corner ===================================

Startpoint: detector_in[1] (input port clocked by __VIRTUAL_CLK__)
Endpoint: phase_map_out[1] (output port clocked by __VIRTUAL_CLK__)
Path Group: __VIRTUAL_CLK__
Path Type: max

Fanout         Cap        Slew       Delay        Time   Description
---------------------------------------------------------------------------------------------
                      0.000000    0.000000    0.000000   clock __VIRTUAL_CLK__ (rise edge)
                                  0.000000    0.000000   clock network delay (ideal)
                                  2.000000    2.000000 v input external delay
                      0.007853    0.003847    2.003847 v detector_in[1] (in)
     1    0.002462                                       detector_in[1] (net)
                      0.007853    0.000000    2.003847 v input2/A (sky130_fd_sc_hd__buf_1)
                      0.049958    0.092764    2.096611 v input2/X (sky130_fd_sc_hd__buf_1)
     2    0.007258                                       net2 (net)
                      0.049958    0.000133    2.096744 v _4_/B (sky130_fd_sc_hd__or2_1)
                      0.045420    0.197733    2.294478 v _4_/X (sky130_fd_sc_hd__or2_1)
     1    0.002161                                       _1_ (net)
                      0.045420    0.000009    2.294487 v _5_/A (sky130_fd_sc_hd__clkbuf_1)
                      0.026397    0.087366    2.381853 v _5_/X (sky130_fd_sc_hd__clkbuf_1)
     1    0.002765                                       net4 (net)
                      0.026397    0.000032    2.381885 v output4/A (sky130_fd_sc_hd__buf_2)
                      0.088983    0.172014    2.553899 v output4/X (sky130_fd_sc_hd__buf_2)
     1    0.034043                                       phase_map_out[1] (net)
                      0.088984    0.000223    2.554121 v phase_map_out[1] (out)
                                              2.554121   data arrival time

                      0.000000   10.000000   10.000000   clock __VIRTUAL_CLK__ (rise edge)
                                  0.000000   10.000000   clock network delay (ideal)
                                 -0.250000    9.750000   clock uncertainty
                                  0.000000    9.750000   clock reconvergence pessimism
                                 -2.000000    7.750000   output external delay
                                              7.750000   data required time
---------------------------------------------------------------------------------------------
                                              7.750000   data required time
                                             -2.554121   data arrival time
---------------------------------------------------------------------------------------------
                                              5.195879   slack (MET)




===========================================================================
report_checks --slack_max -0.01
============================================================================
======================= min_tt_025C_1v80 Corner ===================================

No paths found.


===========================================================================
 report_check_types -max_slew -max_cap -max_fanout -violators
============================================================================
======================= min_tt_025C_1v80 Corner ===================================



===========================================================================
report_parasitic_annotation -report_unannotated
============================================================================
Found 0 unannotated drivers.
Found 0 partially unannotated drivers.

===========================================================================
max slew violation count 0
%OL_METRIC_I design__max_slew_violation__count__corner:min_tt_025C_1v80 0
max fanout violation count 0
%OL_METRIC_I design__max_fanout_violation__count__corner:min_tt_025C_1v80 0
max cap violation count 0
%OL_METRIC_I design__max_cap_violation__count__corner:min_tt_025C_1v80 0
============================================================================

===========================================================================
check_setup -verbose -unconstrained_endpoints -multiple_clock -no_clock -no_input_delay -loops -generated_clocks
===========================================================================
%OL_END_REPORT
%OL_CREATE_REPORT power.rpt

===========================================================================
 report_power
============================================================================
======================= min_tt_025C_1v80 Corner ===================================

Group                    Internal    Switching      Leakage        Total
                            Power        Power        Power        Power (Watts)
------------------------------------------------------------------------
Sequential           0.000000e+00 0.000000e+00 0.000000e+00 0.000000e+00   0.0%
Combinational        8.798255e-07 1.458975e-06 1.523709e-10 2.338953e-06 100.0%
Macro                0.000000e+00 0.000000e+00 0.000000e+00 0.000000e+00   0.0%
Pad                  0.000000e+00 0.000000e+00 0.000000e+00 0.000000e+00   0.0%
------------------------------------------------------------------------
Total                8.798255e-07 1.458975e-06 1.523709e-10 2.338953e-06 100.0%
                            37.6%        62.4%         0.0%

%OL_END_REPORT
%OL_CREATE_REPORT skew.min.rpt

===========================================================================
Clock Skew (Hold)
============================================================================
%OL_METRIC_F clock__skew__worst_hold__corner:min_tt_025C_1v80 0.000000
======================= min_tt_025C_1v80 Corner ===================================

Clock __VIRTUAL_CLK__
No launch/capture paths found.

%OL_END_REPORT
%OL_CREATE_REPORT skew.max.rpt

===========================================================================
Clock Skew (Setup)
============================================================================
%OL_METRIC_F clock__skew__worst_setup__corner:min_tt_025C_1v80 0.000000
======================= min_tt_025C_1v80 Corner ===================================

Clock __VIRTUAL_CLK__
No launch/capture paths found.

%OL_END_REPORT
%OL_CREATE_REPORT ws.min.rpt

===========================================================================
Worst Slack (Hold)
============================================================================
%OL_METRIC_F timing__hold__ws__corner:min_tt_025C_1v80 4.188328
min_tt_025C_1v80: 4.188328
%OL_END_REPORT
%OL_CREATE_REPORT ws.max.rpt

===========================================================================
Worst Slack (Setup)
============================================================================
%OL_METRIC_F timing__setup__ws__corner:min_tt_025C_1v80 5.195879
min_tt_025C_1v80: 5.195879
%OL_END_REPORT
%OL_CREATE_REPORT tns.min.rpt

===========================================================================
Total Negative Slack (Hold)
============================================================================
%OL_METRIC_F timing__hold__tns__corner:min_tt_025C_1v80 0.000000
min_tt_025C_1v80: 0.000000
%OL_END_REPORT
%OL_CREATE_REPORT tns.max.rpt

===========================================================================
Total Negative Slack (Setup)
============================================================================
%OL_METRIC_F timing__setup__tns__corner:min_tt_025C_1v80 0.000000
min_tt_025C_1v80: 0.000000
%OL_END_REPORT
%OL_CREATE_REPORT wns.min.rpt

===========================================================================
Worst Negative Slack (Hold)
============================================================================
%OL_METRIC_F timing__hold__wns__corner:min_tt_025C_1v80 0
min_tt_025C_1v80: 0
%OL_END_REPORT
%OL_CREATE_REPORT wns.max.rpt

===========================================================================
Worst Negative Slack (Setup)
============================================================================
%OL_METRIC_F timing__setup__wns__corner:min_tt_025C_1v80 0.0
min_tt_025C_1v80: 0.0
%OL_END_REPORT
%OL_CREATE_REPORT violator_list.rpt

===========================================================================
Violator List
============================================================================
%OL_METRIC_I timing__hold_vio__count__corner:min_tt_025C_1v80 0
%OL_METRIC_I timing__hold_r2r_vio__count__corner:min_tt_025C_1v80 0
%OL_METRIC_I timing__setup_vio__count__corner:min_tt_025C_1v80 0
%OL_METRIC_I timing__setup_r2r_vio__count__corner:min_tt_025C_1v80 0
%OL_END_REPORT
Writing SDF files for all corners…
Writing timing models for all corners…
Writing timing models for the min_tt_025C_1v80 corner to /home/daquintero/piel/docs/examples/designs/amaranth_driven_flow/amaranth_driven_flow/runs/RUN_2023-09-06_14-17-18/40-openroad-stapostpnr/min_tt_025C_1v80/top__min_tt_025C_1v80.lib…
